#
# There is insufficient memory for the Java Runtime Environment to continue.
# Native memory allocation (mmap) failed to map 12582912 bytes for G1 virtual space
# Possible reasons:
#   The system is out of physical RAM or swap space
#   The process is running with CompressedOops enabled, and the Java Heap may be blocking the growth of the native heap
# Possible solutions:
#   Reduce memory load on the system
#   Increase physical memory or swap space
#   Check if swap backing store is full
#   Decrease Java heap size (-Xmx/-Xms)
#   Decrease number of Java threads
#   Decrease Java thread stack sizes (-Xss)
#   Set larger code cache with -XX:ReservedCodeCacheSize=
#   JVM is running with Unscaled Compressed Oops mode in which the Java heap is
#     placed in the first 4GB address space. The Java Heap base address is the
#     maximum limit for the native heap growth. Please use -XX:HeapBaseMinAddress
#     to set the Java Heap base and to place the Java Heap above 4GB virtual address.
# This output file may be truncated or incomplete.
#
#  Out of Memory Error (os_windows.cpp:3541), pid=1800, tid=3528
#
# JRE version: OpenJDK Runtime Environment Temurin-17.0.4.1+1 (17.0.4.1+1) (build 17.0.4.1+1)
# Java VM: OpenJDK 64-Bit Server VM Temurin-17.0.4.1+1 (17.0.4.1+1, mixed mode, emulated-client, tiered, compressed oops, compressed class ptrs, g1 gc, windows-amd64)
# No core dump will be written. Minidumps are not enabled by default on client versions of Windows
#

---------------  S U M M A R Y ------------

Command Line: -Dsts.lsp.client=vscode -Dsts.log.file=/dev/null -XX:TieredStopAtLevel=1 -Xlog:jni+resolve=off -Dspring.config.location=file:c:\Users\00787701\.vscode\extensions\pivotal.vscode-spring-boot-1.39.0\language-server\BOOT-INF\classes\application.properties -agentpath:C:\Program Files\Palo Alto Networks\Traps\cyjagent.dll org.springframework.ide.vscode.boot.app.BootLanguageServerBootApp

Host: 11th Gen Intel(R) Core(TM) i5-1135G7 @ 2.40GHz, 8 cores, 7G,  Windows 10 , 64 bit Build 19041 (10.0.19041.1889)
Time: Tue Oct 18 23:53:54 2022 Hora oficial do Brasil elapsed time: 2.177347 seconds (0d 0h 0m 2s)

---------------  T H R E A D  ---------------

Current thread (0x000001a1db855550):  VMThread "VM Thread" [stack: 0x00000039ea700000,0x00000039ea800000] [id=3528]

Stack: [0x00000039ea700000,0x00000039ea800000]
Native frames: (J=compiled Java code, j=interpreted, Vv=VM code, C=native code)
V  [jvm.dll+0x67731a]
V  [jvm.dll+0x832284]
V  [jvm.dll+0x833a2e]
V  [jvm.dll+0x834093]
V  [jvm.dll+0x245775]
V  [jvm.dll+0x674209]
V  [jvm.dll+0x668a92]
V  [jvm.dll+0x30471b]
V  [jvm.dll+0x30bc66]
V  [jvm.dll+0x35ba9e]
V  [jvm.dll+0x35bccf]
V  [jvm.dll+0x2db5b8]
V  [jvm.dll+0x2d986c]
V  [jvm.dll+0x2d8e3c]
V  [jvm.dll+0x31cd9b]
V  [jvm.dll+0x83853b]
V  [jvm.dll+0x839274]
V  [jvm.dll+0x83978c]
V  [jvm.dll+0x839b64]
V  [jvm.dll+0x839c30]
V  [jvm.dll+0x7e240a]
V  [jvm.dll+0x6761a5]
C  [ucrtbase.dll+0x21bb2]
C  [cyinjct.dll+0x11e7]
C  [KERNEL32.DLL+0x17034]
C  [ntdll.dll+0x526a1]

VM_Operation (0x00000039ec0fe0a0): G1CollectForAllocation, mode: safepoint, requested by thread 0x000001a1de1a9000


---------------  P R O C E S S  ---------------

Threads class SMR info:
_java_thread_list=0x000001a1e02c8980, length=40, elements={
0x000001a1dc414790, 0x000001a1dc415870, 0x000001a1dc43c0a0, 0x000001a1dc43c960,
0x000001a1dc43f840, 0x000001a1dc44ad40, 0x000001a1dc44fe30, 0x000001a1dc459860,
0x000001a1dc64af30, 0x000001a1dc651870, 0x000001a1dc663010, 0x000001a1dde424c0,
0x000001a1ddeb6860, 0x000001a1de026430, 0x000001a1de11fb30, 0x000001a1de1a9000,
0x000001a1de1a9ce0, 0x000001a1de1b3000, 0x000001a1de1b34d0, 0x000001a1de1b39a0,
0x000001a1de1baef0, 0x000001a1de1ba550, 0x000001a1de1b96e0, 0x000001a1de1baa20,
0x000001a1de1bb890, 0x000001a1de1b9210, 0x000001a1de1b9bb0, 0x000001a1de1b83a0,
0x000001a1de1b8d40, 0x000001a1de1bb3c0, 0x000001a1de1b7ed0, 0x000001a1de1b8870,
0x000001a1de1ba080, 0x000001a1e02a0b00, 0x000001a1e02a74e0, 0x000001a1e02a0fd0,
0x000001a1e02a4990, 0x000001a1e02a3b20, 0x000001a1e02a61a0, 0x000001a1e02a5cd0
}

Java Threads: ( => current thread )
  0x000001a1dc414790 JavaThread "Reference Handler" daemon [_thread_blocked, id=5288, stack(0x00000039ea800000,0x00000039ea900000)]
  0x000001a1dc415870 JavaThread "Finalizer" daemon [_thread_blocked, id=17700, stack(0x00000039ea900000,0x00000039eaa00000)]
  0x000001a1dc43c0a0 JavaThread "Signal Dispatcher" daemon [_thread_blocked, id=328, stack(0x00000039eaa00000,0x00000039eab00000)]
  0x000001a1dc43c960 JavaThread "Attach Listener" daemon [_thread_blocked, id=5516, stack(0x00000039eab00000,0x00000039eac00000)]
  0x000001a1dc43f840 JavaThread "Service Thread" daemon [_thread_blocked, id=256, stack(0x00000039eac00000,0x00000039ead00000)]
  0x000001a1dc44ad40 JavaThread "Monitor Deflation Thread" daemon [_thread_blocked, id=12180, stack(0x00000039ead00000,0x00000039eae00000)]
  0x000001a1dc44fe30 JavaThread "C1 CompilerThread0" daemon [_thread_blocked, id=12572, stack(0x00000039eae00000,0x00000039eaf00000)]
  0x000001a1dc459860 JavaThread "Sweeper thread" daemon [_thread_blocked, id=5080, stack(0x00000039eaf00000,0x00000039eb000000)]
  0x000001a1dc64af30 JavaThread "C1 CompilerThread1" daemon [_thread_blocked, id=11964, stack(0x00000039eb000000,0x00000039eb100000)]
  0x000001a1dc651870 JavaThread "Notification Thread" daemon [_thread_blocked, id=4544, stack(0x00000039eb100000,0x00000039eb200000)]
  0x000001a1dc663010 JavaThread "Common-Cleaner" daemon [_thread_blocked, id=11296, stack(0x00000039eb300000,0x00000039eb400000)]
  0x000001a1dde424c0 JavaThread "boundedElastic-evictor-1" daemon [_thread_blocked, id=16284, stack(0x00000039eb900000,0x00000039eba00000)]
  0x000001a1ddeb6860 JavaThread "C1 CompilerThread2" daemon [_thread_blocked, id=17132, stack(0x00000039ebd00000,0x00000039ebe00000)]
  0x000001a1de026430 JavaThread "ForkJoinPool.commonPool-worker-1" daemon [_thread_blocked, id=13488, stack(0x00000039ebe00000,0x00000039ebf00000)]
  0x000001a1de11fb30 JavaThread "ClassGraph-worker-0" daemon [_thread_blocked, id=11184, stack(0x00000039ebf00000,0x00000039ec000000)]
  0x000001a1de1a9000 JavaThread "ClassGraph-worker-1" daemon [_thread_blocked, id=17856, stack(0x00000039ec000000,0x00000039ec100000)]
  0x000001a1de1a9ce0 JavaThread "ClassGraph-worker-2" daemon [_thread_blocked, id=13872, stack(0x00000039ec100000,0x00000039ec200000)]
  0x000001a1de1b3000 JavaThread "ClassGraph-worker-3" daemon [_thread_blocked, id=11228, stack(0x00000039ec200000,0x00000039ec300000)]
  0x000001a1de1b34d0 JavaThread "ClassGraph-worker-4" daemon [_thread_blocked, id=14452, stack(0x00000039ec300000,0x00000039ec400000)]
  0x000001a1de1b39a0 JavaThread "ClassGraph-worker-5" daemon [_thread_blocked, id=18008, stack(0x00000039ec400000,0x00000039ec500000)]
  0x000001a1de1baef0 JavaThread "ClassGraph-worker-6" daemon [_thread_blocked, id=11916, stack(0x00000039ec500000,0x00000039ec600000)]
  0x000001a1de1ba550 JavaThread "ClassGraph-worker-7" daemon [_thread_blocked, id=1848, stack(0x00000039ec600000,0x00000039ec700000)]
  0x000001a1de1b96e0 JavaThread "ClassGraph-worker-8" daemon [_thread_blocked, id=9552, stack(0x00000039ec700000,0x00000039ec800000)]
  0x000001a1de1baa20 JavaThread "ClassGraph-worker-9" daemon [_thread_blocked, id=18220, stack(0x00000039ec800000,0x00000039ec900000)]
  0x000001a1de1bb890 JavaThread "ClassGraph-worker-10" daemon [_thread_blocked, id=16456, stack(0x00000039ec900000,0x00000039eca00000)]
  0x000001a1de1b9210 JavaThread "ClassGraph-worker-11" daemon [_thread_blocked, id=14880, stack(0x00000039eca00000,0x00000039ecb00000)]
  0x000001a1de1b9bb0 JavaThread "ClassGraph-worker-12" daemon [_thread_blocked, id=17508, stack(0x00000039ecb00000,0x00000039ecc00000)]
  0x000001a1de1b83a0 JavaThread "pool-9-thread-1" [_thread_blocked, id=10152, stack(0x00000039ecc00000,0x00000039ecd00000)]
  0x000001a1de1b8d40 JavaThread "ClassGraph-worker-13" daemon [_thread_blocked, id=5536, stack(0x00000039ecd00000,0x00000039ece00000)]
  0x000001a1de1bb3c0 JavaThread "LanguageServerApp-lifecycle" [_thread_blocked, id=8728, stack(0x00000039ece00000,0x00000039ecf00000)]
  0x000001a1de1b7ed0 JavaThread "DestroyJavaVM" [_thread_blocked, id=7564, stack(0x00000039ea100000,0x00000039ea200000)]
  0x000001a1de1b8870 JavaThread "pool-10-thread-1" [_thread_blocked, id=15624, stack(0x00000039ed000000,0x00000039ed100000)]
  0x000001a1de1ba080 JavaThread "Simple-Language-Server main thread" daemon [_thread_blocked, id=10520, stack(0x00000039ed100000,0x00000039ed200000)]
  0x000001a1e02a0b00 JavaThread "pool-7-thread-1" [_thread_blocked, id=16676, stack(0x00000039ed200000,0x00000039ed300000)]
  0x000001a1e02a74e0 JavaThread "parallel-1" daemon [_thread_blocked, id=5644, stack(0x00000039ed300000,0x00000039ed400000)]
  0x000001a1e02a0fd0 JavaThread "parallel-2" daemon [_thread_blocked, id=4144, stack(0x00000039ed400000,0x00000039ed500000)]
  0x000001a1e02a4990 JavaThread "parallel-3" daemon [_thread_blocked, id=17964, stack(0x00000039ed500000,0x00000039ed600000)]
  0x000001a1e02a3b20 JavaThread "parallel-4" daemon [_thread_blocked, id=624, stack(0x00000039ed600000,0x00000039ed700000)]
  0x000001a1e02a61a0 JavaThread "parallel-5" daemon [_thread_blocked, id=14500, stack(0x00000039ed700000,0x00000039ed800000)]
  0x000001a1e02a5cd0 JavaThread "parallel-6" daemon [_thread_blocked, id=18252, stack(0x00000039ed800000,0x00000039ed900000)]

Other Threads:
=>0x000001a1db855550 VMThread "VM Thread" [stack: 0x00000039ea700000,0x00000039ea800000] [id=3528]
  0x000001a1ce53a1a0 WatcherThread [stack: 0x00000039eb200000,0x00000039eb300000] [id=15284]
  0x000001a1ce50fea0 GCTaskThread "GC Thread#0" [stack: 0x00000039ea200000,0x00000039ea300000] [id=14688]
  0x000001a1dcf346a0 GCTaskThread "GC Thread#1" [stack: 0x00000039eb400000,0x00000039eb500000] [id=16680]
  0x000001a1dcff1b80 GCTaskThread "GC Thread#2" [stack: 0x00000039eb500000,0x00000039eb600000] [id=12200]
  0x000001a1dcfe4070 GCTaskThread "GC Thread#3" [stack: 0x00000039eb600000,0x00000039eb700000] [id=11052]
  0x000001a1dcffc510 GCTaskThread "GC Thread#4" [stack: 0x00000039eb700000,0x00000039eb800000] [id=1052]
  0x000001a1dcffc7c0 GCTaskThread "GC Thread#5" [stack: 0x00000039eb800000,0x00000039eb900000] [id=10864]
  0x000001a1dda4c230 GCTaskThread "GC Thread#6" [stack: 0x00000039eba00000,0x00000039ebb00000] [id=6488]
  0x000001a1dda4c4e0 GCTaskThread "GC Thread#7" [stack: 0x00000039ebb00000,0x00000039ebc00000] [id=17912]
  0x000001a1ce5204f0 ConcurrentGCThread "G1 Main Marker" [stack: 0x00000039ea300000,0x00000039ea400000] [id=2760]
  0x000001a1ce522990 ConcurrentGCThread "G1 Conc#0" [stack: 0x00000039ea400000,0x00000039ea500000] [id=15120]
  0x000001a1ddbed940 ConcurrentGCThread "G1 Conc#1" [stack: 0x00000039ebc00000,0x00000039ebd00000] [id=2536]
  0x000001a1ce55e470 ConcurrentGCThread "G1 Refine#0" [stack: 0x00000039ea500000,0x00000039ea600000] [id=2712]
  0x000001a1de2bbe60 ConcurrentGCThread "G1 Refine#1" [stack: 0x00000039ecf00000,0x00000039ed000000] [id=18000]
  0x000001a1db6b2110 ConcurrentGCThread "G1 Service" [stack: 0x00000039ea600000,0x00000039ea700000] [id=17564]

Threads with active compile tasks:

VM state: at safepoint (normal execution)

VM Mutex/Monitor currently owned by a thread:  ([mutex/lock_event])
[0x000001a1cbecf380] Threads_lock - owner thread: 0x000001a1db855550
[0x000001a1ce4b4240] Heap_lock - owner thread: 0x000001a1de1a9000

Heap address: 0x0000000084000000, size: 1984 MB, Compressed Oops mode: 32-bit

CDS archive(s) not mapped
Compressed class space mapped at: 0x0000000100000000-0x0000000140000000, reserved size: 1073741824
Narrow klass base: 0x0000000000000000, Narrow klass shift: 3, Narrow klass range: 0x140000000

GC Precious Log:
 CPUs: 8 total, 8 available
 Memory: 7934M
 Large Page Support: Disabled
 NUMA Support: Disabled
 Compressed Oops: Enabled (32-bit)
 Heap Region Size: 1M
 Heap Min Capacity: 8M
 Heap Initial Capacity: 124M
 Heap Max Capacity: 1984M
 Pre-touch: Disabled
 Parallel Workers: 8
 Concurrent Workers: 2
 Concurrent Refinement Workers: 8
 Periodic GC: Disabled

Heap:
 garbage-first heap   total 126976K, used 44032K [0x0000000084000000, 0x0000000100000000)
  region size 1024K, 5 young (5120K), 5 survivors (5120K)
 Metaspace       used 35360K, committed 35712K, reserved 1081344K
  class space    used 4545K, committed 4736K, reserved 1048576K

Heap Regions: E=young(eden), S=young(survivor), O=old, HS=humongous(starts), HC=humongous(continues), CS=collection set, F=free, OA=open archive, CA=closed archive, TAMS=top-at-mark-start (previous, next)
|   0|0x0000000084000000, 0x0000000084100000, 0x0000000084100000|100%| O|  |TAMS 0x0000000084100000, 0x0000000084000000| Untracked 
|   1|0x0000000084100000, 0x0000000084200000, 0x0000000084200000|100%| O|  |TAMS 0x0000000084200000, 0x0000000084100000| Untracked 
|   2|0x0000000084200000, 0x0000000084300000, 0x0000000084300000|100%| O|  |TAMS 0x0000000084300000, 0x0000000084200000| Untracked 
|   3|0x0000000084300000, 0x0000000084400000, 0x0000000084400000|100%| O|  |TAMS 0x0000000084400000, 0x0000000084300000| Untracked 
|   4|0x0000000084400000, 0x0000000084500000, 0x0000000084500000|100%| O|  |TAMS 0x0000000084500000, 0x0000000084400000| Untracked 
|   5|0x0000000084500000, 0x0000000084600000, 0x0000000084600000|100%| O|  |TAMS 0x0000000084600000, 0x0000000084500000| Untracked 
|   6|0x0000000084600000, 0x0000000084700000, 0x0000000084700000|100%| O|  |TAMS 0x0000000084700000, 0x0000000084600000| Untracked 
|   7|0x0000000084700000, 0x0000000084800000, 0x0000000084800000|100%| O|  |TAMS 0x0000000084700000, 0x0000000084700000| Untracked 
|   8|0x0000000084800000, 0x0000000084900000, 0x0000000084900000|100%| O|  |TAMS 0x0000000084800000, 0x0000000084800000| Untracked 
|   9|0x0000000084900000, 0x0000000084a00000, 0x0000000084a00000|100%| O|  |TAMS 0x0000000084900000, 0x0000000084900000| Untracked 
|  10|0x0000000084a00000, 0x0000000084b00000, 0x0000000084b00000|100%| O|  |TAMS 0x0000000084a00000, 0x0000000084a00000| Untracked 
|  11|0x0000000084b00000, 0x0000000084c00000, 0x0000000084c00000|100%| O|  |TAMS 0x0000000084b00000, 0x0000000084b00000| Untracked 
|  12|0x0000000084c00000, 0x0000000084d00000, 0x0000000084d00000|100%| O|  |TAMS 0x0000000084c00000, 0x0000000084c00000| Untracked 
|  13|0x0000000084d00000, 0x0000000084e00000, 0x0000000084e00000|100%| O|  |TAMS 0x0000000084d00000, 0x0000000084d00000| Untracked 
|  14|0x0000000084e00000, 0x0000000084f00000, 0x0000000084f00000|100%| O|  |TAMS 0x0000000084e00000, 0x0000000084e00000| Untracked 
|  15|0x0000000084f00000, 0x0000000085000000, 0x0000000085000000|100%| O|  |TAMS 0x0000000084f00000, 0x0000000084f00000| Untracked 
|  16|0x0000000085000000, 0x0000000085100000, 0x0000000085100000|100%| O|  |TAMS 0x0000000085000000, 0x0000000085000000| Untracked 
|  17|0x0000000085100000, 0x0000000085200000, 0x0000000085200000|100%| O|  |TAMS 0x0000000085100000, 0x0000000085100000| Untracked 
|  18|0x0000000085200000, 0x0000000085300000, 0x0000000085300000|100%| O|  |TAMS 0x0000000085200000, 0x0000000085200000| Untracked 
|  19|0x0000000085300000, 0x0000000085400000, 0x0000000085400000|100%| O|  |TAMS 0x0000000085300000, 0x0000000085300000| Untracked 
|  20|0x0000000085400000, 0x0000000085500000, 0x0000000085500000|100%| O|  |TAMS 0x0000000085400000, 0x0000000085400000| Untracked 
|  21|0x0000000085500000, 0x0000000085600000, 0x0000000085600000|100%| O|  |TAMS 0x0000000085500000, 0x0000000085500000| Untracked 
|  22|0x0000000085600000, 0x0000000085700000, 0x0000000085700000|100%| O|  |TAMS 0x0000000085600000, 0x0000000085600000| Untracked 
|  23|0x0000000085700000, 0x0000000085800000, 0x0000000085800000|100%| O|  |TAMS 0x0000000085700000, 0x0000000085700000| Untracked 
|  24|0x0000000085800000, 0x0000000085900000, 0x0000000085900000|100%| O|  |TAMS 0x0000000085800000, 0x0000000085800000| Untracked 
|  25|0x0000000085900000, 0x0000000085a00000, 0x0000000085a00000|100%| O|  |TAMS 0x0000000085900000, 0x0000000085900000| Untracked 
|  26|0x0000000085a00000, 0x0000000085b00000, 0x0000000085b00000|100%| O|  |TAMS 0x0000000085a00000, 0x0000000085a00000| Untracked 
|  27|0x0000000085b00000, 0x0000000085c00000, 0x0000000085c00000|100%| O|  |TAMS 0x0000000085b00000, 0x0000000085b00000| Untracked 
|  28|0x0000000085c00000, 0x0000000085d00000, 0x0000000085d00000|100%| O|  |TAMS 0x0000000085c00000, 0x0000000085c00000| Untracked 
|  29|0x0000000085d00000, 0x0000000085e00000, 0x0000000085e00000|100%| O|  |TAMS 0x0000000085d00000, 0x0000000085d00000| Untracked 
|  30|0x0000000085e00000, 0x0000000085f00000, 0x0000000085f00000|100%| O|  |TAMS 0x0000000085e00000, 0x0000000085e00000| Untracked 
|  31|0x0000000085f00000, 0x0000000086000000, 0x0000000086000000|100%| O|  |TAMS 0x0000000085f00000, 0x0000000085f00000| Untracked 
|  32|0x0000000086000000, 0x0000000086100000, 0x0000000086100000|100%| O|  |TAMS 0x0000000086000000, 0x0000000086000000| Untracked 
|  33|0x0000000086100000, 0x0000000086200000, 0x0000000086200000|100%| O|  |TAMS 0x0000000086100000, 0x0000000086100000| Untracked 
|  34|0x0000000086200000, 0x0000000086300000, 0x0000000086300000|100%| O|  |TAMS 0x0000000086200000, 0x0000000086200000| Untracked 
|  35|0x0000000086300000, 0x0000000086400000, 0x0000000086400000|100%| O|  |TAMS 0x0000000086300000, 0x0000000086300000| Untracked 
|  36|0x0000000086400000, 0x0000000086500000, 0x0000000086500000|100%| O|  |TAMS 0x0000000086400000, 0x0000000086400000| Untracked 
|  37|0x0000000086500000, 0x0000000086600000, 0x0000000086600000|100%| O|  |TAMS 0x0000000086500000, 0x0000000086500000| Untracked 
|  38|0x0000000086600000, 0x0000000086600000, 0x0000000086700000|  0%| F|  |TAMS 0x0000000086600000, 0x0000000086600000| Untracked 
|  39|0x0000000086700000, 0x0000000086700000, 0x0000000086800000|  0%| F|  |TAMS 0x0000000086700000, 0x0000000086700000| Untracked 
|  40|0x0000000086800000, 0x0000000086800000, 0x0000000086900000|  0%| F|  |TAMS 0x0000000086800000, 0x0000000086800000| Untracked 
|  41|0x0000000086900000, 0x0000000086900000, 0x0000000086a00000|  0%| F|  |TAMS 0x0000000086900000, 0x0000000086900000| Untracked 
|  42|0x0000000086a00000, 0x0000000086a00000, 0x0000000086b00000|  0%| F|  |TAMS 0x0000000086a00000, 0x0000000086a00000| Untracked 
|  43|0x0000000086b00000, 0x0000000086b00000, 0x0000000086c00000|  0%| F|  |TAMS 0x0000000086b00000, 0x0000000086b00000| Untracked 
|  44|0x0000000086c00000, 0x0000000086c00000, 0x0000000086d00000|  0%| F|  |TAMS 0x0000000086c00000, 0x0000000086c00000| Untracked 
|  45|0x0000000086d00000, 0x0000000086d00000, 0x0000000086e00000|  0%| F|  |TAMS 0x0000000086d00000, 0x0000000086d00000| Untracked 
|  46|0x0000000086e00000, 0x0000000086e00000, 0x0000000086f00000|  0%| F|  |TAMS 0x0000000086e00000, 0x0000000086e00000| Untracked 
|  47|0x0000000086f00000, 0x0000000086f00000, 0x0000000087000000|  0%| F|  |TAMS 0x0000000086f00000, 0x0000000086f00000| Untracked 
|  48|0x0000000087000000, 0x0000000087000000, 0x0000000087100000|  0%| F|  |TAMS 0x0000000087000000, 0x0000000087000000| Untracked 
|  49|0x0000000087100000, 0x0000000087100000, 0x0000000087200000|  0%| F|  |TAMS 0x0000000087100000, 0x0000000087100000| Untracked 
|  50|0x0000000087200000, 0x0000000087200000, 0x0000000087300000|  0%| F|  |TAMS 0x0000000087200000, 0x0000000087200000| Untracked 
|  51|0x0000000087300000, 0x0000000087300000, 0x0000000087400000|  0%| F|  |TAMS 0x0000000087300000, 0x0000000087300000| Untracked 
|  52|0x0000000087400000, 0x0000000087400000, 0x0000000087500000|  0%| F|  |TAMS 0x0000000087400000, 0x0000000087400000| Untracked 
|  53|0x0000000087500000, 0x0000000087500000, 0x0000000087600000|  0%| F|  |TAMS 0x0000000087500000, 0x0000000087500000| Untracked 
|  54|0x0000000087600000, 0x0000000087600000, 0x0000000087700000|  0%| F|  |TAMS 0x0000000087600000, 0x0000000087600000| Untracked 
|  55|0x0000000087700000, 0x0000000087700000, 0x0000000087800000|  0%| F|  |TAMS 0x0000000087700000, 0x0000000087700000| Untracked 
|  56|0x0000000087800000, 0x0000000087800000, 0x0000000087900000|  0%| F|  |TAMS 0x0000000087800000, 0x0000000087800000| Untracked 
|  57|0x0000000087900000, 0x0000000087900000, 0x0000000087a00000|  0%| F|  |TAMS 0x0000000087900000, 0x0000000087900000| Untracked 
|  58|0x0000000087a00000, 0x0000000087a00000, 0x0000000087b00000|  0%| F|  |TAMS 0x0000000087a00000, 0x0000000087a00000| Untracked 
|  59|0x0000000087b00000, 0x0000000087c00000, 0x0000000087c00000|100%| S|CS|TAMS 0x0000000087b00000, 0x0000000087b00000| Complete 
|  60|0x0000000087c00000, 0x0000000087d00000, 0x0000000087d00000|100%| S|CS|TAMS 0x0000000087c00000, 0x0000000087c00000| Complete 
|  61|0x0000000087d00000, 0x0000000087e00000, 0x0000000087e00000|100%| S|CS|TAMS 0x0000000087d00000, 0x0000000087d00000| Complete 
|  62|0x0000000087e00000, 0x0000000087f00000, 0x0000000087f00000|100%| S|CS|TAMS 0x0000000087e00000, 0x0000000087e00000| Complete 
|  63|0x0000000087f00000, 0x0000000088000000, 0x0000000088000000|100%| S|CS|TAMS 0x0000000087f00000, 0x0000000087f00000| Complete 
|  64|0x0000000088000000, 0x0000000088000000, 0x0000000088100000|  0%| F|  |TAMS 0x0000000088000000, 0x0000000088000000| Untracked 
|  65|0x0000000088100000, 0x0000000088100000, 0x0000000088200000|  0%| F|  |TAMS 0x0000000088100000, 0x0000000088100000| Untracked 
|  66|0x0000000088200000, 0x0000000088200000, 0x0000000088300000|  0%| F|  |TAMS 0x0000000088200000, 0x0000000088200000| Untracked 
|  67|0x0000000088300000, 0x0000000088300000, 0x0000000088400000|  0%| F|  |TAMS 0x0000000088300000, 0x0000000088300000| Untracked 
|  68|0x0000000088400000, 0x0000000088400000, 0x0000000088500000|  0%| F|  |TAMS 0x0000000088400000, 0x0000000088400000| Untracked 
|  69|0x0000000088500000, 0x0000000088500000, 0x0000000088600000|  0%| F|  |TAMS 0x0000000088500000, 0x0000000088500000| Untracked 
|  70|0x0000000088600000, 0x0000000088600000, 0x0000000088700000|  0%| F|  |TAMS 0x0000000088600000, 0x0000000088600000| Untracked 
|  71|0x0000000088700000, 0x0000000088700000, 0x0000000088800000|  0%| F|  |TAMS 0x0000000088700000, 0x0000000088700000| Untracked 
|  72|0x0000000088800000, 0x0000000088800000, 0x0000000088900000|  0%| F|  |TAMS 0x0000000088800000, 0x0000000088800000| Untracked 
|  73|0x0000000088900000, 0x0000000088900000, 0x0000000088a00000|  0%| F|  |TAMS 0x0000000088900000, 0x0000000088900000| Untracked 
|  74|0x0000000088a00000, 0x0000000088a00000, 0x0000000088b00000|  0%| F|  |TAMS 0x0000000088a00000, 0x0000000088a00000| Untracked 
|  75|0x0000000088b00000, 0x0000000088b00000, 0x0000000088c00000|  0%| F|  |TAMS 0x0000000088b00000, 0x0000000088b00000| Untracked 
|  76|0x0000000088c00000, 0x0000000088c00000, 0x0000000088d00000|  0%| F|  |TAMS 0x0000000088c00000, 0x0000000088c00000| Untracked 
|  77|0x0000000088d00000, 0x0000000088d00000, 0x0000000088e00000|  0%| F|  |TAMS 0x0000000088d00000, 0x0000000088d00000| Untracked 
|  78|0x0000000088e00000, 0x0000000088e00000, 0x0000000088f00000|  0%| F|  |TAMS 0x0000000088e00000, 0x0000000088e00000| Untracked 
|  79|0x0000000088f00000, 0x0000000088f00000, 0x0000000089000000|  0%| F|  |TAMS 0x0000000088f00000, 0x0000000088f00000| Untracked 
|  80|0x0000000089000000, 0x0000000089000000, 0x0000000089100000|  0%| F|  |TAMS 0x0000000089000000, 0x0000000089000000| Untracked 
|  81|0x0000000089100000, 0x0000000089100000, 0x0000000089200000|  0%| F|  |TAMS 0x0000000089100000, 0x0000000089100000| Untracked 
|  82|0x0000000089200000, 0x0000000089200000, 0x0000000089300000|  0%| F|  |TAMS 0x0000000089200000, 0x0000000089200000| Untracked 
|  83|0x0000000089300000, 0x0000000089300000, 0x0000000089400000|  0%| F|  |TAMS 0x0000000089300000, 0x0000000089300000| Untracked 
|  84|0x0000000089400000, 0x0000000089400000, 0x0000000089500000|  0%| F|  |TAMS 0x0000000089400000, 0x0000000089400000| Untracked 
|  85|0x0000000089500000, 0x0000000089500000, 0x0000000089600000|  0%| F|  |TAMS 0x0000000089500000, 0x0000000089500000| Untracked 
|  86|0x0000000089600000, 0x0000000089600000, 0x0000000089700000|  0%| F|  |TAMS 0x0000000089600000, 0x0000000089600000| Untracked 
|  87|0x0000000089700000, 0x0000000089700000, 0x0000000089800000|  0%| F|  |TAMS 0x0000000089700000, 0x0000000089700000| Untracked 
|  88|0x0000000089800000, 0x0000000089800000, 0x0000000089900000|  0%| F|  |TAMS 0x0000000089800000, 0x0000000089800000| Untracked 
|  89|0x0000000089900000, 0x0000000089900000, 0x0000000089a00000|  0%| F|  |TAMS 0x0000000089900000, 0x0000000089900000| Untracked 
|  90|0x0000000089a00000, 0x0000000089a00000, 0x0000000089b00000|  0%| F|  |TAMS 0x0000000089a00000, 0x0000000089a00000| Untracked 
|  91|0x0000000089b00000, 0x0000000089b00000, 0x0000000089c00000|  0%| F|  |TAMS 0x0000000089b00000, 0x0000000089b00000| Untracked 
|  92|0x0000000089c00000, 0x0000000089c00000, 0x0000000089d00000|  0%| F|  |TAMS 0x0000000089c00000, 0x0000000089c00000| Untracked 
|  93|0x0000000089d00000, 0x0000000089d00000, 0x0000000089e00000|  0%| F|  |TAMS 0x0000000089d00000, 0x0000000089d00000| Untracked 
|  94|0x0000000089e00000, 0x0000000089e00000, 0x0000000089f00000|  0%| F|  |TAMS 0x0000000089e00000, 0x0000000089e00000| Untracked 
|  95|0x0000000089f00000, 0x0000000089f00000, 0x000000008a000000|  0%| F|  |TAMS 0x0000000089f00000, 0x0000000089f00000| Untracked 
|  96|0x000000008a000000, 0x000000008a000000, 0x000000008a100000|  0%| F|  |TAMS 0x000000008a000000, 0x000000008a000000| Untracked 
|  97|0x000000008a100000, 0x000000008a100000, 0x000000008a200000|  0%| F|  |TAMS 0x000000008a100000, 0x000000008a100000| Untracked 
|  98|0x000000008a200000, 0x000000008a200000, 0x000000008a300000|  0%| F|  |TAMS 0x000000008a200000, 0x000000008a200000| Untracked 
|  99|0x000000008a300000, 0x000000008a300000, 0x000000008a400000|  0%| F|  |TAMS 0x000000008a300000, 0x000000008a300000| Untracked 
| 100|0x000000008a400000, 0x000000008a400000, 0x000000008a500000|  0%| F|  |TAMS 0x000000008a400000, 0x000000008a400000| Untracked 
| 101|0x000000008a500000, 0x000000008a500000, 0x000000008a600000|  0%| F|  |TAMS 0x000000008a500000, 0x000000008a500000| Untracked 
| 102|0x000000008a600000, 0x000000008a600000, 0x000000008a700000|  0%| F|  |TAMS 0x000000008a600000, 0x000000008a600000| Untracked 
| 103|0x000000008a700000, 0x000000008a700000, 0x000000008a800000|  0%| F|  |TAMS 0x000000008a700000, 0x000000008a700000| Untracked 
| 104|0x000000008a800000, 0x000000008a800000, 0x000000008a900000|  0%| F|  |TAMS 0x000000008a800000, 0x000000008a800000| Untracked 
| 105|0x000000008a900000, 0x000000008a900000, 0x000000008aa00000|  0%| F|  |TAMS 0x000000008a900000, 0x000000008a900000| Untracked 
| 106|0x000000008aa00000, 0x000000008aa00000, 0x000000008ab00000|  0%| F|  |TAMS 0x000000008aa00000, 0x000000008aa00000| Untracked 
| 107|0x000000008ab00000, 0x000000008ab00000, 0x000000008ac00000|  0%| F|  |TAMS 0x000000008ab00000, 0x000000008ab00000| Untracked 
| 108|0x000000008ac00000, 0x000000008ac00000, 0x000000008ad00000|  0%| F|  |TAMS 0x000000008ac00000, 0x000000008ac00000| Untracked 
| 109|0x000000008ad00000, 0x000000008ad00000, 0x000000008ae00000|  0%| F|  |TAMS 0x000000008ad00000, 0x000000008ad00000| Untracked 
| 110|0x000000008ae00000, 0x000000008ae00000, 0x000000008af00000|  0%| F|  |TAMS 0x000000008ae00000, 0x000000008ae00000| Untracked 
| 111|0x000000008af00000, 0x000000008af00000, 0x000000008b000000|  0%| F|  |TAMS 0x000000008af00000, 0x000000008af00000| Untracked 
| 112|0x000000008b000000, 0x000000008b000000, 0x000000008b100000|  0%| F|  |TAMS 0x000000008b000000, 0x000000008b000000| Untracked 
| 113|0x000000008b100000, 0x000000008b100000, 0x000000008b200000|  0%| F|  |TAMS 0x000000008b100000, 0x000000008b100000| Untracked 
| 114|0x000000008b200000, 0x000000008b200000, 0x000000008b300000|  0%| F|  |TAMS 0x000000008b200000, 0x000000008b200000| Untracked 
| 115|0x000000008b300000, 0x000000008b300000, 0x000000008b400000|  0%| F|  |TAMS 0x000000008b300000, 0x000000008b300000| Untracked 
| 116|0x000000008b400000, 0x000000008b400000, 0x000000008b500000|  0%| F|  |TAMS 0x000000008b400000, 0x000000008b400000| Untracked 
| 117|0x000000008b500000, 0x000000008b500000, 0x000000008b600000|  0%| F|  |TAMS 0x000000008b500000, 0x000000008b500000| Untracked 
| 118|0x000000008b600000, 0x000000008b600000, 0x000000008b700000|  0%| F|  |TAMS 0x000000008b600000, 0x000000008b600000| Untracked 
| 119|0x000000008b700000, 0x000000008b700000, 0x000000008b800000|  0%| F|  |TAMS 0x000000008b700000, 0x000000008b700000| Untracked 
| 120|0x000000008b800000, 0x000000008b800000, 0x000000008b900000|  0%| F|  |TAMS 0x000000008b800000, 0x000000008b800000| Untracked 
| 121|0x000000008b900000, 0x000000008b900000, 0x000000008ba00000|  0%| F|  |TAMS 0x000000008b900000, 0x000000008b900000| Untracked 
| 122|0x000000008ba00000, 0x000000008ba00000, 0x000000008bb00000|  0%| F|  |TAMS 0x000000008ba00000, 0x000000008ba00000| Untracked 
| 123|0x000000008bb00000, 0x000000008bb00000, 0x000000008bc00000|  0%| F|  |TAMS 0x000000008bb00000, 0x000000008bb00000| Untracked 

Card table byte_map: [0x000001a1d4830000,0x000001a1d4c10000] _byte_map_base: 0x000001a1d4410000

Marking Bits (Prev, Next): (CMBitMap*) 0x000001a1ce510400, (CMBitMap*) 0x000001a1ce5103c0
 Prev Bits: [0x000001a1d6ef0000, 0x000001a1d8df0000)
 Next Bits: [0x000001a1d4ff0000, 0x000001a1d6ef0000)

Polling page: 0x000001a1cc330000

Metaspace:

Usage:
  Non-class:     30.09 MB used.
      Class:      4.44 MB used.
       Both:     34.53 MB used.

Virtual space:
  Non-class space:       32.00 MB reserved,      30.25 MB ( 95%) committed,  4 nodes.
      Class space:        1.00 GB reserved,       4.62 MB ( <1%) committed,  1 nodes.
             Both:        1.03 GB reserved,      34.88 MB (  3%) committed. 

Chunk freelists:
   Non-Class:  1.33 MB
       Class:  3.36 MB
        Both:  4.69 MB

MaxMetaspaceSize: unlimited
CompressedClassSpaceSize: 1.00 GB
Initial GC threshold: 21.00 MB
Current GC threshold: 35.31 MB
CDS: off
MetaspaceReclaimPolicy: balanced
 - commit_granule_bytes: 65536.
 - commit_granule_words: 8192.
 - virtual_space_node_default_size: 1048576.
 - enlarge_chunks_in_place: 1.
 - new_chunks_are_fully_committed: 0.
 - uncommit_free_chunks: 1.
 - use_allocation_guard: 0.
 - handle_deallocations: 1.


Internal statistics:

num_allocs_failed_limit: 5.
num_arena_births: 336.
num_arena_deaths: 0.
num_vsnodes_births: 5.
num_vsnodes_deaths: 0.
num_space_committed: 558.
num_space_uncommitted: 0.
num_chunks_returned_to_freelist: 5.
num_chunks_taken_from_freelist: 1346.
num_chunk_merges: 5.
num_chunk_splits: 919.
num_chunks_enlarged: 709.
num_purges: 0.
num_inconsistent_stats: 0.

CodeCache: size=49152Kb used=8191Kb max_used=8191Kb free=40960Kb
 bounds [0x000001a1d1120000, 0x000001a1d1920000, 0x000001a1d4120000]
 total_blobs=4097 nmethods=3573 adapters=449
 compilation: enabled
              stopped_count=0, restarted_count=0
 full_count=0

Compilation events (20 events):
Event: 2.146 Thread 0x000001a1ddeb6860 3563       1       org.springframework.ide.vscode.commons.util.text.linetracker.DefaultLineTracker::nextDelimiterInfo (167 bytes)
Event: 2.147 Thread 0x000001a1ddeb6860 nmethod 3563 0x000001a1d191af90 code [0x000001a1d191b1a0, 0x000001a1d191b7f8]
Event: 2.147 Thread 0x000001a1ddeb6860 3564       1       java.net.URI::hash (33 bytes)
Event: 2.148 Thread 0x000001a1ddeb6860 nmethod 3564 0x000001a1d191bd10 code [0x000001a1d191bee0, 0x000001a1d191c0b8]
Event: 2.155 Thread 0x000001a1ddeb6860 3565       1       java.lang.reflect.Field::set (30 bytes)
Event: 2.155 Thread 0x000001a1dc44fe30 3566       1       javolution.text.Text::<init> (101 bytes)
Event: 2.155 Thread 0x000001a1dc64af30 3567       1       javolution.text.Text::<init> (21 bytes)
Event: 2.155 Thread 0x000001a1ddeb6860 nmethod 3565 0x000001a1d191c210 code [0x000001a1d191c3e0, 0x000001a1d191c5d8]
Event: 2.155 Thread 0x000001a1ddeb6860 3568       1       org.springframework.ide.vscode.commons.util.text.linetracker.AbstractLineTracker$1::nextDelimiterInfo (10 bytes)
Event: 2.155 Thread 0x000001a1dc64af30 nmethod 3567 0x000001a1d191c710 code [0x000001a1d191c8a0, 0x000001a1d191ca58]
Event: 2.156 Thread 0x000001a1dc64af30 3569       1       org.springframework.ide.vscode.commons.util.text.linetracker.Line::<init> (24 bytes)
Event: 2.156 Thread 0x000001a1ddeb6860 nmethod 3568 0x000001a1d191cb10 code [0x000001a1d191cca0, 0x000001a1d191cd88]
Event: 2.156 Thread 0x000001a1ddeb6860 3570       1       javolution.text.Text::getChars (140 bytes)
Event: 2.156 Thread 0x000001a1dc64af30 nmethod 3569 0x000001a1d191ce90 code [0x000001a1d191d020, 0x000001a1d191d138]
Event: 2.156 Thread 0x000001a1dc44fe30 nmethod 3566 0x000001a1d191d190 code [0x000001a1d191d380, 0x000001a1d191d848]
Event: 2.156 Thread 0x000001a1ddeb6860 nmethod 3570 0x000001a1d191da90 code [0x000001a1d191dc80, 0x000001a1d191e058]
Event: 2.157 Thread 0x000001a1ddeb6860 3572       1       jdk.internal.reflect.UnsafeObjectFieldAccessorImpl::set (56 bytes)
Event: 2.158 Thread 0x000001a1ddeb6860 nmethod 3572 0x000001a1d191e690 code [0x000001a1d191e8c0, 0x000001a1d191ee88]
Event: 2.158 Thread 0x000001a1ddeb6860 3573       1       com.google.gson.stream.JsonReader::nextName (116 bytes)
Event: 2.159 Thread 0x000001a1ddeb6860 nmethod 3573 0x000001a1d191f310 code [0x000001a1d191f560, 0x000001a1d191fb48]

GC Heap History (19 events):
Event: 0.546 GC heap before
{Heap before GC invocations=0 (full 0):
 garbage-first heap   total 126976K, used 22528K [0x0000000084000000, 0x0000000100000000)
  region size 1024K, 23 young (23552K), 0 survivors (0K)
 Metaspace       used 10194K, committed 10368K, reserved 1064960K
  class space    used 1166K, committed 1280K, reserved 1048576K
}
Event: 0.552 GC heap after
{Heap after GC invocations=1 (full 0):
 garbage-first heap   total 126976K, used 8113K [0x0000000084000000, 0x0000000100000000)
  region size 1024K, 3 young (3072K), 3 survivors (3072K)
 Metaspace       used 10194K, committed 10368K, reserved 1064960K
  class space    used 1166K, committed 1280K, reserved 1048576K
}
Event: 0.933 GC heap before
{Heap before GC invocations=1 (full 0):
 garbage-first heap   total 126976K, used 32689K [0x0000000084000000, 0x0000000100000000)
  region size 1024K, 27 young (27648K), 3 survivors (3072K)
 Metaspace       used 17148K, committed 17408K, reserved 1064960K
  class space    used 2117K, committed 2240K, reserved 1048576K
}
Event: 0.937 GC heap after
{Heap after GC invocations=2 (full 0):
 garbage-first heap   total 126976K, used 11024K [0x0000000084000000, 0x0000000100000000)
  region size 1024K, 3 young (3072K), 3 survivors (3072K)
 Metaspace       used 17148K, committed 17408K, reserved 1064960K
  class space    used 2117K, committed 2240K, reserved 1048576K
}
Event: 1.045 GC heap before
{Heap before GC invocations=2 (full 0):
 garbage-first heap   total 126976K, used 28432K [0x0000000084000000, 0x0000000100000000)
  region size 1024K, 22 young (22528K), 3 survivors (3072K)
 Metaspace       used 21269K, committed 21504K, reserved 1073152K
  class space    used 2603K, committed 2752K, reserved 1048576K
}
Event: 1.047 GC heap after
{Heap after GC invocations=3 (full 0):
 garbage-first heap   total 126976K, used 11620K [0x0000000084000000, 0x0000000100000000)
  region size 1024K, 4 young (4096K), 4 survivors (4096K)
 Metaspace       used 21269K, committed 21504K, reserved 1073152K
  class space    used 2603K, committed 2752K, reserved 1048576K
}
Event: 1.279 GC heap before
{Heap before GC invocations=4 (full 0):
 garbage-first heap   total 48128K, used 35172K [0x0000000084000000, 0x0000000100000000)
  region size 1024K, 28 young (28672K), 4 survivors (4096K)
 Metaspace       used 24868K, committed 25088K, reserved 1073152K
  class space    used 3066K, committed 3136K, reserved 1048576K
}
Event: 1.284 GC heap after
{Heap after GC invocations=5 (full 0):
 garbage-first heap   total 48128K, used 13073K [0x0000000084000000, 0x0000000100000000)
  region size 1024K, 5 young (5120K), 5 survivors (5120K)
 Metaspace       used 24868K, committed 25088K, reserved 1073152K
  class space    used 3066K, committed 3136K, reserved 1048576K
}
Event: 1.298 GC heap before
{Heap before GC invocations=5 (full 0):
 garbage-first heap   total 48128K, used 13073K [0x0000000084000000, 0x0000000100000000)
  region size 1024K, 6 young (6144K), 5 survivors (5120K)
 Metaspace       used 25114K, committed 25408K, reserved 1073152K
  class space    used 3097K, committed 3264K, reserved 1048576K
}
Event: 1.303 GC heap after
{Heap after GC invocations=6 (full 0):
 garbage-first heap   total 48128K, used 13340K [0x0000000084000000, 0x0000000100000000)
  region size 1024K, 1 young (1024K), 1 survivors (1024K)
 Metaspace       used 25114K, committed 25408K, reserved 1073152K
  class space    used 3097K, committed 3264K, reserved 1048576K
}
Event: 1.556 GC heap before
{Heap before GC invocations=6 (full 0):
 garbage-first heap   total 48128K, used 31772K [0x0000000084000000, 0x0000000100000000)
  region size 1024K, 19 young (19456K), 1 survivors (1024K)
 Metaspace       used 27924K, committed 28160K, reserved 1081344K
  class space    used 3508K, committed 3648K, reserved 1048576K
}
Event: 1.560 GC heap after
{Heap after GC invocations=7 (full 0):
 garbage-first heap   total 94208K, used 17109K [0x0000000084000000, 0x0000000100000000)
  region size 1024K, 3 young (3072K), 3 survivors (3072K)
 Metaspace       used 27924K, committed 28160K, reserved 1081344K
  class space    used 3508K, committed 3648K, reserved 1048576K
}
Event: 1.907 GC heap before
{Heap before GC invocations=7 (full 0):
 garbage-first heap   total 94208K, used 66261K [0x0000000084000000, 0x0000000100000000)
  region size 1024K, 52 young (53248K), 3 survivors (3072K)
 Metaspace       used 33342K, committed 33600K, reserved 1081344K
  class space    used 4236K, committed 4352K, reserved 1048576K
}
Event: 1.913 GC heap after
{Heap after GC invocations=8 (full 0):
 garbage-first heap   total 94208K, used 22585K [0x0000000084000000, 0x0000000100000000)
  region size 1024K, 7 young (7168K), 7 survivors (7168K)
 Metaspace       used 33342K, committed 33600K, reserved 1081344K
  class space    used 4236K, committed 4352K, reserved 1048576K
}
Event: 2.020 GC heap before
{Heap before GC invocations=8 (full 0):
 garbage-first heap   total 94208K, used 62521K [0x0000000084000000, 0x0000000100000000)
  region size 1024K, 47 young (48128K), 7 survivors (7168K)
 Metaspace       used 34353K, committed 34624K, reserved 1081344K
  class space    used 4387K, committed 4544K, reserved 1048576K
}
Event: 2.027 GC heap after
{Heap after GC invocations=9 (full 0):
 garbage-first heap   total 94208K, used 29675K [0x0000000084000000, 0x0000000100000000)
  region size 1024K, 6 young (6144K), 6 survivors (6144K)
 Metaspace       used 34353K, committed 34624K, reserved 1081344K
  class space    used 4387K, committed 4544K, reserved 1048576K
}
Event: 2.093 GC heap before
{Heap before GC invocations=9 (full 0):
 garbage-first heap   total 94208K, used 65515K [0x0000000084000000, 0x0000000100000000)
  region size 1024K, 41 young (41984K), 6 survivors (6144K)
 Metaspace       used 34735K, committed 35072K, reserved 1081344K
  class space    used 4441K, committed 4608K, reserved 1048576K
}
Event: 2.100 GC heap after
{Heap after GC invocations=10 (full 0):
 garbage-first heap   total 94208K, used 38039K [0x0000000084000000, 0x0000000100000000)
  region size 1024K, 6 young (6144K), 6 survivors (6144K)
 Metaspace       used 34735K, committed 35072K, reserved 1081344K
  class space    used 4441K, committed 4608K, reserved 1048576K
}
Event: 2.161 GC heap before
{Heap before GC invocations=10 (full 0):
 garbage-first heap   total 94208K, used 66711K [0x0000000084000000, 0x0000000100000000)
  region size 1024K, 34 young (34816K), 6 survivors (6144K)
 Metaspace       used 35360K, committed 35712K, reserved 1081344K
  class space    used 4545K, committed 4736K, reserved 1048576K
}

Deoptimization events (10 events):
Event: 1.026 Thread 0x000001a1ce4b7150 DEOPT PACKING pc=0x000001a1d155d619 sp=0x00000039ea1fd620
Event: 1.026 Thread 0x000001a1ce4b7150 DEOPT UNPACKING pc=0x000001a1d1176763 sp=0x00000039ea1fcb00 mode 3
Event: 1.791 Thread 0x000001a1ce4b7150 DEOPT PACKING pc=0x000001a1d1765c19 sp=0x00000039ea1fca00
Event: 1.791 Thread 0x000001a1ce4b7150 DEOPT UNPACKING pc=0x000001a1d1176763 sp=0x00000039ea1fbee0 mode 3
Event: 1.829 Thread 0x000001a1de026430 DEOPT PACKING pc=0x000001a1d17b482b sp=0x00000039ebefe490
Event: 1.829 Thread 0x000001a1de026430 DEOPT UNPACKING pc=0x000001a1d1176763 sp=0x00000039ebefd9d8 mode 3
Event: 1.956 Thread 0x000001a1de1b34d0 DEOPT PACKING pc=0x000001a1d155e681 sp=0x00000039ec3ff060
Event: 1.956 Thread 0x000001a1de1b34d0 DEOPT UNPACKING pc=0x000001a1d1176763 sp=0x00000039ec3fe4f0 mode 3
Event: 2.131 Thread 0x000001a1de1ba080 DEOPT PACKING pc=0x000001a1d19161b5 sp=0x00000039ed1fd210
Event: 2.131 Thread 0x000001a1de1ba080 DEOPT UNPACKING pc=0x000001a1d1176763 sp=0x00000039ed1fc738 mode 3

Classes unloaded (0 events):
No events

Classes redefined (0 events):
No events

Internal exceptions (20 events):
Event: 1.852 Thread 0x000001a1de1a9000 Exception <a 'sun/nio/fs/WindowsException'{0x00000000882b49f0}> (0x00000000882b49f0) 
thrown [s\src\hotspot\share\prims\jni.cpp, line 516]
Event: 1.852 Thread 0x000001a1de1a9000 Exception <a 'sun/nio/fs/WindowsException'{0x00000000882b4da8}> (0x00000000882b4da8) 
thrown [s\src\hotspot\share\prims\jni.cpp, line 516]
Event: 1.852 Thread 0x000001a1de1a9000 Exception <a 'sun/nio/fs/WindowsException'{0x00000000882b57b0}> (0x00000000882b57b0) 
thrown [s\src\hotspot\share\prims\jni.cpp, line 516]
Event: 1.852 Thread 0x000001a1de1a9000 Exception <a 'sun/nio/fs/WindowsException'{0x00000000882b5b80}> (0x00000000882b5b80) 
thrown [s\src\hotspot\share\prims\jni.cpp, line 516]
Event: 1.852 Thread 0x000001a1de1a9000 Exception <a 'sun/nio/fs/WindowsException'{0x00000000882b6580}> (0x00000000882b6580) 
thrown [s\src\hotspot\share\prims\jni.cpp, line 516]
Event: 1.852 Thread 0x000001a1de1a9000 Exception <a 'sun/nio/fs/WindowsException'{0x00000000882b6940}> (0x00000000882b6940) 
thrown [s\src\hotspot\share\prims\jni.cpp, line 516]
Event: 1.852 Thread 0x000001a1de1a9000 Exception <a 'sun/nio/fs/WindowsException'{0x00000000882b7348}> (0x00000000882b7348) 
thrown [s\src\hotspot\share\prims\jni.cpp, line 516]
Event: 1.852 Thread 0x000001a1de1a9000 Exception <a 'sun/nio/fs/WindowsException'{0x00000000882b7718}> (0x00000000882b7718) 
thrown [s\src\hotspot\share\prims\jni.cpp, line 516]
Event: 1.852 Thread 0x000001a1de1a9000 Exception <a 'sun/nio/fs/WindowsException'{0x00000000882b8140}> (0x00000000882b8140) 
thrown [s\src\hotspot\share\prims\jni.cpp, line 516]
Event: 1.852 Thread 0x000001a1de1a9000 Exception <a 'sun/nio/fs/WindowsException'{0x00000000882b8530}> (0x00000000882b8530) 
thrown [s\src\hotspot\share\prims\jni.cpp, line 516]
Event: 1.852 Thread 0x000001a1de1a9000 Exception <a 'sun/nio/fs/WindowsException'{0x00000000882b8f68}> (0x00000000882b8f68) 
thrown [s\src\hotspot\share\prims\jni.cpp, line 516]
Event: 1.852 Thread 0x000001a1de1a9000 Exception <a 'sun/nio/fs/WindowsException'{0x00000000882b9370}> (0x00000000882b9370) 
thrown [s\src\hotspot\share\prims\jni.cpp, line 516]
Event: 1.852 Thread 0x000001a1de1a9000 Exception <a 'sun/nio/fs/WindowsException'{0x00000000882b9da0}> (0x00000000882b9da0) 
thrown [s\src\hotspot\share\prims\jni.cpp, line 516]
Event: 1.852 Thread 0x000001a1de1a9000 Exception <a 'sun/nio/fs/WindowsException'{0x00000000882ba1a0}> (0x00000000882ba1a0) 
thrown [s\src\hotspot\share\prims\jni.cpp, line 516]
Event: 1.859 Thread 0x000001a1ce4b7150 Exception <a 'java/lang/NoSuchMethodError'{0x0000000087e46de8}: 'java.lang.Object java.lang.invoke.DirectMethodHandle$Holder.newInvokeSpecial(java.lang.Object, java.lang.Object, int, java.lang.Object, java.lang.Object)'> (0x0000000087e46de8) 
thrown [s\src\hotspot\share\interpreter\linkResolver.cpp, line 759]
Event: 1.861 Thread 0x000001a1ce4b7150 Exception <a 'java/lang/NoSuchMethodError'{0x0000000087e58e18}: 'java.lang.Object java.lang.invoke.DirectMethodHandle$Holder.invokeSpecial(java.lang.Object, java.lang.Object, int, java.lang.Object, int, java.lang.Object)'> (0x0000000087e58e18) 
thrown [s\src\hotspot\share\interpreter\linkResolver.cpp, line 759]
Event: 1.861 Thread 0x000001a1ce4b7150 Exception <a 'java/lang/NoSuchMethodError'{0x0000000087e60c18}: 'java.lang.Object java.lang.invoke.DirectMethodHandle$Holder.newInvokeSpecial(java.lang.Object, java.lang.Object, int, java.lang.Object, int)'> (0x0000000087e60c18) 
thrown [s\src\hotspot\share\interpreter\linkResolver.cpp, line 759]
Event: 1.861 Thread 0x000001a1ce4b7150 Exception <a 'java/lang/NoSuchMethodError'{0x0000000087e64d18}: 'java.lang.Object java.lang.invoke.DirectMethodHandle$Holder.invokeSpecial(java.lang.Object, java.lang.Object, java.lang.Object, int, java.lang.Object, int)'> (0x0000000087e64d18) 
thrown [s\src\hotspot\share\interpreter\linkResolver.cpp, line 759]
Event: 2.127 Thread 0x000001a1de1b8870 Exception <a 'java/lang/NoSuchMethodError'{0x0000000088e11048}: 'java.lang.Object java.lang.invoke.DirectMethodHandle$Holder.invokeStatic(java.lang.Object, java.lang.Object, java.lang.Object, int, java.lang.Object, java.lang.Object)'> (0x0000000088e11048) 
thrown [s\src\hotspot\share\interpreter\linkResolver.cpp, line 759]
Event: 2.127 Thread 0x000001a1de1ba080 Exception <a 'java/lang/NoSuchMethodError'{0x0000000088fd9168}: 'java.lang.Object java.lang.invoke.DirectMethodHandle$Holder.invokeStatic(java.lang.Object, int, java.lang.Object)'> (0x0000000088fd9168) 
thrown [s\src\hotspot\share\interpreter\linkResolver.cpp, line 759]

VM Operations (20 events):
Event: 1.359 Executing VM operation: HandshakeAllThreads done
Event: 1.468 Executing VM operation: HandshakeAllThreads
Event: 1.468 Executing VM operation: HandshakeAllThreads done
Event: 1.556 Executing VM operation: G1CollectForAllocation
Event: 1.560 Executing VM operation: G1CollectForAllocation done
Event: 1.592 Executing VM operation: HandshakeAllThreads
Event: 1.592 Executing VM operation: HandshakeAllThreads done
Event: 1.755 Executing VM operation: HandshakeAllThreads
Event: 1.755 Executing VM operation: HandshakeAllThreads done
Event: 1.907 Executing VM operation: G1CollectForAllocation
Event: 1.913 Executing VM operation: G1CollectForAllocation done
Event: 1.965 Executing VM operation: HandshakeAllThreads
Event: 1.965 Executing VM operation: HandshakeAllThreads done
Event: 2.020 Executing VM operation: G1CollectForAllocation
Event: 2.027 Executing VM operation: G1CollectForAllocation done
Event: 2.081 Executing VM operation: HandshakeAllThreads
Event: 2.081 Executing VM operation: HandshakeAllThreads done
Event: 2.092 Executing VM operation: G1CollectForAllocation
Event: 2.101 Executing VM operation: G1CollectForAllocation done
Event: 2.160 Executing VM operation: G1CollectForAllocation

Events (20 events):
Event: 2.124 loading class java/util/concurrent/CompletableFuture$UniHandle done
Event: 2.125 loading class jdk/internal/reflect/UnsafeIntegerFieldAccessorImpl
Event: 2.126 loading class jdk/internal/reflect/UnsafeIntegerFieldAccessorImpl done
Event: 2.144 loading class java/util/concurrent/locks/ReadWriteLock
Event: 2.144 loading class java/util/concurrent/locks/ReadWriteLock done
Event: 2.147 loading class java/util/concurrent/atomic/AtomicLongFieldUpdater
Event: 2.147 loading class java/util/concurrent/atomic/AtomicLongFieldUpdater done
Event: 2.147 loading class java/util/concurrent/atomic/AtomicLongFieldUpdater$CASUpdater
Event: 2.148 loading class java/util/concurrent/atomic/AtomicLongFieldUpdater$CASUpdater done
Event: 2.148 loading class java/util/concurrent/atomic/AtomicLongFieldUpdater$CASUpdater$1
Event: 2.148 loading class java/util/concurrent/atomic/AtomicLongFieldUpdater$CASUpdater$1 done
Event: 2.148 loading class java/util/ServiceConfigurationError
Event: 2.149 loading class java/util/ServiceConfigurationError done
Event: 2.151 Thread 0x000001a1e02a0b00 Thread added: 0x000001a1e02a0b00
Event: 2.154 Thread 0x000001a1e02a74e0 Thread added: 0x000001a1e02a74e0
Event: 2.156 Thread 0x000001a1e02a0fd0 Thread added: 0x000001a1e02a0fd0
Event: 2.157 Thread 0x000001a1e02a4990 Thread added: 0x000001a1e02a4990
Event: 2.158 Thread 0x000001a1e02a3b20 Thread added: 0x000001a1e02a3b20
Event: 2.159 Thread 0x000001a1e02a61a0 Thread added: 0x000001a1e02a61a0
Event: 2.160 Thread 0x000001a1e02a5cd0 Thread added: 0x000001a1e02a5cd0


Dynamic libraries:
0x00007ff609bd0000 - 0x00007ff609bde000 	c:\Users\00787701\.vscode\extensions\redhat.java-1.11.0-win32-x64\jre\17.0.4.1-win32-x86_64\bin\java.exe
0x00007ff871cd0000 - 0x00007ff871ec8000 	C:\Windows\SYSTEM32\ntdll.dll
0x00007ff871a30000 - 0x00007ff871aed000 	C:\Windows\System32\KERNEL32.DLL
0x00007ff871750000 - 0x00007ff871a22000 	C:\Windows\System32\KERNELBASE.dll
0x0000000055300000 - 0x000000005533b000 	C:\Windows\System32\cyinjct.dll
0x00007ff8715d0000 - 0x00007ff8715dc000 	C:\Windows\System32\ntnativeapi.dll
0x00007ff852220000 - 0x00007ff852238000 	c:\Users\00787701\.vscode\extensions\redhat.java-1.11.0-win32-x64\jre\17.0.4.1-win32-x86_64\bin\jli.dll
0x000001a1cc060000 - 0x000001a1cc1fd000 	C:\Windows\System32\USER32.dll
0x00007ff86f570000 - 0x00007ff86f592000 	C:\Windows\System32\win32u.dll
0x00007ff86fc20000 - 0x00007ff86fc4b000 	C:\Windows\System32\GDI32.dll
0x00007ff86f7d0000 - 0x00007ff86f8df000 	C:\Windows\System32\gdi32full.dll
0x00007ff86f2c0000 - 0x00007ff86f35d000 	C:\Windows\System32\msvcp_win.dll
0x000001a1cc200000 - 0x000001a1cc300000 	C:\Windows\System32\ucrtbase.dll
0x00007ff852200000 - 0x00007ff852219000 	c:\Users\00787701\.vscode\extensions\redhat.java-1.11.0-win32-x64\jre\17.0.4.1-win32-x86_64\bin\VCRUNTIME140.dll
0x00007ff8597f0000 - 0x00007ff859a8a000 	C:\Windows\WinSxS\amd64_microsoft.windows.common-controls_6595b64144ccf1df_6.0.19041.1110_none_60b5254171f9507e\COMCTL32.dll
0x00007ff86ffc0000 - 0x00007ff87005e000 	C:\Windows\System32\msvcrt.dll
0x00007ff8715b0000 - 0x00007ff8715ce000 	C:\Windows\System32\cyvera.dll
0x00007ff871540000 - 0x00007ff8715a8000 	C:\Windows\System32\cyvrtrap.dll
0x00007ff86fa10000 - 0x00007ff86fa40000 	C:\Windows\System32\IMM32.DLL
0x00007ff8521f0000 - 0x00007ff8521fc000 	c:\Users\00787701\.vscode\extensions\redhat.java-1.11.0-win32-x64\jre\17.0.4.1-win32-x86_64\bin\vcruntime140_1.dll
0x00007ff852150000 - 0x00007ff8521e1000 	c:\Users\00787701\.vscode\extensions\redhat.java-1.11.0-win32-x64\jre\17.0.4.1-win32-x86_64\bin\msvcp140.dll
0x00007ffff71d0000 - 0x00007ffff7e16000 	c:\Users\00787701\.vscode\extensions\redhat.java-1.11.0-win32-x64\jre\17.0.4.1-win32-x86_64\bin\server\jvm.dll
0x00007ff86fa40000 - 0x00007ff86faee000 	C:\Windows\System32\ADVAPI32.dll
0x00007ff870ba0000 - 0x00007ff870c3c000 	C:\Windows\System32\sechost.dll
0x00007ff871620000 - 0x00007ff871745000 	C:\Windows\System32\RPCRT4.dll
0x00007ff86ffb0000 - 0x00007ff86ffb8000 	C:\Windows\System32\PSAPI.DLL
0x00007ff851810000 - 0x00007ff851819000 	C:\Windows\SYSTEM32\WSOCK32.dll
0x00007ff870060000 - 0x00007ff8700cb000 	C:\Windows\System32\WS2_32.dll
0x00007ff853470000 - 0x00007ff853497000 	C:\Windows\SYSTEM32\WINMM.dll
0x00007ff865050000 - 0x00007ff86505a000 	C:\Windows\SYSTEM32\VERSION.dll
0x00007ff86dd60000 - 0x00007ff86dd72000 	C:\Windows\SYSTEM32\kernel.appcore.dll
0x00007ff852140000 - 0x00007ff85214a000 	c:\Users\00787701\.vscode\extensions\redhat.java-1.11.0-win32-x64\jre\17.0.4.1-win32-x86_64\bin\jimage.dll
0x00007ff86d560000 - 0x00007ff86d744000 	C:\Windows\SYSTEM32\DBGHELP.DLL
0x00007ff8534a0000 - 0x00007ff8534cc000 	C:\Windows\SYSTEM32\dbgcore.DLL
0x00007ff86f640000 - 0x00007ff86f6c2000 	C:\Windows\System32\bcryptPrimitives.dll
0x00007ff871500000 - 0x00007ff871537000 	C:\Program Files\Palo Alto Networks\Traps\cyjagent.dll
0x00007ff852100000 - 0x00007ff852125000 	c:\Users\00787701\.vscode\extensions\redhat.java-1.11.0-win32-x64\jre\17.0.4.1-win32-x86_64\bin\java.dll
0x00007ff8520e0000 - 0x00007ff8520f8000 	c:\Users\00787701\.vscode\extensions\redhat.java-1.11.0-win32-x64\jre\17.0.4.1-win32-x86_64\bin\zip.dll
0x00007ff8702c0000 - 0x00007ff870a03000 	C:\Windows\System32\SHELL32.dll
0x00007ff86cc10000 - 0x00007ff86d3a1000 	C:\Windows\SYSTEM32\windows.storage.dll
0x00007ff86fc50000 - 0x00007ff86ffa4000 	C:\Windows\System32\combase.dll
0x00007ff86ed20000 - 0x00007ff86ed50000 	C:\Windows\SYSTEM32\Wldp.dll
0x00007ff870210000 - 0x00007ff8702bd000 	C:\Windows\System32\SHCORE.dll
0x00007ff8700d0000 - 0x00007ff870125000 	C:\Windows\System32\shlwapi.dll
0x00007ff86f200000 - 0x00007ff86f21f000 	C:\Windows\SYSTEM32\profapi.dll
0x00007ff8520c0000 - 0x00007ff8520d9000 	C:\Users\00787701\.vscode\extensions\redhat.java-1.11.0-win32-x64\jre\17.0.4.1-win32-x86_64\bin\net.dll
0x00007ff86e2b0000 - 0x00007ff86e3bd000 	C:\Windows\SYSTEM32\WINHTTP.dll
0x00007ff86ea80000 - 0x00007ff86eaea000 	C:\Windows\system32\mswsock.dll
0x00007ff8520a0000 - 0x00007ff8520b5000 	C:\Users\00787701\.vscode\extensions\redhat.java-1.11.0-win32-x64\jre\17.0.4.1-win32-x86_64\bin\nio.dll
0x00007ff852090000 - 0x00007ff8520a0000 	c:\Users\00787701\.vscode\extensions\redhat.java-1.11.0-win32-x64\jre\17.0.4.1-win32-x86_64\bin\verify.dll
0x00007ff862d20000 - 0x00007ff862d29000 	C:\Users\00787701\.vscode\extensions\redhat.java-1.11.0-win32-x64\jre\17.0.4.1-win32-x86_64\bin\management.dll
0x00007ff862d10000 - 0x00007ff862d1b000 	C:\Users\00787701\.vscode\extensions\redhat.java-1.11.0-win32-x64\jre\17.0.4.1-win32-x86_64\bin\management_ext.dll
0x00007ff847fd0000 - 0x00007ff847fe7000 	C:\Windows\system32\napinsp.dll
0x00007ff848370000 - 0x00007ff84838b000 	C:\Windows\system32\pnrpnsp.dll
0x00007ff848390000 - 0x00007ff8483a5000 	C:\Windows\system32\wshbth.dll
0x00007ff866aa0000 - 0x00007ff866abd000 	C:\Windows\system32\NLAapi.dll
0x00007ff86e720000 - 0x00007ff86e75b000 	C:\Windows\SYSTEM32\IPHLPAPI.DLL
0x00007ff86e770000 - 0x00007ff86e83a000 	C:\Windows\SYSTEM32\DNSAPI.dll
0x00007ff86fa00000 - 0x00007ff86fa08000 	C:\Windows\System32\NSI.dll
0x00007ff847ff0000 - 0x00007ff848002000 	C:\Windows\System32\winrnr.dll
0x00007ff862ce0000 - 0x00007ff862cea000 	C:\Windows\System32\rasadhlp.dll
0x00007ff866770000 - 0x00007ff8667f0000 	C:\Windows\System32\fwpuclnt.dll
0x00007ff86f5a0000 - 0x00007ff86f5c7000 	C:\Windows\System32\bcrypt.dll
0x00007ff86ec70000 - 0x00007ff86ec88000 	C:\Windows\SYSTEM32\CRYPTSP.dll
0x00007ff86e220000 - 0x00007ff86e254000 	C:\Windows\system32\rsaenh.dll
0x00007ff86f180000 - 0x00007ff86f1ae000 	C:\Windows\SYSTEM32\USERENV.dll
0x00007ff86ec90000 - 0x00007ff86ec9c000 	C:\Windows\SYSTEM32\CRYPTBASE.dll
0x00007ff865ef0000 - 0x00007ff865f07000 	C:\Windows\SYSTEM32\dhcpcsvc6.DLL
0x00007ff865e60000 - 0x00007ff865e7d000 	C:\Windows\SYSTEM32\dhcpcsvc.DLL

dbghelp: loaded successfully - version: 4.0.5 - missing functions: none
symbol engine: initialized successfully - sym options: 0x614 - pdb path: .;c:\Users\00787701\.vscode\extensions\redhat.java-1.11.0-win32-x64\jre\17.0.4.1-win32-x86_64\bin;C:\Windows\SYSTEM32;C:\Windows\WinSxS\amd64_microsoft.windows.common-controls_6595b64144ccf1df_6.0.19041.1110_none_60b5254171f9507e;c:\Users\00787701\.vscode\extensions\redhat.java-1.11.0-win32-x64\jre\17.0.4.1-win32-x86_64\bin\server;C:\Program Files\Palo Alto Networks\Traps

VM Arguments:
jvm_args: -Dsts.lsp.client=vscode -Dsts.log.file=/dev/null -XX:TieredStopAtLevel=1 -Xlog:jni+resolve=off -Dspring.config.location=file:c:\Users\00787701\.vscode\extensions\pivotal.vscode-spring-boot-1.39.0\language-server\BOOT-INF\classes\application.properties -agentpath:C:\Program Files\Palo Alto Networks\Traps\cyjagent.dll 
java_command: org.springframework.ide.vscode.boot.app.BootLanguageServerBootApp
java_class_path (initial): c:\Users\00787701\.vscode\extensions\pivotal.vscode-spring-boot-1.39.0\language-server\BOOT-INF\classes;c:\Users\00787701\.vscode\extensions\pivotal.vscode-spring-boot-1.39.0\language-server\BOOT-INF\lib\annotations-23.0.0.jar;c:\Users\00787701\.vscode\extensions\pivotal.vscode-spring-boot-1.39.0\language-server\BOOT-INF\lib\antlr-runtime-3.5.2.jar;c:\Users\00787701\.vscode\extensions\pivotal.vscode-spring-boot-1.39.0\language-server\BOOT-INF\lib\antlr4-4.9.3.jar;c:\Users\00787701\.vscode\extensions\pivotal.vscode-spring-boot-1.39.0\language-server\BOOT-INF\lib\antlr4-runtime-4.9.3.jar;c:\Users\00787701\.vscode\extensions\pivotal.vscode-spring-boot-1.39.0\language-server\BOOT-INF\lib\asm-9.3.jar;c:\Users\00787701\.vscode\extensions\pivotal.vscode-spring-boot-1.39.0\language-server\BOOT-INF\lib\asm-analysis-9.3.jar;c:\Users\00787701\.vscode\extensions\pivotal.vscode-spring-boot-1.39.0\language-server\BOOT-INF\lib\asm-tree-9.3.jar;c:\Users\00787701\.vscode\extensions\pivotal.vscode-spring-boot-1.39.0\language-server\BOOT-INF\lib\asm-util-9.3.jar;c:\Users\00787701\.vscode\extensions\pivotal.vscode-spring-boot-1.39.0\language-server\BOOT-INF\lib\byte-buddy-1.12.13.jar;c:\Users\00787701\.vscode\extensions\pivotal.vscode-spring-boot-1.39.0\language-server\BOOT-INF\lib\caffeine-2.9.3.jar;c:\Users\00787701\.vscode\extensions\pivotal.vscode-spring-boot-1.39.0\language-server\BOOT-INF\lib\checker-qual-3.12.0.jar;c:\Users\00787701\.vscode\extensions\pivotal.vscode-spring-boot-1.39.0\language-server\BOOT-INF\lib\classgraph-4.8.149.jar;c:\Users\00787701\.vscode\extensions\pivotal.vscode-spring-boot-1.39.0\language-server\BOOT-INF\lib\commons-codec-1.15.jar;c:\Users\00787701\.vscode\extensions\pivotal.vscode-spring-boot-1.39.0\language-server\BOOT-INF\lib\commons-compress-1.21.jar;c:\Users\00787701\.vscode\extensions\pivotal.vscode-spring-boot-1.39.0\language-server\BOOT-INF\lib\commons-exec-1.3.jar;c:\Users\00787701\.vscode\extensions\pivotal.vscode-
Launcher Type: SUN_STANDARD

[Global flags]
     intx CICompilerCount                          = 4                                         {product} {ergonomic}
     uint ConcGCThreads                            = 2                                         {product} {ergonomic}
     uint G1ConcRefinementThreads                  = 8                                         {product} {ergonomic}
   size_t G1HeapRegionSize                         = 1048576                                   {product} {ergonomic}
    uintx GCDrainStackTargetSize                   = 64                                        {product} {ergonomic}
   size_t InitialHeapSize                          = 130023424                                 {product} {ergonomic}
   size_t MarkStackSize                            = 4194304                                   {product} {ergonomic}
   size_t MaxHeapSize                              = 2080374784                                {product} {ergonomic}
   size_t MaxNewSize                               = 1247805440                                {product} {ergonomic}
   size_t MinHeapDeltaBytes                        = 1048576                                   {product} {ergonomic}
   size_t MinHeapSize                              = 8388608                                   {product} {ergonomic}
    uintx NonProfiledCodeHeapSize                  = 0                                      {pd product} {ergonomic}
     bool ProfileInterpreter                       = false                                  {pd product} {command line}
    uintx ProfiledCodeHeapSize                     = 0                                      {pd product} {ergonomic}
   size_t SoftMaxHeapSize                          = 2080374784                             {manageable} {ergonomic}
     intx TieredStopAtLevel                        = 1                                         {product} {command line}
     bool UseCompressedClassPointers               = true                           {product lp64_product} {ergonomic}
     bool UseCompressedOops                        = true                           {product lp64_product} {ergonomic}
     bool UseG1GC                                  = true                                      {product} {ergonomic}
     bool UseLargePagesIndividualAllocation        = false                                  {pd product} {ergonomic}

Logging:
Log output configuration:
 #0: stdout all=warning,jni+resolve=off uptime,level,tags
 #1: stderr all=off uptime,level,tags

Environment Variables:
JAVA_HOME=C:\Program Files\Java\jre1.8.0_291
PATH=C:\Program Files (x86)\Common Files\Oracle\Java\javapath;C:\Windows\system32;C:\Windows;C:\Windows\System32\Wbem;C:\Windows\System32\WindowsPowerShell\v1.0\;C:\Windows\System32\OpenSSH\;C:\Program Files (x86)\Microsoft SQL Server\80\Tools\Binn\;C:\Program Files\dotnet\;C:\Program Files\Git\cmd;C:\Users\00787701\AppData\Local\Microsoft\WindowsApps;C:\Users\00787701\AppData\Local\Programs\Microsoft VS Code\bin;C:\Program Files\Java\jre1.8.0_291\bin;C:\apache-maven-3.8.6\bin;
USERNAME=00787701
SHELL=C:\Program Files\Git\usr\bin\bash.exe
DISPLAY=needs-to-be-defined
LC_CTYPE=pt_BR.UTF-8
TERM=xterm
TMPDIR=C:\Users\00787701\AppData\Local\Temp
OS=Windows_NT
PROCESSOR_IDENTIFIER=Intel64 Family 6 Model 140 Stepping 1, GenuineIntel
TMP=C:\Users\00787701\AppData\Local\Temp
TEMP=C:\Users\00787701\AppData\Local\Temp



---------------  S Y S T E M  ---------------

OS:
 Windows 10 , 64 bit Build 19041 (10.0.19041.1889)
OS uptime: 0 days 6:46 hours

CPU: total 8 (initial active 8) (4 cores per cpu, 2 threads per core) family 6 model 140 stepping 1 microcode 0xa4, cx8, cmov, fxsr, ht, mmx, 3dnowpref, sse, sse2, sse3, ssse3, sse4.1, sse4.2, popcnt, lzcnt, tsc, tscinvbit, avx, avx2, aes, erms, clmul, bmi1, bmi2, adx, avx512f, avx512dq, avx512cd, avx512bw, avx512vl, sha, fma, vzeroupper, avx512_vpopcntdq, avx512_vpclmulqdq, avx512_vaes, avx512_vnni, clflush, clflushopt, clwb, avx512_vbmi2, avx512_vbmi

Memory: 4k page, system-wide physical 7934M (333M free)
TotalPageFile size 32510M (AvailPageFile size 11M)
current process WorkingSet (physical memory assigned to process): 190M, peak: 190M
current process commit charge ("private bytes"): 264M, peak: 276M

vm_info: OpenJDK 64-Bit Server VM (17.0.4.1+1) for windows-amd64 JRE (17.0.4.1+1), built on Aug 17 2022 07:42:43 by "temurin" with MS VC++ 16.7 (VS2019)

END.
