#
# There is insufficient memory for the Java Runtime Environment to continue.
# Native memory allocation (malloc) failed to allocate 2097152 bytes for AllocateHeap
# Possible reasons:
#   The system is out of physical RAM or swap space
#   The process is running with CompressedOops enabled, and the Java Heap may be blocking the growth of the native heap
# Possible solutions:
#   Reduce memory load on the system
#   Increase physical memory or swap space
#   Check if swap backing store is full
#   Decrease Java heap size (-Xmx/-Xms)
#   Decrease number of Java threads
#   Decrease Java thread stack sizes (-Xss)
#   Set larger code cache with -XX:ReservedCodeCacheSize=
#   JVM is running with Unscaled Compressed Oops mode in which the Java heap is
#     placed in the first 4GB address space. The Java Heap base address is the
#     maximum limit for the native heap growth. Please use -XX:HeapBaseMinAddress
#     to set the Java Heap base and to place the Java Heap above 4GB virtual address.
# This output file may be truncated or incomplete.
#
#  Out of Memory Error (allocation.cpp:44), pid=14536, tid=15932
#
# JRE version: OpenJDK Runtime Environment Temurin-17.0.4.1+1 (17.0.4.1+1) (build 17.0.4.1+1)
# Java VM: OpenJDK 64-Bit Server VM Temurin-17.0.4.1+1 (17.0.4.1+1, mixed mode, emulated-client, tiered, compressed oops, compressed class ptrs, g1 gc, windows-amd64)
# No core dump will be written. Minidumps are not enabled by default on client versions of Windows
#

---------------  S U M M A R Y ------------

Command Line: -Dsts.lsp.client=vscode -Dsts.log.file=/dev/null -XX:TieredStopAtLevel=1 -Xlog:jni+resolve=off -Dspring.config.location=file:c:\Users\00787701\.vscode\extensions\pivotal.vscode-spring-boot-1.39.0\language-server\BOOT-INF\classes\application.properties -agentpath:C:\Program Files\Palo Alto Networks\Traps\cyjagent.dll org.springframework.ide.vscode.boot.app.BootLanguageServerBootApp

Host: 11th Gen Intel(R) Core(TM) i5-1135G7 @ 2.40GHz, 8 cores, 7G,  Windows 10 , 64 bit Build 19041 (10.0.19041.1889)
Time: Tue Oct 18 23:53:40 2022 Hora oficial do Brasil elapsed time: 24049.700491 seconds (0d 6h 40m 49s)

---------------  T H R E A D  ---------------

Current thread (0x000002567ee5ef90):  VMThread "VM Thread" [stack: 0x000000fce0900000,0x000000fce0a00000] [id=15932]

Stack: [0x000000fce0900000,0x000000fce0a00000]
Native frames: (J=compiled Java code, j=interpreted, Vv=VM code, C=native code)
V  [jvm.dll+0x67731a]
V  [jvm.dll+0x832284]
V  [jvm.dll+0x833a2e]
V  [jvm.dll+0x834093]
V  [jvm.dll+0x245775]
V  [jvm.dll+0xa6393]
V  [jvm.dll+0x2f59c1]
V  [jvm.dll+0x2f1640]
V  [jvm.dll+0x2d9d27]
V  [jvm.dll+0x31ce37]
V  [jvm.dll+0x83853b]
V  [jvm.dll+0x839274]
V  [jvm.dll+0x83978c]
V  [jvm.dll+0x839b64]
V  [jvm.dll+0x839c30]
V  [jvm.dll+0x7e240a]
V  [jvm.dll+0x6761a5]
C  [ucrtbase.dll+0x21bb2]
C  [cyinjct.dll+0x11e7]
C  [KERNEL32.DLL+0x17034]
C  [ntdll.dll+0x526a1]

VM_Operation (0x000000fce30febf0): G1CollectFull, mode: safepoint, requested by thread 0x0000025607990cd0


---------------  P R O C E S S  ---------------

Threads class SMR info:
_java_thread_list=0x00000256099b4ca0, length=27, elements={
0x000002567ee77740, 0x000002567ee78000, 0x000002567f810c60, 0x000002567f811520,
0x000002567f811de0, 0x000002567f8146b0, 0x000002567f815020, 0x000002567f816130,
0x000002567fa58d10, 0x000002567fa64570, 0x000002560767d040, 0x0000025607990cd0,
0x0000025607992010, 0x00000256079924e0, 0x000002560798f990, 0x0000025607990800,
0x0000025609612eb0, 0x0000025609615a00, 0x0000025609613380, 0x0000025609615530,
0x0000025609610360, 0x0000025609610830, 0x0000025609617210, 0x0000025609615ed0,
0x00000256096129e0, 0x00000256096141f0, 0x00000256096163a0
}

Java Threads: ( => current thread )
  0x000002567ee77740 JavaThread "Reference Handler" daemon [_thread_blocked, id=15148, stack(0x000000fce0a00000,0x000000fce0b00000)]
  0x000002567ee78000 JavaThread "Finalizer" daemon [_thread_blocked, id=8376, stack(0x000000fce0b00000,0x000000fce0c00000)]
  0x000002567f810c60 JavaThread "Signal Dispatcher" daemon [_thread_blocked, id=16080, stack(0x000000fce0c00000,0x000000fce0d00000)]
  0x000002567f811520 JavaThread "Attach Listener" daemon [_thread_blocked, id=5284, stack(0x000000fce0d00000,0x000000fce0e00000)]
  0x000002567f811de0 JavaThread "Service Thread" daemon [_thread_blocked, id=13120, stack(0x000000fce0e00000,0x000000fce0f00000)]
  0x000002567f8146b0 JavaThread "Monitor Deflation Thread" daemon [_thread_blocked, id=8528, stack(0x000000fce0f00000,0x000000fce1000000)]
  0x000002567f815020 JavaThread "C1 CompilerThread0" daemon [_thread_blocked, id=5872, stack(0x000000fce1000000,0x000000fce1100000)]
  0x000002567f816130 JavaThread "Sweeper thread" daemon [_thread_blocked, id=7516, stack(0x000000fce1100000,0x000000fce1200000)]
  0x000002567fa58d10 JavaThread "Notification Thread" daemon [_thread_blocked, id=11532, stack(0x000000fce1300000,0x000000fce1400000)]
  0x000002567fa64570 JavaThread "Common-Cleaner" daemon [_thread_blocked, id=1564, stack(0x000000fce1500000,0x000000fce1600000)]
  0x000002560767d040 JavaThread "boundedElastic-evictor-1" daemon [_thread_blocked, id=10816, stack(0x000000fce2000000,0x000000fce2100000)]
  0x0000025607990cd0 JavaThread "pool-9-thread-1" [_thread_blocked, id=5316, stack(0x000000fce3000000,0x000000fce3100000)]
  0x0000025607992010 JavaThread "LanguageServerApp-lifecycle" [_thread_blocked, id=10184, stack(0x000000fce3100000,0x000000fce3200000)]
  0x00000256079924e0 JavaThread "DestroyJavaVM" [_thread_blocked, id=5568, stack(0x000000fce0300000,0x000000fce0400000)]
  0x000002560798f990 JavaThread "pool-10-thread-1" [_thread_in_native, id=3236, stack(0x000000fce3200000,0x000000fce3300000)]
  0x0000025607990800 JavaThread "Simple-Language-Server main thread" daemon [_thread_blocked, id=13752, stack(0x000000fce3300000,0x000000fce3400000)]
  0x0000025609612eb0 JavaThread "pool-7-thread-1" [_thread_blocked, id=16012, stack(0x000000fce3400000,0x000000fce3500000)]
  0x0000025609615a00 JavaThread "parallel-1" daemon [_thread_blocked, id=14952, stack(0x000000fce3500000,0x000000fce3600000)]
  0x0000025609613380 JavaThread "Reconciler-1" daemon [_thread_blocked, id=6404, stack(0x000000fce3600000,0x000000fce3700000)]
  0x0000025609615530 JavaThread "parallel-2" daemon [_thread_blocked, id=14920, stack(0x000000fce3c00000,0x000000fce3d00000)]
  0x0000025609610360 JavaThread "pool-5-thread-1" [_thread_blocked, id=3808, stack(0x000000fce1c00000,0x000000fce1d00000)]
  0x0000025609610830 JavaThread "parallel-3" daemon [_thread_blocked, id=5072, stack(0x000000fce3f00000,0x000000fce4000000)]
  0x0000025609617210 JavaThread "parallel-4" daemon [_thread_blocked, id=10012, stack(0x000000fce2400000,0x000000fce2500000)]
  0x0000025609615ed0 JavaThread "parallel-5" daemon [_thread_blocked, id=3604, stack(0x000000fce2600000,0x000000fce2700000)]
  0x00000256096129e0 JavaThread "parallel-6" daemon [_thread_blocked, id=15372, stack(0x000000fce2700000,0x000000fce2800000)]
  0x00000256096141f0 JavaThread "parallel-7" daemon [_thread_blocked, id=10180, stack(0x000000fce2800000,0x000000fce2900000)]
  0x00000256096163a0 JavaThread "parallel-8" daemon [_thread_blocked, id=12116, stack(0x000000fce2900000,0x000000fce2a00000)]

Other Threads:
=>0x000002567ee5ef90 VMThread "VM Thread" [stack: 0x000000fce0900000,0x000000fce0a00000] [id=15932]
  0x000002567fa591e0 WatcherThread [stack: 0x000000fce1400000,0x000000fce1500000] [id=11536]
  0x00000256759afd80 GCTaskThread "GC Thread#0" [stack: 0x000000fce0400000,0x000000fce0500000] [id=3328]
  0x000002560659fc00 GCTaskThread "GC Thread#1" [stack: 0x000000fce1700000,0x000000fce1800000] [id=1896]
  0x00000256065c3670 GCTaskThread "GC Thread#2" [stack: 0x000000fce1800000,0x000000fce1900000] [id=13452]
  0x00000256065c3920 GCTaskThread "GC Thread#3" [stack: 0x000000fce1900000,0x000000fce1a00000] [id=1372]
  0x00000256065c3bd0 GCTaskThread "GC Thread#4" [stack: 0x000000fce1a00000,0x000000fce1b00000] [id=3668]
  0x00000256065c3e80 GCTaskThread "GC Thread#5" [stack: 0x000000fce1b00000,0x000000fce1c00000] [id=14404]
  0x00000256071b2910 GCTaskThread "GC Thread#6" [stack: 0x000000fce1d00000,0x000000fce1e00000] [id=14268]
  0x00000256071b2bc0 GCTaskThread "GC Thread#7" [stack: 0x000000fce1e00000,0x000000fce1f00000] [id=9604]
  0x00000256759c03d0 ConcurrentGCThread "G1 Main Marker" [stack: 0x000000fce0500000,0x000000fce0600000] [id=8364]
  0x00000256759c1d00 ConcurrentGCThread "G1 Conc#0" [stack: 0x000000fce0600000,0x000000fce0700000] [id=14820]
  0x000002560738fbe0 ConcurrentGCThread "G1 Conc#1" [stack: 0x000000fce1f00000,0x000000fce2000000] [id=892]
  0x00000256759fece0 ConcurrentGCThread "G1 Refine#0" [stack: 0x000000fce0700000,0x000000fce0800000] [id=10660]
  0x00000256095a2de0 ConcurrentGCThread "G1 Refine#1" [stack: 0x000000fce3700000,0x000000fce3800000] [id=11400]
  0x00000256095a30c0 ConcurrentGCThread "G1 Refine#2" [stack: 0x000000fce3800000,0x000000fce3900000] [id=13868]
  0x00000256095a3680 ConcurrentGCThread "G1 Refine#3" [stack: 0x000000fce1600000,0x000000fce1700000] [id=12880]
  0x0000025607f18920 ConcurrentGCThread "G1 Refine#4" [stack: 0x000000fce1200000,0x000000fce1300000] [id=6328]
  0x0000025607f18640 ConcurrentGCThread "G1 Refine#5" [stack: 0x000000fce4000000,0x000000fce4100000] [id=15548]
  0x000002567ecba750 ConcurrentGCThread "G1 Service" [stack: 0x000000fce0800000,0x000000fce0900000] [id=5420]

Threads with active compile tasks:

VM state: at safepoint (normal execution)

VM Mutex/Monitor currently owned by a thread:  ([mutex/lock_event])
[0x00000256753de1f0] Threads_lock - owner thread: 0x000002567ee5ef90
[0x0000025675954160] Heap_lock - owner thread: 0x0000025607990cd0

Heap address: 0x0000000084000000, size: 1984 MB, Compressed Oops mode: 32-bit

CDS archive(s) not mapped
Compressed class space mapped at: 0x0000000100000000-0x0000000140000000, reserved size: 1073741824
Narrow klass base: 0x0000000000000000, Narrow klass shift: 3, Narrow klass range: 0x140000000

GC Precious Log:
 CPUs: 8 total, 8 available
 Memory: 7934M
 Large Page Support: Disabled
 NUMA Support: Disabled
 Compressed Oops: Enabled (32-bit)
 Heap Region Size: 1M
 Heap Min Capacity: 8M
 Heap Initial Capacity: 124M
 Heap Max Capacity: 1984M
 Pre-touch: Disabled
 Parallel Workers: 8
 Concurrent Workers: 2
 Concurrent Refinement Workers: 8
 Periodic GC: Disabled

Heap:
 garbage-first heap   total 133120K, used 41843K [0x0000000084000000, 0x0000000100000000)
  region size 1024K, 1 young (1024K), 0 survivors (0K)
 Metaspace       used 53993K, committed 54336K, reserved 1097728K
  class space    used 7135K, committed 7296K, reserved 1048576K

Heap Regions: E=young(eden), S=young(survivor), O=old, HS=humongous(starts), HC=humongous(continues), CS=collection set, F=free, OA=open archive, CA=closed archive, TAMS=top-at-mark-start (previous, next)
|   0|0x0000000084000000, 0x0000000084100000, 0x0000000084100000|100%| O|  |TAMS 0x0000000084100000, 0x0000000084000000| Untracked 
|   1|0x0000000084100000, 0x0000000084200000, 0x0000000084200000|100%| O|  |TAMS 0x0000000084200000, 0x0000000084100000| Untracked 
|   2|0x0000000084200000, 0x0000000084300000, 0x0000000084300000|100%| O|  |TAMS 0x0000000084300000, 0x0000000084200000| Untracked 
|   3|0x0000000084300000, 0x0000000084400000, 0x0000000084400000|100%| O|  |TAMS 0x0000000084400000, 0x0000000084300000| Untracked 
|   4|0x0000000084400000, 0x00000000844fff98, 0x0000000084500000| 99%| O|  |TAMS 0x00000000844fff98, 0x0000000084400000| Untracked 
|   5|0x0000000084500000, 0x00000000845fad10, 0x0000000084600000| 97%| O|  |TAMS 0x00000000845fad10, 0x0000000084500000| Untracked 
|   6|0x0000000084600000, 0x00000000846fffe8, 0x0000000084700000| 99%| O|  |TAMS 0x00000000846fffe8, 0x0000000084600000| Untracked 
|   7|0x0000000084700000, 0x00000000847ffff8, 0x0000000084800000| 99%| O|  |TAMS 0x00000000847ffff8, 0x0000000084700000| Untracked 
|   8|0x0000000084800000, 0x0000000084900000, 0x0000000084900000|100%| O|  |TAMS 0x0000000084900000, 0x0000000084800000| Untracked 
|   9|0x0000000084900000, 0x00000000849fffb8, 0x0000000084a00000| 99%| O|  |TAMS 0x00000000849fffb8, 0x0000000084900000| Untracked 
|  10|0x0000000084a00000, 0x0000000084afffe0, 0x0000000084b00000| 99%| O|  |TAMS 0x0000000084afffe0, 0x0000000084a00000| Untracked 
|  11|0x0000000084b00000, 0x0000000084bffff8, 0x0000000084c00000| 99%| O|  |TAMS 0x0000000084bffff8, 0x0000000084b00000| Untracked 
|  12|0x0000000084c00000, 0x0000000084d00000, 0x0000000084d00000|100%| O|  |TAMS 0x0000000084d00000, 0x0000000084c00000| Untracked 
|  13|0x0000000084d00000, 0x0000000084e00000, 0x0000000084e00000|100%| O|  |TAMS 0x0000000084e00000, 0x0000000084d00000| Untracked 
|  14|0x0000000084e00000, 0x0000000084effff8, 0x0000000084f00000| 99%| O|  |TAMS 0x0000000084effff8, 0x0000000084e00000| Untracked 
|  15|0x0000000084f00000, 0x0000000084fffff8, 0x0000000085000000| 99%| O|  |TAMS 0x0000000084fffff8, 0x0000000084f00000| Untracked 
|  16|0x0000000085000000, 0x00000000850ffff8, 0x0000000085100000| 99%| O|  |TAMS 0x00000000850ffff8, 0x0000000085000000| Untracked 
|  17|0x0000000085100000, 0x00000000851ffff8, 0x0000000085200000| 99%| O|  |TAMS 0x00000000851ffff8, 0x0000000085100000| Untracked 
|  18|0x0000000085200000, 0x0000000085300000, 0x0000000085300000|100%| O|  |TAMS 0x0000000085300000, 0x0000000085200000| Untracked 
|  19|0x0000000085300000, 0x00000000853ffff8, 0x0000000085400000| 99%| O|  |TAMS 0x00000000853ffff8, 0x0000000085300000| Untracked 
|  20|0x0000000085400000, 0x0000000085500000, 0x0000000085500000|100%| O|  |TAMS 0x0000000085500000, 0x0000000085400000| Untracked 
|  21|0x0000000085500000, 0x00000000855ffff0, 0x0000000085600000| 99%| O|  |TAMS 0x00000000855ffff0, 0x0000000085500000| Untracked 
|  22|0x0000000085600000, 0x00000000856fffd0, 0x0000000085700000| 99%| O|  |TAMS 0x00000000856fffd0, 0x0000000085600000| Untracked 
|  23|0x0000000085700000, 0x00000000857ffff8, 0x0000000085800000| 99%| O|  |TAMS 0x00000000857ffff8, 0x0000000085700000| Untracked 
|  24|0x0000000085800000, 0x00000000858ffff0, 0x0000000085900000| 99%| O|  |TAMS 0x00000000858ffff0, 0x0000000085800000| Untracked 
|  25|0x0000000085900000, 0x00000000859ffff8, 0x0000000085a00000| 99%| O|  |TAMS 0x00000000859ffff8, 0x0000000085900000| Untracked 
|  26|0x0000000085a00000, 0x0000000085afffa0, 0x0000000085b00000| 99%| O|  |TAMS 0x0000000085afffa0, 0x0000000085a00000| Untracked 
|  27|0x0000000085b00000, 0x0000000085c00000, 0x0000000085c00000|100%| O|  |TAMS 0x0000000085c00000, 0x0000000085b00000| Untracked 
|  28|0x0000000085c00000, 0x0000000085cffff0, 0x0000000085d00000| 99%| O|  |TAMS 0x0000000085cffff0, 0x0000000085c00000| Untracked 
|  29|0x0000000085d00000, 0x0000000085dffff8, 0x0000000085e00000| 99%| O|  |TAMS 0x0000000085dffff8, 0x0000000085d00000| Untracked 
|  30|0x0000000085e00000, 0x0000000085effff8, 0x0000000085f00000| 99%| O|  |TAMS 0x0000000085effff8, 0x0000000085e00000| Untracked 
|  31|0x0000000085f00000, 0x0000000085fffff8, 0x0000000086000000| 99%| O|  |TAMS 0x0000000085fffff8, 0x0000000085f00000| Untracked 
|  32|0x0000000086000000, 0x00000000860ffff0, 0x0000000086100000| 99%| O|  |TAMS 0x00000000860ffff0, 0x0000000086000000| Untracked 
|  33|0x0000000086100000, 0x00000000861fffe8, 0x0000000086200000| 99%| O|  |TAMS 0x00000000861fffe8, 0x0000000086100000| Untracked 
|  34|0x0000000086200000, 0x00000000862e17e0, 0x0000000086300000| 88%| O|  |TAMS 0x0000000086200000, 0x0000000086200000| Untracked 
|  35|0x0000000086300000, 0x0000000086300d00, 0x0000000086400000|  0%| O|  |TAMS 0x0000000086300000, 0x0000000086300000| Untracked 
|  36|0x0000000086400000, 0x0000000086400000, 0x0000000086500000|  0%| F|  |TAMS 0x0000000086400000, 0x0000000086400000| Untracked 
|  37|0x0000000086500000, 0x0000000086500000, 0x0000000086600000|  0%| F|  |TAMS 0x0000000086500000, 0x0000000086500000| Untracked 
|  38|0x0000000086600000, 0x0000000086600000, 0x0000000086700000|  0%| F|  |TAMS 0x0000000086600000, 0x0000000086600000| Untracked 
|  39|0x0000000086700000, 0x0000000086700000, 0x0000000086800000|  0%| F|  |TAMS 0x0000000086700000, 0x0000000086700000| Untracked 
|  40|0x0000000086800000, 0x00000000868fffe8, 0x0000000086900000| 99%| O|  |TAMS 0x00000000868fffe8, 0x0000000086800000| Untracked 
|  41|0x0000000086900000, 0x0000000086900000, 0x0000000086a00000|  0%| F|  |TAMS 0x0000000086900000, 0x0000000086900000| Untracked 
|  42|0x0000000086a00000, 0x0000000086a00000, 0x0000000086b00000|  0%| F|  |TAMS 0x0000000086a00000, 0x0000000086a00000| Untracked 
|  43|0x0000000086b00000, 0x0000000086b00000, 0x0000000086c00000|  0%| F|  |TAMS 0x0000000086b00000, 0x0000000086b00000| Untracked 
|  44|0x0000000086c00000, 0x0000000086c00000, 0x0000000086d00000|  0%| F|  |TAMS 0x0000000086c00000, 0x0000000086c00000| Untracked 
|  45|0x0000000086d00000, 0x0000000086d00000, 0x0000000086e00000|  0%| F|  |TAMS 0x0000000086d00000, 0x0000000086d00000| Untracked 
|  46|0x0000000086e00000, 0x0000000086e00000, 0x0000000086f00000|  0%| F|  |TAMS 0x0000000086e00000, 0x0000000086e00000| Untracked 
|  47|0x0000000086f00000, 0x0000000086f00000, 0x0000000087000000|  0%| F|  |TAMS 0x0000000086f00000, 0x0000000086f00000| Untracked 
|  48|0x0000000087000000, 0x0000000087000000, 0x0000000087100000|  0%| F|  |TAMS 0x0000000087000000, 0x0000000087000000| Untracked 
|  49|0x0000000087100000, 0x0000000087100000, 0x0000000087200000|  0%| F|  |TAMS 0x0000000087100000, 0x0000000087100000| Untracked 
|  50|0x0000000087200000, 0x0000000087200000, 0x0000000087300000|  0%| F|  |TAMS 0x0000000087200000, 0x0000000087200000| Untracked 
|  51|0x0000000087300000, 0x0000000087300000, 0x0000000087400000|  0%| F|  |TAMS 0x0000000087300000, 0x0000000087300000| Untracked 
|  52|0x0000000087400000, 0x0000000087400000, 0x0000000087500000|  0%| F|  |TAMS 0x0000000087400000, 0x0000000087400000| Untracked 
|  53|0x0000000087500000, 0x0000000087500000, 0x0000000087600000|  0%| F|  |TAMS 0x0000000087500000, 0x0000000087500000| Untracked 
|  54|0x0000000087600000, 0x0000000087600000, 0x0000000087700000|  0%| F|  |TAMS 0x0000000087600000, 0x0000000087600000| Untracked 
|  55|0x0000000087700000, 0x0000000087700000, 0x0000000087800000|  0%| F|  |TAMS 0x0000000087700000, 0x0000000087700000| Untracked 
|  56|0x0000000087800000, 0x0000000087800000, 0x0000000087900000|  0%| F|  |TAMS 0x0000000087800000, 0x0000000087800000| Untracked 
|  57|0x0000000087900000, 0x0000000087900000, 0x0000000087a00000|  0%| F|  |TAMS 0x0000000087900000, 0x0000000087900000| Untracked 
|  58|0x0000000087a00000, 0x0000000087a00000, 0x0000000087b00000|  0%| F|  |TAMS 0x0000000087a00000, 0x0000000087a00000| Untracked 
|  59|0x0000000087b00000, 0x0000000087b00000, 0x0000000087c00000|  0%| F|  |TAMS 0x0000000087b00000, 0x0000000087b00000| Untracked 
|  60|0x0000000087c00000, 0x0000000087c00000, 0x0000000087d00000|  0%| F|  |TAMS 0x0000000087c00000, 0x0000000087c00000| Untracked 
|  61|0x0000000087d00000, 0x0000000087d00000, 0x0000000087e00000|  0%| F|  |TAMS 0x0000000087d00000, 0x0000000087d00000| Untracked 
|  62|0x0000000087e00000, 0x0000000087e00000, 0x0000000087f00000|  0%| F|  |TAMS 0x0000000087e00000, 0x0000000087e00000| Untracked 
|  63|0x0000000087f00000, 0x0000000087f00000, 0x0000000088000000|  0%| F|  |TAMS 0x0000000087f00000, 0x0000000087f00000| Untracked 
|  64|0x0000000088000000, 0x0000000088000000, 0x0000000088100000|  0%| F|  |TAMS 0x0000000088000000, 0x0000000088000000| Untracked 
|  65|0x0000000088100000, 0x0000000088100000, 0x0000000088200000|  0%| F|  |TAMS 0x0000000088100000, 0x0000000088100000| Untracked 
|  66|0x0000000088200000, 0x0000000088200000, 0x0000000088300000|  0%| F|  |TAMS 0x0000000088200000, 0x0000000088200000| Untracked 
|  67|0x0000000088300000, 0x0000000088300000, 0x0000000088400000|  0%| F|  |TAMS 0x0000000088300000, 0x0000000088300000| Untracked 
|  68|0x0000000088400000, 0x0000000088400000, 0x0000000088500000|  0%| F|  |TAMS 0x0000000088400000, 0x0000000088400000| Untracked 
|  69|0x0000000088500000, 0x0000000088500000, 0x0000000088600000|  0%| F|  |TAMS 0x0000000088500000, 0x0000000088500000| Untracked 
|  70|0x0000000088600000, 0x0000000088600000, 0x0000000088700000|  0%| F|  |TAMS 0x0000000088600000, 0x0000000088600000| Untracked 
|  71|0x0000000088700000, 0x0000000088700000, 0x0000000088800000|  0%| F|  |TAMS 0x0000000088700000, 0x0000000088700000| Untracked 
|  72|0x0000000088800000, 0x0000000088800000, 0x0000000088900000|  0%| F|  |TAMS 0x0000000088800000, 0x0000000088800000| Untracked 
|  73|0x0000000088900000, 0x0000000088900000, 0x0000000088a00000|  0%| F|  |TAMS 0x0000000088900000, 0x0000000088900000| Untracked 
|  74|0x0000000088a00000, 0x0000000088a00000, 0x0000000088b00000|  0%| F|  |TAMS 0x0000000088a00000, 0x0000000088a00000| Untracked 
|  75|0x0000000088b00000, 0x0000000088b00000, 0x0000000088c00000|  0%| F|  |TAMS 0x0000000088b00000, 0x0000000088b00000| Untracked 
|  76|0x0000000088c00000, 0x0000000088c00000, 0x0000000088d00000|  0%| F|  |TAMS 0x0000000088c00000, 0x0000000088c00000| Untracked 
|  77|0x0000000088d00000, 0x0000000088d00000, 0x0000000088e00000|  0%| F|  |TAMS 0x0000000088d00000, 0x0000000088d00000| Untracked 
|  78|0x0000000088e00000, 0x0000000088e00000, 0x0000000088f00000|  0%| F|  |TAMS 0x0000000088e00000, 0x0000000088e00000| Untracked 
|  79|0x0000000088f00000, 0x0000000088f00000, 0x0000000089000000|  0%| F|  |TAMS 0x0000000088f00000, 0x0000000088f00000| Untracked 
|  80|0x0000000089000000, 0x0000000089000000, 0x0000000089100000|  0%| F|  |TAMS 0x0000000089000000, 0x0000000089000000| Untracked 
|  81|0x0000000089100000, 0x0000000089100000, 0x0000000089200000|  0%| F|  |TAMS 0x0000000089100000, 0x0000000089100000| Untracked 
|  82|0x0000000089200000, 0x0000000089200000, 0x0000000089300000|  0%| F|  |TAMS 0x0000000089200000, 0x0000000089200000| Untracked 
|  83|0x0000000089300000, 0x0000000089300000, 0x0000000089400000|  0%| F|  |TAMS 0x0000000089300000, 0x0000000089300000| Untracked 
|  84|0x0000000089400000, 0x0000000089400000, 0x0000000089500000|  0%| F|  |TAMS 0x0000000089400000, 0x0000000089400000| Untracked 
|  85|0x0000000089500000, 0x0000000089500000, 0x0000000089600000|  0%| F|  |TAMS 0x0000000089500000, 0x0000000089500000| Untracked 
|  86|0x0000000089600000, 0x0000000089600000, 0x0000000089700000|  0%| F|  |TAMS 0x0000000089600000, 0x0000000089600000| Untracked 
|  87|0x0000000089700000, 0x0000000089700000, 0x0000000089800000|  0%| F|  |TAMS 0x0000000089700000, 0x0000000089700000| Untracked 
|  88|0x0000000089800000, 0x0000000089800000, 0x0000000089900000|  0%| F|  |TAMS 0x0000000089800000, 0x0000000089800000| Untracked 
|  89|0x0000000089900000, 0x0000000089900000, 0x0000000089a00000|  0%| F|  |TAMS 0x0000000089900000, 0x0000000089900000| Untracked 
|  90|0x0000000089a00000, 0x0000000089a00000, 0x0000000089b00000|  0%| F|  |TAMS 0x0000000089a00000, 0x0000000089a00000| Untracked 
|  91|0x0000000089b00000, 0x0000000089b00000, 0x0000000089c00000|  0%| F|  |TAMS 0x0000000089b00000, 0x0000000089b00000| Untracked 
|  92|0x0000000089c00000, 0x0000000089c00000, 0x0000000089d00000|  0%| F|  |TAMS 0x0000000089c00000, 0x0000000089c00000| Untracked 
|  93|0x0000000089d00000, 0x0000000089d00000, 0x0000000089e00000|  0%| F|  |TAMS 0x0000000089d00000, 0x0000000089d00000| Untracked 
|  94|0x0000000089e00000, 0x0000000089e00000, 0x0000000089f00000|  0%| F|  |TAMS 0x0000000089e00000, 0x0000000089e00000| Untracked 
|  95|0x0000000089f00000, 0x0000000089f00000, 0x000000008a000000|  0%| F|  |TAMS 0x0000000089f00000, 0x0000000089f00000| Untracked 
|  96|0x000000008a000000, 0x000000008a000000, 0x000000008a100000|  0%| F|  |TAMS 0x000000008a000000, 0x000000008a000000| Untracked 
|  97|0x000000008a100000, 0x000000008a100000, 0x000000008a200000|  0%| F|  |TAMS 0x000000008a100000, 0x000000008a100000| Untracked 
|  98|0x000000008a200000, 0x000000008a200000, 0x000000008a300000|  0%| F|  |TAMS 0x000000008a200000, 0x000000008a200000| Untracked 
|  99|0x000000008a300000, 0x000000008a300000, 0x000000008a400000|  0%| F|  |TAMS 0x000000008a300000, 0x000000008a300000| Untracked 
| 100|0x000000008a400000, 0x000000008a400000, 0x000000008a500000|  0%| F|  |TAMS 0x000000008a400000, 0x000000008a400000| Untracked 
| 101|0x000000008a500000, 0x000000008a500000, 0x000000008a600000|  0%| F|  |TAMS 0x000000008a500000, 0x000000008a500000| Untracked 
| 102|0x000000008a600000, 0x000000008a600000, 0x000000008a700000|  0%| F|  |TAMS 0x000000008a600000, 0x000000008a600000| Untracked 
| 103|0x000000008a700000, 0x000000008a700000, 0x000000008a800000|  0%| F|  |TAMS 0x000000008a700000, 0x000000008a700000| Untracked 
| 104|0x000000008a800000, 0x000000008a800000, 0x000000008a900000|  0%| F|  |TAMS 0x000000008a800000, 0x000000008a800000| Untracked 
| 105|0x000000008a900000, 0x000000008a900000, 0x000000008aa00000|  0%| F|  |TAMS 0x000000008a900000, 0x000000008a900000| Untracked 
| 106|0x000000008aa00000, 0x000000008aa00000, 0x000000008ab00000|  0%| F|  |TAMS 0x000000008aa00000, 0x000000008aa00000| Untracked 
| 107|0x000000008ab00000, 0x000000008ab00000, 0x000000008ac00000|  0%| F|  |TAMS 0x000000008ab00000, 0x000000008ab00000| Untracked 
| 108|0x000000008ac00000, 0x000000008ac00000, 0x000000008ad00000|  0%| F|  |TAMS 0x000000008ac00000, 0x000000008ac00000| Untracked 
| 109|0x000000008ad00000, 0x000000008ae00000, 0x000000008ae00000|100%|HS|  |TAMS 0x000000008ae00000, 0x000000008ad00000| Untracked 
| 110|0x000000008ae00000, 0x000000008af00000, 0x000000008af00000|100%|HC|  |TAMS 0x000000008af00000, 0x000000008ae00000| Untracked 
| 111|0x000000008af00000, 0x000000008b000000, 0x000000008b000000|100%|HS|  |TAMS 0x000000008b000000, 0x000000008af00000| Untracked 
| 112|0x000000008b000000, 0x000000008b000000, 0x000000008b100000|  0%| F|  |TAMS 0x000000008b000000, 0x000000008b000000| Untracked 
| 113|0x000000008b100000, 0x000000008b100000, 0x000000008b200000|  0%| F|  |TAMS 0x000000008b100000, 0x000000008b100000| Untracked 
| 114|0x000000008b200000, 0x000000008b200000, 0x000000008b300000|  0%| F|  |TAMS 0x000000008b200000, 0x000000008b200000| Untracked 
| 115|0x000000008b300000, 0x000000008b300000, 0x000000008b400000|  0%| F|  |TAMS 0x000000008b300000, 0x000000008b300000| Untracked 
| 116|0x000000008b400000, 0x000000008b400000, 0x000000008b500000|  0%| F|  |TAMS 0x000000008b400000, 0x000000008b400000| Untracked 
| 117|0x000000008b500000, 0x000000008b500000, 0x000000008b600000|  0%| F|  |TAMS 0x000000008b500000, 0x000000008b500000| Untracked 
| 118|0x000000008b600000, 0x000000008b600000, 0x000000008b700000|  0%| F|  |TAMS 0x000000008b600000, 0x000000008b600000| Untracked 
| 119|0x000000008b700000, 0x000000008b700000, 0x000000008b800000|  0%| F|  |TAMS 0x000000008b700000, 0x000000008b700000| Untracked 
| 120|0x000000008b800000, 0x000000008b800000, 0x000000008b900000|  0%| F|  |TAMS 0x000000008b800000, 0x000000008b800000| Untracked 
| 121|0x000000008b900000, 0x000000008b900000, 0x000000008ba00000|  0%| F|  |TAMS 0x000000008b900000, 0x000000008b900000| Untracked 
| 122|0x000000008ba00000, 0x000000008ba00000, 0x000000008bb00000|  0%| F|  |TAMS 0x000000008ba00000, 0x000000008ba00000| Untracked 
| 123|0x000000008bb00000, 0x000000008bb00000, 0x000000008bc00000|  0%| F|  |TAMS 0x000000008bb00000, 0x000000008bb00000| Untracked 
| 124|0x000000008bc00000, 0x000000008bc00000, 0x000000008bd00000|  0%| F|  |TAMS 0x000000008bc00000, 0x000000008bc00000| Untracked 
| 125|0x000000008bd00000, 0x000000008bd00000, 0x000000008be00000|  0%| F|  |TAMS 0x000000008bd00000, 0x000000008bd00000| Untracked 
| 126|0x000000008be00000, 0x000000008be00000, 0x000000008bf00000|  0%| F|  |TAMS 0x000000008be00000, 0x000000008be00000| Untracked 
| 127|0x000000008bf00000, 0x000000008bf15658, 0x000000008c000000|  8%| E|  |TAMS 0x000000008bf00000, 0x000000008bf00000| Complete 
| 132|0x000000008c400000, 0x000000008c500000, 0x000000008c500000|100%|HS|  |TAMS 0x000000008c500000, 0x000000008c400000| Untracked 
| 425|0x000000009e900000, 0x000000009ea00000, 0x000000009ea00000|100%| O|  |TAMS 0x000000009ea00000, 0x000000009e900000| Untracked 

Card table byte_map: [0x000002567dbc0000,0x000002567dfa0000] _byte_map_base: 0x000002567d7a0000

Marking Bits (Prev, Next): (CMBitMap*) 0x00000256759b02e0, (CMBitMap*) 0x00000256759b02a0
 Prev Bits: [0x0000025601f00000, 0x0000025603e00000)
 Next Bits: [0x0000025600000000, 0x0000025601f00000)

Polling page: 0x00000256758b0000

Metaspace:

Usage:
  Non-class:     45.76 MB used.
      Class:      6.97 MB used.
       Both:     52.73 MB used.

Virtual space:
  Non-class space:       48.00 MB reserved,      45.94 MB ( 96%) committed,  6 nodes.
      Class space:        1.00 GB reserved,       7.12 MB ( <1%) committed,  1 nodes.
             Both:        1.05 GB reserved,      53.06 MB (  5%) committed. 

Chunk freelists:
   Non-Class:  1.70 MB
       Class:  844.00 KB
        Both:  2.53 MB

MaxMetaspaceSize: unlimited
CompressedClassSpaceSize: 1.00 GB
Initial GC threshold: 21.00 MB
Current GC threshold: 88.25 MB
CDS: off
MetaspaceReclaimPolicy: balanced
 - commit_granule_bytes: 65536.
 - commit_granule_words: 8192.
 - virtual_space_node_default_size: 1048576.
 - enlarge_chunks_in_place: 1.
 - new_chunks_are_fully_committed: 0.
 - uncommit_free_chunks: 1.
 - use_allocation_guard: 0.
 - handle_deallocations: 1.


Internal statistics:

num_allocs_failed_limit: 5.
num_arena_births: 596.
num_arena_deaths: 188.
num_vsnodes_births: 7.
num_vsnodes_deaths: 0.
num_space_committed: 849.
num_space_uncommitted: 0.
num_chunks_returned_to_freelist: 236.
num_chunks_taken_from_freelist: 2381.
num_chunk_merges: 79.
num_chunk_splits: 1625.
num_chunks_enlarged: 1248.
num_purges: 16.
num_inconsistent_stats: 0.

CodeCache: size=49152Kb used=19855Kb max_used=20622Kb free=29296Kb
 bounds [0x0000025679f00000, 0x000002567b3f0000, 0x000002567cf00000]
 total_blobs=10699 nmethods=10084 adapters=541
 compilation: enabled
              stopped_count=0, restarted_count=0
 full_count=0

Compilation events (20 events):
Event: 4332.767 Thread 0x000002567f815020 10228       1       org.springframework.ide.vscode.commons.languageserver.util.SimpleTextDocumentService::setQuickfixes (27 bytes)
Event: 4332.767 Thread 0x000002567f815020 nmethod 10228 0x000002567b20cb90 code [0x000002567b20cd40, 0x000002567b20cec8]
Event: 4333.264 Thread 0x000002567f815020 10229       1       org.eclipse.jdt.core.dom.ASTVisitor::visit (2 bytes)
Event: 4333.264 Thread 0x000002567f815020 nmethod 10229 0x000002567b20c890 code [0x000002567b20ca20, 0x000002567b20caf8]
Event: 4333.558 Thread 0x000002567f815020 10230       1       org.eclipse.jdt.internal.compiler.parser.Parser::rejectIllegalTypeAnnotations (140 bytes)
Event: 4333.559 Thread 0x000002567f815020 nmethod 10230 0x000002567b20bd90 code [0x000002567b20bfa0, 0x000002567b20c418]
Event: 4333.574 Thread 0x000002567f815020 10231       1       org.eclipse.jdt.internal.compiler.codegen.StackMapFrameCodeStream::resetSecretLocals (42 bytes)
Event: 4333.574 Thread 0x000002567f815020 nmethod 10231 0x000002567b20b910 code [0x000002567b20baa0, 0x000002567b20bc38]
Event: 4333.819 Thread 0x000002567f815020 10232       1       org.eclipse.jdt.internal.compiler.flow.UnconditionalFlowInfo::addInfoFrom (1847 bytes)
Event: 4333.822 Thread 0x000002567f815020 nmethod 10232 0x000002567b207a10 code [0x000002567b207da0, 0x000002567b209ea8]
Event: 4353.244 Thread 0x000002567f815020 10233       1       org.eclipse.jdt.internal.compiler.ast.Expression::localVariableBinding (2 bytes)
Event: 4353.244 Thread 0x000002567f815020 nmethod 10233 0x000002567b207710 code [0x000002567b2078a0, 0x000002567b207978]
Event: 4353.246 Thread 0x000002567f815020 10234       1       org.springframework.ide.vscode.boot.java.data.DataRepositorySymbolProvider::getRepositoryBean (202 bytes)
Event: 4353.248 Thread 0x000002567f815020 nmethod 10234 0x000002567b206110 code [0x000002567b206400, 0x000002567b206e28]
Event: 5524.710 Thread 0x000002567f815020 10235       1       java.lang.ProcessImpl::waitFor (136 bytes)
Event: 5524.710 Thread 0x000002567f815020 nmethod 10235 0x000002567b205490 code [0x000002567b2056a0, 0x000002567b205a98]
Event: 23478.103 Thread 0x000002567f815020 10237       1       sun.nio.cs.SingleByte$Encoder::encode (32 bytes)
Event: 23478.113 Thread 0x000002567f815020 nmethod 10237 0x000002567b205090 code [0x000002567b205220, 0x000002567b205398]
Event: 24039.595 Thread 0x000002567f815020 10238       1       java.lang.Module::getName (5 bytes)
Event: 24039.620 Thread 0x000002567f815020 nmethod 10238 0x000002567b204d90 code [0x000002567b204f20, 0x000002567b204ff8]

GC Heap History (20 events):
Event: 23927.389 GC heap before
{Heap before GC invocations=2249 (full 2192):
 garbage-first heap   total 133120K, used 41843K [0x0000000084000000, 0x0000000100000000)
  region size 1024K, 1 young (1024K), 0 survivors (0K)
 Metaspace       used 53993K, committed 54336K, reserved 1097728K
  class space    used 7135K, committed 7296K, reserved 1048576K
}
Event: 23927.422 GC heap after
{Heap after GC invocations=2250 (full 2193):
 garbage-first heap   total 133120K, used 41843K [0x0000000084000000, 0x0000000100000000)
  region size 1024K, 0 young (0K), 0 survivors (0K)
 Metaspace       used 53993K, committed 54336K, reserved 1097728K
  class space    used 7135K, committed 7296K, reserved 1048576K
}
Event: 23937.689 GC heap before
{Heap before GC invocations=2250 (full 2193):
 garbage-first heap   total 133120K, used 41843K [0x0000000084000000, 0x0000000100000000)
  region size 1024K, 1 young (1024K), 0 survivors (0K)
 Metaspace       used 53993K, committed 54336K, reserved 1097728K
  class space    used 7135K, committed 7296K, reserved 1048576K
}
Event: 23937.715 GC heap after
{Heap after GC invocations=2251 (full 2194):
 garbage-first heap   total 133120K, used 41843K [0x0000000084000000, 0x0000000100000000)
  region size 1024K, 0 young (0K), 0 survivors (0K)
 Metaspace       used 53993K, committed 54336K, reserved 1097728K
  class space    used 7135K, committed 7296K, reserved 1048576K
}
Event: 23947.867 GC heap before
{Heap before GC invocations=2251 (full 2194):
 garbage-first heap   total 133120K, used 41843K [0x0000000084000000, 0x0000000100000000)
  region size 1024K, 1 young (1024K), 0 survivors (0K)
 Metaspace       used 53993K, committed 54336K, reserved 1097728K
  class space    used 7135K, committed 7296K, reserved 1048576K
}
Event: 23947.896 GC heap after
{Heap after GC invocations=2252 (full 2195):
 garbage-first heap   total 133120K, used 41843K [0x0000000084000000, 0x0000000100000000)
  region size 1024K, 0 young (0K), 0 survivors (0K)
 Metaspace       used 53993K, committed 54336K, reserved 1097728K
  class space    used 7135K, committed 7296K, reserved 1048576K
}
Event: 23958.048 GC heap before
{Heap before GC invocations=2252 (full 2195):
 garbage-first heap   total 133120K, used 41843K [0x0000000084000000, 0x0000000100000000)
  region size 1024K, 1 young (1024K), 0 survivors (0K)
 Metaspace       used 53993K, committed 54336K, reserved 1097728K
  class space    used 7135K, committed 7296K, reserved 1048576K
}
Event: 23958.076 GC heap after
{Heap after GC invocations=2253 (full 2196):
 garbage-first heap   total 133120K, used 41843K [0x0000000084000000, 0x0000000100000000)
  region size 1024K, 0 young (0K), 0 survivors (0K)
 Metaspace       used 53993K, committed 54336K, reserved 1097728K
  class space    used 7135K, committed 7296K, reserved 1048576K
}
Event: 23968.257 GC heap before
{Heap before GC invocations=2253 (full 2196):
 garbage-first heap   total 133120K, used 41843K [0x0000000084000000, 0x0000000100000000)
  region size 1024K, 1 young (1024K), 0 survivors (0K)
 Metaspace       used 53993K, committed 54336K, reserved 1097728K
  class space    used 7135K, committed 7296K, reserved 1048576K
}
Event: 23968.282 GC heap after
{Heap after GC invocations=2254 (full 2197):
 garbage-first heap   total 133120K, used 41843K [0x0000000084000000, 0x0000000100000000)
  region size 1024K, 0 young (0K), 0 survivors (0K)
 Metaspace       used 53993K, committed 54336K, reserved 1097728K
  class space    used 7135K, committed 7296K, reserved 1048576K
}
Event: 23978.624 GC heap before
{Heap before GC invocations=2254 (full 2197):
 garbage-first heap   total 133120K, used 41843K [0x0000000084000000, 0x0000000100000000)
  region size 1024K, 1 young (1024K), 0 survivors (0K)
 Metaspace       used 53993K, committed 54336K, reserved 1097728K
  class space    used 7135K, committed 7296K, reserved 1048576K
}
Event: 23978.653 GC heap after
{Heap after GC invocations=2255 (full 2198):
 garbage-first heap   total 133120K, used 41843K [0x0000000084000000, 0x0000000100000000)
  region size 1024K, 0 young (0K), 0 survivors (0K)
 Metaspace       used 53993K, committed 54336K, reserved 1097728K
  class space    used 7135K, committed 7296K, reserved 1048576K
}
Event: 23988.842 GC heap before
{Heap before GC invocations=2255 (full 2198):
 garbage-first heap   total 133120K, used 41843K [0x0000000084000000, 0x0000000100000000)
  region size 1024K, 1 young (1024K), 0 survivors (0K)
 Metaspace       used 53993K, committed 54336K, reserved 1097728K
  class space    used 7135K, committed 7296K, reserved 1048576K
}
Event: 23988.875 GC heap after
{Heap after GC invocations=2256 (full 2199):
 garbage-first heap   total 133120K, used 41843K [0x0000000084000000, 0x0000000100000000)
  region size 1024K, 0 young (0K), 0 survivors (0K)
 Metaspace       used 53993K, committed 54336K, reserved 1097728K
  class space    used 7135K, committed 7296K, reserved 1048576K
}
Event: 23999.049 GC heap before
{Heap before GC invocations=2256 (full 2199):
 garbage-first heap   total 133120K, used 41843K [0x0000000084000000, 0x0000000100000000)
  region size 1024K, 1 young (1024K), 0 survivors (0K)
 Metaspace       used 53993K, committed 54336K, reserved 1097728K
  class space    used 7135K, committed 7296K, reserved 1048576K
}
Event: 23999.079 GC heap after
{Heap after GC invocations=2257 (full 2200):
 garbage-first heap   total 133120K, used 41843K [0x0000000084000000, 0x0000000100000000)
  region size 1024K, 0 young (0K), 0 survivors (0K)
 Metaspace       used 53993K, committed 54336K, reserved 1097728K
  class space    used 7135K, committed 7296K, reserved 1048576K
}
Event: 24009.268 GC heap before
{Heap before GC invocations=2257 (full 2200):
 garbage-first heap   total 133120K, used 41843K [0x0000000084000000, 0x0000000100000000)
  region size 1024K, 1 young (1024K), 0 survivors (0K)
 Metaspace       used 53993K, committed 54336K, reserved 1097728K
  class space    used 7135K, committed 7296K, reserved 1048576K
}
Event: 24009.300 GC heap after
{Heap after GC invocations=2258 (full 2201):
 garbage-first heap   total 133120K, used 41843K [0x0000000084000000, 0x0000000100000000)
  region size 1024K, 0 young (0K), 0 survivors (0K)
 Metaspace       used 53993K, committed 54336K, reserved 1097728K
  class space    used 7135K, committed 7296K, reserved 1048576K
}
Event: 24019.514 GC heap before
{Heap before GC invocations=2258 (full 2201):
 garbage-first heap   total 133120K, used 41843K [0x0000000084000000, 0x0000000100000000)
  region size 1024K, 1 young (1024K), 0 survivors (0K)
 Metaspace       used 53993K, committed 54336K, reserved 1097728K
  class space    used 7135K, committed 7296K, reserved 1048576K
}
Event: 24019.552 GC heap after
{Heap after GC invocations=2259 (full 2202):
 garbage-first heap   total 133120K, used 41843K [0x0000000084000000, 0x0000000100000000)
  region size 1024K, 0 young (0K), 0 survivors (0K)
 Metaspace       used 53993K, committed 54336K, reserved 1097728K
  class space    used 7135K, committed 7296K, reserved 1048576K
}

Deoptimization events (20 events):
Event: 276.675 Thread 0x0000025609612510 DEOPT PACKING pc=0x000002567ad197b6 sp=0x000000fce22fc2b0
Event: 276.675 Thread 0x0000025609612510 DEOPT UNPACKING pc=0x0000025679f56763 sp=0x000000fce22fb7a8 mode 3
Event: 284.706 Thread 0x0000025609612510 DEOPT PACKING pc=0x000002567aa64955 sp=0x000000fce22fdaf0
Event: 284.706 Thread 0x0000025609612510 DEOPT UNPACKING pc=0x0000025679f56763 sp=0x000000fce22fd010 mode 3
Event: 296.199 Thread 0x0000025609613850 DEOPT PACKING pc=0x000002567b0bacb6 sp=0x000000fce21fde20
Event: 296.199 Thread 0x0000025609613850 DEOPT UNPACKING pc=0x0000025679f56763 sp=0x000000fce21fd340 mode 3
Event: 314.739 Thread 0x0000025609612510 DEOPT PACKING pc=0x000002567b04ac1f sp=0x000000fce22fda40
Event: 314.740 Thread 0x0000025609612510 DEOPT UNPACKING pc=0x0000025679f56763 sp=0x000000fce22fd478 mode 3
Event: 918.940 Thread 0x00000256096176e0 DEOPT PACKING pc=0x000002567a05208a sp=0x000000fce22fd370
Event: 918.940 Thread 0x00000256096176e0 DEOPT UNPACKING pc=0x0000025679f56763 sp=0x000000fce22fc810 mode 3
Event: 920.640 Thread 0x00000256096176e0 DEOPT PACKING pc=0x000002567a16d300 sp=0x000000fce22fd6d0
Event: 920.640 Thread 0x00000256096176e0 DEOPT UNPACKING pc=0x0000025679f56763 sp=0x000000fce22fcbe0 mode 3
Event: 2362.383 Thread 0x0000025609610360 DEOPT PACKING pc=0x000002567b2cbebb sp=0x000000fce1cfedb0
Event: 2362.383 Thread 0x0000025609610360 DEOPT UNPACKING pc=0x0000025679f56763 sp=0x000000fce1cfe288 mode 3
Event: 2384.662 Thread 0x0000025609611b70 DEOPT PACKING pc=0x000002567b15a40f sp=0x000000fce2afd400
Event: 2384.662 Thread 0x0000025609611b70 DEOPT UNPACKING pc=0x0000025679f56763 sp=0x000000fce2afc908 mode 3
Event: 4142.618 Thread 0x000002560960fe90 DEOPT PACKING pc=0x000002567b290198 sp=0x000000fce23fdfb0
Event: 4142.618 Thread 0x000002560960fe90 DEOPT UNPACKING pc=0x0000025679f56763 sp=0x000000fce23fd4a8 mode 3
Event: 4159.535 Thread 0x00000256096116a0 DEOPT PACKING pc=0x000002567b256b8f sp=0x000000fce22fe370
Event: 4159.535 Thread 0x00000256096116a0 DEOPT UNPACKING pc=0x0000025679f56763 sp=0x000000fce22fd8c0 mode 3

Classes unloaded (20 events):
Event: 987.139 Thread 0x000002567ee5ef90 Unloading class 0x0000000100721400 'java/lang/invoke/LambdaForm$MH+0x0000000100721400'
Event: 987.139 Thread 0x000002567ee5ef90 Unloading class 0x0000000100520800 'java/lang/invoke/LambdaForm$MH+0x0000000100520800'
Event: 987.139 Thread 0x000002567ee5ef90 Unloading class 0x0000000100520400 'java/lang/invoke/LambdaForm$MH+0x0000000100520400'
Event: 987.139 Thread 0x000002567ee5ef90 Unloading class 0x00000001004dc000 'java/lang/invoke/LambdaForm$MH+0x00000001004dc000'
Event: 987.139 Thread 0x000002567ee5ef90 Unloading class 0x0000000100410000 'java/lang/invoke/LambdaForm$MH+0x0000000100410000'
Event: 2533.901 Thread 0x000002567ee5ef90 Unloading class 0x0000000100729400 'jdk/internal/reflect/GeneratedConstructorAccessor49'
Event: 2584.793 Thread 0x000002567ee5ef90 Unloading class 0x0000000100728400 'jdk/internal/reflect/GeneratedMethodAccessor47'
Event: 2584.794 Thread 0x000002567ee5ef90 Unloading class 0x0000000100728000 'jdk/internal/reflect/GeneratedConstructorAccessor47'
Event: 2584.794 Thread 0x000002567ee5ef90 Unloading class 0x0000000100410000 'jdk/internal/reflect/GeneratedMethodAccessor46'
Event: 2584.794 Thread 0x000002567ee5ef90 Unloading class 0x00000001004dc000 'jdk/internal/reflect/GeneratedConstructorAccessor46'
Event: 2584.794 Thread 0x000002567ee5ef90 Unloading class 0x0000000100520400 'jdk/internal/reflect/GeneratedMethodAccessor45'
Event: 2584.794 Thread 0x000002567ee5ef90 Unloading class 0x0000000100520800 'jdk/internal/reflect/GeneratedMethodAccessor44'
Event: 2584.794 Thread 0x000002567ee5ef90 Unloading class 0x0000000100721400 'jdk/internal/reflect/GeneratedMethodAccessor43'
Event: 4297.046 Thread 0x000002567ee5ef90 Unloading class 0x000000010072a800 'jdk/internal/reflect/GeneratedMethodAccessor54'
Event: 4297.046 Thread 0x000002567ee5ef90 Unloading class 0x000000010072a400 'jdk/internal/reflect/GeneratedConstructorAccessor55'
Event: 4297.046 Thread 0x000002567ee5ef90 Unloading class 0x000000010072a000 'jdk/internal/reflect/GeneratedMethodAccessor53'
Event: 4297.046 Thread 0x000002567ee5ef90 Unloading class 0x0000000100729c00 'jdk/internal/reflect/GeneratedConstructorAccessor54'
Event: 4297.046 Thread 0x000002567ee5ef90 Unloading class 0x0000000100729800 'jdk/internal/reflect/GeneratedMethodAccessor52'
Event: 4297.046 Thread 0x000002567ee5ef90 Unloading class 0x0000000100728400 'jdk/internal/reflect/GeneratedMethodAccessor51'
Event: 4297.046 Thread 0x000002567ee5ef90 Unloading class 0x0000000100728000 'jdk/internal/reflect/GeneratedMethodAccessor50'

Classes redefined (0 events):
No events

Internal exceptions (20 events):
Event: 66.625 Thread 0x0000025607990cd0 Exception <a 'java/lang/NoSuchMethodError'{0x00000000a3a2f5c0}: 'java.lang.Object java.lang.invoke.DirectMethodHandle$Holder.newInvokeSpecial(java.lang.Object, long)'> (0x00000000a3a2f5c0) 
thrown [s\src\hotspot\share\interpreter\linkResolver.cpp, line 759]
Event: 66.628 Thread 0x0000025607990cd0 Exception <a 'java/lang/NoSuchMethodError'{0x00000000a3a35ea8}: 'java.lang.Object java.lang.invoke.DirectMethodHandle$Holder.invokeStatic(java.lang.Object, java.lang.Object, long, java.lang.Object)'> (0x00000000a3a35ea8) 
thrown [s\src\hotspot\share\interpreter\linkResolver.cpp, line 759]
Event: 66.628 Thread 0x0000025607990cd0 Exception <a 'java/lang/NoSuchMethodError'{0x00000000a3a39940}: 'java.lang.Object java.lang.invoke.DirectMethodHandle$Holder.invokeStaticInit(java.lang.Object, java.lang.Object, long, java.lang.Object)'> (0x00000000a3a39940) 
thrown [s\src\hotspot\share\interpreter\linkResolver.cpp, line 759]
Event: 66.629 Thread 0x0000025607990cd0 Exception <a 'java/lang/NoSuchMethodError'{0x00000000a3a3fc70}: 'java.lang.Object java.lang.invoke.DirectMethodHandle$Holder.newInvokeSpecial(java.lang.Object, java.lang.Object, long)'> (0x00000000a3a3fc70) 
thrown [s\src\hotspot\share\interpreter\linkResolver.cpp, line 759]
Event: 276.669 Thread 0x0000025609612510 Implicit null exception at 0x000002567ad1f8da to 0x000002567ad1fb1b
Event: 276.675 Thread 0x0000025609612510 Implicit null exception at 0x000002567ad18c62 to 0x000002567ad197b1
Event: 284.706 Thread 0x0000025609612510 Implicit null exception at 0x000002567aa640a8 to 0x000002567aa64950
Event: 296.199 Thread 0x0000025609613850 Implicit null exception at 0x000002567b0ba4b6 to 0x000002567b0bacb1
Event: 918.940 Thread 0x00000256096176e0 Implicit null exception at 0x000002567a051a49 to 0x000002567a052085
Event: 919.317 Thread 0x0000025609614b90 Exception <a 'java/lang/NoSuchMethodError'{0x0000000089ec10e8}: 'java.lang.Object java.lang.invoke.DirectMethodHandle$Holder.invokeSpecial(java.lang.Object, java.lang.Object, int, java.lang.Object, java.lang.Object)'> (0x0000000089ec10e8) 
thrown [s\src\hotspot\share\interpreter\linkResolver.cpp, line 759]
Event: 919.317 Thread 0x0000025609614b90 Exception <a 'java/lang/NoSuchMethodError'{0x0000000089ec8d28}: 'java.lang.Object java.lang.invoke.DirectMethodHandle$Holder.newInvokeSpecial(java.lang.Object, java.lang.Object, int, java.lang.Object)'> (0x0000000089ec8d28) 
thrown [s\src\hotspot\share\interpreter\linkResolver.cpp, line 759]
Event: 919.318 Thread 0x0000025609614b90 Exception <a 'java/lang/NoSuchMethodError'{0x0000000089ecc648}: 'java.lang.Object java.lang.invoke.Invokers$Holder.linkToTargetMethod(java.lang.Object, int, java.lang.Object, java.lang.Object)'> (0x0000000089ecc648) 
thrown [s\src\hotspot\share\interpreter\linkResolver.cpp, line 759]
Event: 920.640 Thread 0x00000256096176e0 Implicit null exception at 0x000002567a16cf5e to 0x000002567a16d2fb
Event: 2362.382 Thread 0x0000025609610360 Implicit null exception at 0x000002567b2cac04 to 0x000002567b2cbeb6
Event: 2384.662 Thread 0x0000025609611b70 Implicit null exception at 0x000002567b15a17f to 0x000002567b15a40a
Event: 4142.618 Thread 0x000002560960fe90 Implicit null exception at 0x000002567b28fe3a to 0x000002567b290193
Event: 4159.535 Thread 0x00000256096116a0 Implicit null exception at 0x000002567b256484 to 0x000002567b256b8a
Event: 23477.901 Thread 0x0000025607990cd0 Exception <a 'java/io/IOException'{0x000000008bf00638}: CreateProcess error=1455, O arquivo de paginação é muito pequeno para que esta operação seja concluída> (0x000000008bf00638) 
thrown [s\src\hotspot\share\prims\jni.cpp, line 535]
Event: 24029.577 Thread 0x0000025607990cd0 Exception <a 'java/io/IOException'{0x000000008bf00638}: CreateProcess error=1455, O arquivo de paginação é muito pequeno para que esta operação seja concluída> (0x000000008bf00638) 
thrown [s\src\hotspot\share\prims\jni.cpp, line 535]
Event: 24039.591 Thread 0x0000025607990cd0 Exception <a 'java/io/IOException'{0x000000008bf08b18}: CreateProcess error=1455, O arquivo de paginação é muito pequeno para que esta operação seja concluída> (0x000000008bf08b18) 
thrown [s\src\hotspot\share\prims\jni.cpp, line 535]

VM Operations (20 events):
Event: 23927.422 Executing VM operation: G1CollectFull done
Event: 23937.689 Executing VM operation: G1CollectFull
Event: 23937.715 Executing VM operation: G1CollectFull done
Event: 23947.867 Executing VM operation: G1CollectFull
Event: 23947.896 Executing VM operation: G1CollectFull done
Event: 23958.048 Executing VM operation: G1CollectFull
Event: 23958.076 Executing VM operation: G1CollectFull done
Event: 23968.257 Executing VM operation: G1CollectFull
Event: 23968.282 Executing VM operation: G1CollectFull done
Event: 23978.624 Executing VM operation: G1CollectFull
Event: 23978.653 Executing VM operation: G1CollectFull done
Event: 23988.842 Executing VM operation: G1CollectFull
Event: 23988.875 Executing VM operation: G1CollectFull done
Event: 23999.049 Executing VM operation: G1CollectFull
Event: 23999.079 Executing VM operation: G1CollectFull done
Event: 24009.267 Executing VM operation: G1CollectFull
Event: 24009.300 Executing VM operation: G1CollectFull done
Event: 24019.514 Executing VM operation: G1CollectFull
Event: 24019.553 Executing VM operation: G1CollectFull done
Event: 24049.687 Executing VM operation: G1CollectFull

Events (20 events):
Event: 4040.401 Thread 0x0000025609613d20 Thread added: 0x0000025609613d20
Event: 4040.404 Thread 0x00000256096116a0 Thread added: 0x00000256096116a0
Event: 4062.173 Thread 0x000002560960fe90 Thread added: 0x000002560960fe90
Event: 4067.164 loading class java/util/logging/LogRecord
Event: 4067.182 loading class java/util/logging/LogRecord done
Event: 4140.422 loading class java/util/Spliterators$IntArraySpliterator
Event: 4140.424 loading class java/util/Spliterators$IntArraySpliterator done
Event: 4140.427 loading class java/util/stream/Nodes$IntSpinedNodeBuilder
Event: 4140.429 loading class java/util/stream/SpinedBuffer$OfInt
Event: 4140.432 loading class java/util/stream/SpinedBuffer$OfPrimitive
Event: 4140.433 loading class java/util/stream/SpinedBuffer$OfPrimitive done
Event: 4140.433 loading class java/util/stream/SpinedBuffer$OfInt done
Event: 4140.433 loading class java/util/stream/Nodes$IntSpinedNodeBuilder done
Event: 4157.162 Thread 0x0000025609d1efd0 Thread added: 0x0000025609d1efd0
Event: 4158.574 Thread 0x0000025609d1efd0 Thread exited: 0x0000025609d1efd0
Event: 4219.815 Thread 0x000002560960fe90 Thread exited: 0x000002560960fe90
Event: 4299.806 Thread 0x00000256096116a0 Thread exited: 0x00000256096116a0
Event: 4310.281 Thread 0x0000025609614b90 Thread added: 0x0000025609614b90
Event: 4413.020 Thread 0x0000025609614b90 Thread exited: 0x0000025609614b90
Event: 4418.266 Thread 0x0000025609613d20 Thread exited: 0x0000025609613d20


Dynamic libraries:
0x00007ff609bd0000 - 0x00007ff609bde000 	c:\Users\00787701\.vscode\extensions\redhat.java-1.11.0-win32-x64\jre\17.0.4.1-win32-x86_64\bin\java.exe
0x00007ff871cd0000 - 0x00007ff871ec8000 	C:\Windows\SYSTEM32\ntdll.dll
0x00007ff871a30000 - 0x00007ff871aed000 	C:\Windows\System32\KERNEL32.DLL
0x00007ff871750000 - 0x00007ff871a22000 	C:\Windows\System32\KERNELBASE.dll
0x0000000047ba0000 - 0x0000000047bdb000 	C:\Windows\System32\cyinjct.dll
0x00007ff8715d0000 - 0x00007ff8715dc000 	C:\Windows\System32\ntnativeapi.dll
0x00007ff852220000 - 0x00007ff852238000 	c:\Users\00787701\.vscode\extensions\redhat.java-1.11.0-win32-x64\jre\17.0.4.1-win32-x86_64\bin\jli.dll
0x00000256754a0000 - 0x000002567563d000 	C:\Windows\System32\USER32.dll
0x00007ff86f570000 - 0x00007ff86f592000 	C:\Windows\System32\win32u.dll
0x00007ff86fc20000 - 0x00007ff86fc4b000 	C:\Windows\System32\GDI32.dll
0x00007ff86f7d0000 - 0x00007ff86f8df000 	C:\Windows\System32\gdi32full.dll
0x00007ff86f2c0000 - 0x00007ff86f35d000 	C:\Windows\System32\msvcp_win.dll
0x0000025675640000 - 0x0000025675740000 	C:\Windows\System32\ucrtbase.dll
0x00007ff852200000 - 0x00007ff852219000 	c:\Users\00787701\.vscode\extensions\redhat.java-1.11.0-win32-x64\jre\17.0.4.1-win32-x86_64\bin\VCRUNTIME140.dll
0x00007ff8597f0000 - 0x00007ff859a8a000 	C:\Windows\WinSxS\amd64_microsoft.windows.common-controls_6595b64144ccf1df_6.0.19041.1110_none_60b5254171f9507e\COMCTL32.dll
0x00007ff86ffc0000 - 0x00007ff87005e000 	C:\Windows\System32\msvcrt.dll
0x00007ff8715b0000 - 0x00007ff8715ce000 	C:\Windows\System32\cyvera.dll
0x00007ff871540000 - 0x00007ff8715a8000 	C:\Windows\System32\cyvrtrap.dll
0x00007ff86fa10000 - 0x00007ff86fa40000 	C:\Windows\System32\IMM32.DLL
0x00007ff8521f0000 - 0x00007ff8521fc000 	c:\Users\00787701\.vscode\extensions\redhat.java-1.11.0-win32-x64\jre\17.0.4.1-win32-x86_64\bin\vcruntime140_1.dll
0x00007ff852150000 - 0x00007ff8521e1000 	c:\Users\00787701\.vscode\extensions\redhat.java-1.11.0-win32-x64\jre\17.0.4.1-win32-x86_64\bin\msvcp140.dll
0x00007ffff71d0000 - 0x00007ffff7e16000 	c:\Users\00787701\.vscode\extensions\redhat.java-1.11.0-win32-x64\jre\17.0.4.1-win32-x86_64\bin\server\jvm.dll
0x00007ff86fa40000 - 0x00007ff86faee000 	C:\Windows\System32\ADVAPI32.dll
0x00007ff870ba0000 - 0x00007ff870c3c000 	C:\Windows\System32\sechost.dll
0x00007ff871620000 - 0x00007ff871745000 	C:\Windows\System32\RPCRT4.dll
0x00007ff86ffb0000 - 0x00007ff86ffb8000 	C:\Windows\System32\PSAPI.DLL
0x00007ff851810000 - 0x00007ff851819000 	C:\Windows\SYSTEM32\WSOCK32.dll
0x00007ff870060000 - 0x00007ff8700cb000 	C:\Windows\System32\WS2_32.dll
0x00007ff853470000 - 0x00007ff853497000 	C:\Windows\SYSTEM32\WINMM.dll
0x00007ff865050000 - 0x00007ff86505a000 	C:\Windows\SYSTEM32\VERSION.dll
0x00007ff86dd60000 - 0x00007ff86dd72000 	C:\Windows\SYSTEM32\kernel.appcore.dll
0x00007ff852140000 - 0x00007ff85214a000 	c:\Users\00787701\.vscode\extensions\redhat.java-1.11.0-win32-x64\jre\17.0.4.1-win32-x86_64\bin\jimage.dll
0x00007ff86d560000 - 0x00007ff86d744000 	C:\Windows\SYSTEM32\DBGHELP.DLL
0x00007ff8534a0000 - 0x00007ff8534cc000 	C:\Windows\SYSTEM32\dbgcore.DLL
0x00007ff86f640000 - 0x00007ff86f6c2000 	C:\Windows\System32\bcryptPrimitives.dll
0x00007ff871500000 - 0x00007ff871537000 	C:\Program Files\Palo Alto Networks\Traps\cyjagent.dll
0x00007ff852100000 - 0x00007ff852125000 	c:\Users\00787701\.vscode\extensions\redhat.java-1.11.0-win32-x64\jre\17.0.4.1-win32-x86_64\bin\java.dll
0x00007ff8520e0000 - 0x00007ff8520f8000 	c:\Users\00787701\.vscode\extensions\redhat.java-1.11.0-win32-x64\jre\17.0.4.1-win32-x86_64\bin\zip.dll
0x00007ff8702c0000 - 0x00007ff870a03000 	C:\Windows\System32\SHELL32.dll
0x00007ff86cc10000 - 0x00007ff86d3a1000 	C:\Windows\SYSTEM32\windows.storage.dll
0x00007ff86fc50000 - 0x00007ff86ffa4000 	C:\Windows\System32\combase.dll
0x00007ff86ed20000 - 0x00007ff86ed50000 	C:\Windows\SYSTEM32\Wldp.dll
0x00007ff870210000 - 0x00007ff8702bd000 	C:\Windows\System32\SHCORE.dll
0x00007ff8700d0000 - 0x00007ff870125000 	C:\Windows\System32\shlwapi.dll
0x00007ff86f200000 - 0x00007ff86f21f000 	C:\Windows\SYSTEM32\profapi.dll
0x00007ff8520c0000 - 0x00007ff8520d9000 	C:\Users\00787701\.vscode\extensions\redhat.java-1.11.0-win32-x64\jre\17.0.4.1-win32-x86_64\bin\net.dll
0x00007ff86e2b0000 - 0x00007ff86e3bd000 	C:\Windows\SYSTEM32\WINHTTP.dll
0x00007ff86ea80000 - 0x00007ff86eaea000 	C:\Windows\system32\mswsock.dll
0x00007ff8520a0000 - 0x00007ff8520b5000 	C:\Users\00787701\.vscode\extensions\redhat.java-1.11.0-win32-x64\jre\17.0.4.1-win32-x86_64\bin\nio.dll
0x00007ff852090000 - 0x00007ff8520a0000 	c:\Users\00787701\.vscode\extensions\redhat.java-1.11.0-win32-x64\jre\17.0.4.1-win32-x86_64\bin\verify.dll
0x00007ff862d20000 - 0x00007ff862d29000 	C:\Users\00787701\.vscode\extensions\redhat.java-1.11.0-win32-x64\jre\17.0.4.1-win32-x86_64\bin\management.dll
0x00007ff862d10000 - 0x00007ff862d1b000 	C:\Users\00787701\.vscode\extensions\redhat.java-1.11.0-win32-x64\jre\17.0.4.1-win32-x86_64\bin\management_ext.dll
0x00007ff847fd0000 - 0x00007ff847fe7000 	C:\Windows\system32\napinsp.dll
0x00007ff848370000 - 0x00007ff84838b000 	C:\Windows\system32\pnrpnsp.dll
0x00007ff848390000 - 0x00007ff8483a5000 	C:\Windows\system32\wshbth.dll
0x00007ff866aa0000 - 0x00007ff866abd000 	C:\Windows\system32\NLAapi.dll
0x00007ff86e720000 - 0x00007ff86e75b000 	C:\Windows\SYSTEM32\IPHLPAPI.DLL
0x00007ff86e770000 - 0x00007ff86e83a000 	C:\Windows\SYSTEM32\DNSAPI.dll
0x00007ff86fa00000 - 0x00007ff86fa08000 	C:\Windows\System32\NSI.dll
0x00007ff847ff0000 - 0x00007ff848002000 	C:\Windows\System32\winrnr.dll
0x00007ff862ce0000 - 0x00007ff862cea000 	C:\Windows\System32\rasadhlp.dll
0x00007ff866770000 - 0x00007ff8667f0000 	C:\Windows\System32\fwpuclnt.dll
0x00007ff86f5a0000 - 0x00007ff86f5c7000 	C:\Windows\System32\bcrypt.dll
0x00007ff86ec70000 - 0x00007ff86ec88000 	C:\Windows\SYSTEM32\CRYPTSP.dll
0x00007ff86e220000 - 0x00007ff86e254000 	C:\Windows\system32\rsaenh.dll
0x00007ff86f180000 - 0x00007ff86f1ae000 	C:\Windows\SYSTEM32\USERENV.dll
0x00007ff86ec90000 - 0x00007ff86ec9c000 	C:\Windows\SYSTEM32\CRYPTBASE.dll
0x00007ff865ef0000 - 0x00007ff865f07000 	C:\Windows\SYSTEM32\dhcpcsvc6.DLL
0x00007ff865e60000 - 0x00007ff865e7d000 	C:\Windows\SYSTEM32\dhcpcsvc.DLL

dbghelp: loaded successfully - version: 4.0.5 - missing functions: none
symbol engine: initialized successfully - sym options: 0x614 - pdb path: .;c:\Users\00787701\.vscode\extensions\redhat.java-1.11.0-win32-x64\jre\17.0.4.1-win32-x86_64\bin;C:\Windows\SYSTEM32;C:\Windows\WinSxS\amd64_microsoft.windows.common-controls_6595b64144ccf1df_6.0.19041.1110_none_60b5254171f9507e;c:\Users\00787701\.vscode\extensions\redhat.java-1.11.0-win32-x64\jre\17.0.4.1-win32-x86_64\bin\server;C:\Program Files\Palo Alto Networks\Traps

VM Arguments:
jvm_args: -Dsts.lsp.client=vscode -Dsts.log.file=/dev/null -XX:TieredStopAtLevel=1 -Xlog:jni+resolve=off -Dspring.config.location=file:c:\Users\00787701\.vscode\extensions\pivotal.vscode-spring-boot-1.39.0\language-server\BOOT-INF\classes\application.properties -agentpath:C:\Program Files\Palo Alto Networks\Traps\cyjagent.dll 
java_command: org.springframework.ide.vscode.boot.app.BootLanguageServerBootApp
java_class_path (initial): c:\Users\00787701\.vscode\extensions\pivotal.vscode-spring-boot-1.39.0\language-server\BOOT-INF\classes;c:\Users\00787701\.vscode\extensions\pivotal.vscode-spring-boot-1.39.0\language-server\BOOT-INF\lib\annotations-23.0.0.jar;c:\Users\00787701\.vscode\extensions\pivotal.vscode-spring-boot-1.39.0\language-server\BOOT-INF\lib\antlr-runtime-3.5.2.jar;c:\Users\00787701\.vscode\extensions\pivotal.vscode-spring-boot-1.39.0\language-server\BOOT-INF\lib\antlr4-4.9.3.jar;c:\Users\00787701\.vscode\extensions\pivotal.vscode-spring-boot-1.39.0\language-server\BOOT-INF\lib\antlr4-runtime-4.9.3.jar;c:\Users\00787701\.vscode\extensions\pivotal.vscode-spring-boot-1.39.0\language-server\BOOT-INF\lib\asm-9.3.jar;c:\Users\00787701\.vscode\extensions\pivotal.vscode-spring-boot-1.39.0\language-server\BOOT-INF\lib\asm-analysis-9.3.jar;c:\Users\00787701\.vscode\extensions\pivotal.vscode-spring-boot-1.39.0\language-server\BOOT-INF\lib\asm-tree-9.3.jar;c:\Users\00787701\.vscode\extensions\pivotal.vscode-spring-boot-1.39.0\language-server\BOOT-INF\lib\asm-util-9.3.jar;c:\Users\00787701\.vscode\extensions\pivotal.vscode-spring-boot-1.39.0\language-server\BOOT-INF\lib\byte-buddy-1.12.13.jar;c:\Users\00787701\.vscode\extensions\pivotal.vscode-spring-boot-1.39.0\language-server\BOOT-INF\lib\caffeine-2.9.3.jar;c:\Users\00787701\.vscode\extensions\pivotal.vscode-spring-boot-1.39.0\language-server\BOOT-INF\lib\checker-qual-3.12.0.jar;c:\Users\00787701\.vscode\extensions\pivotal.vscode-spring-boot-1.39.0\language-server\BOOT-INF\lib\classgraph-4.8.149.jar;c:\Users\00787701\.vscode\extensions\pivotal.vscode-spring-boot-1.39.0\language-server\BOOT-INF\lib\commons-codec-1.15.jar;c:\Users\00787701\.vscode\extensions\pivotal.vscode-spring-boot-1.39.0\language-server\BOOT-INF\lib\commons-compress-1.21.jar;c:\Users\00787701\.vscode\extensions\pivotal.vscode-spring-boot-1.39.0\language-server\BOOT-INF\lib\commons-exec-1.3.jar;c:\Users\00787701\.vscode\extensions\pivotal.vscode-
Launcher Type: SUN_STANDARD

[Global flags]
     intx CICompilerCount                          = 4                                         {product} {ergonomic}
     uint ConcGCThreads                            = 2                                         {product} {ergonomic}
     uint G1ConcRefinementThreads                  = 8                                         {product} {ergonomic}
   size_t G1HeapRegionSize                         = 1048576                                   {product} {ergonomic}
    uintx GCDrainStackTargetSize                   = 64                                        {product} {ergonomic}
   size_t InitialHeapSize                          = 130023424                                 {product} {ergonomic}
   size_t MarkStackSize                            = 4194304                                   {product} {ergonomic}
   size_t MaxHeapSize                              = 2080374784                                {product} {ergonomic}
   size_t MaxNewSize                               = 1247805440                                {product} {ergonomic}
   size_t MinHeapDeltaBytes                        = 1048576                                   {product} {ergonomic}
   size_t MinHeapSize                              = 8388608                                   {product} {ergonomic}
    uintx NonProfiledCodeHeapSize                  = 0                                      {pd product} {ergonomic}
     bool ProfileInterpreter                       = false                                  {pd product} {command line}
    uintx ProfiledCodeHeapSize                     = 0                                      {pd product} {ergonomic}
   size_t SoftMaxHeapSize                          = 2080374784                             {manageable} {ergonomic}
     intx TieredStopAtLevel                        = 1                                         {product} {command line}
     bool UseCompressedClassPointers               = true                           {product lp64_product} {ergonomic}
     bool UseCompressedOops                        = true                           {product lp64_product} {ergonomic}
     bool UseG1GC                                  = true                                      {product} {ergonomic}
     bool UseLargePagesIndividualAllocation        = false                                  {pd product} {ergonomic}

Logging:
Log output configuration:
 #0: stdout all=warning,jni+resolve=off uptime,level,tags
 #1: stderr all=off uptime,level,tags

Environment Variables:
JAVA_HOME=C:\Program Files\Java\jre1.8.0_291
PATH=C:\Program Files (x86)\Common Files\Oracle\Java\javapath;C:\Windows\system32;C:\Windows;C:\Windows\System32\Wbem;C:\Windows\System32\WindowsPowerShell\v1.0\;C:\Windows\System32\OpenSSH\;C:\Program Files (x86)\Microsoft SQL Server\80\Tools\Binn\;C:\Program Files\dotnet\;C:\Program Files\Git\cmd;C:\Users\00787701\AppData\Local\Microsoft\WindowsApps;C:\Users\00787701\AppData\Local\Programs\Microsoft VS Code\bin;C:\Program Files\Java\jre1.8.0_291\bin;C:\apache-maven-3.8.6\bin;
USERNAME=00787701
SHELL=C:\Program Files\Git\usr\bin\bash.exe
DISPLAY=needs-to-be-defined
LC_CTYPE=pt_BR.UTF-8
TERM=xterm
TMPDIR=C:\Users\00787701\AppData\Local\Temp
OS=Windows_NT
PROCESSOR_IDENTIFIER=Intel64 Family 6 Model 140 Stepping 1, GenuineIntel
TMP=C:\Users\00787701\AppData\Local\Temp
TEMP=C:\Users\00787701\AppData\Local\Temp



---------------  S Y S T E M  ---------------

OS:
 Windows 10 , 64 bit Build 19041 (10.0.19041.1889)
OS uptime: 0 days 6:46 hours

CPU: total 8 (initial active 8) (4 cores per cpu, 2 threads per core) family 6 model 140 stepping 1 microcode 0xa4, cx8, cmov, fxsr, ht, mmx, 3dnowpref, sse, sse2, sse3, ssse3, sse4.1, sse4.2, popcnt, lzcnt, tsc, tscinvbit, avx, avx2, aes, erms, clmul, bmi1, bmi2, adx, avx512f, avx512dq, avx512cd, avx512bw, avx512vl, sha, fma, vzeroupper, avx512_vpopcntdq, avx512_vpclmulqdq, avx512_vaes, avx512_vnni, clflush, clflushopt, clwb, avx512_vbmi2, avx512_vbmi

Memory: 4k page, system-wide physical 7934M (261M free)
TotalPageFile size 32510M (AvailPageFile size 2M)
current process WorkingSet (physical memory assigned to process): 83M, peak: 776M
current process commit charge ("private bytes"): 312M, peak: 1143M

vm_info: OpenJDK 64-Bit Server VM (17.0.4.1+1) for windows-amd64 JRE (17.0.4.1+1), built on Aug 17 2022 07:42:43 by "temurin" with MS VC++ 16.7 (VS2019)

END.
