#
# There is insufficient memory for the Java Runtime Environment to continue.
# Native memory allocation (mmap) failed to map 23068672 bytes for G1 virtual space
# Possible reasons:
#   The system is out of physical RAM or swap space
#   The process is running with CompressedOops enabled, and the Java Heap may be blocking the growth of the native heap
# Possible solutions:
#   Reduce memory load on the system
#   Increase physical memory or swap space
#   Check if swap backing store is full
#   Decrease Java heap size (-Xmx/-Xms)
#   Decrease number of Java threads
#   Decrease Java thread stack sizes (-Xss)
#   Set larger code cache with -XX:ReservedCodeCacheSize=
#   JVM is running with Unscaled Compressed Oops mode in which the Java heap is
#     placed in the first 4GB address space. The Java Heap base address is the
#     maximum limit for the native heap growth. Please use -XX:HeapBaseMinAddress
#     to set the Java Heap base and to place the Java Heap above 4GB virtual address.
# This output file may be truncated or incomplete.
#
#  Out of Memory Error (os_windows.cpp:3541), pid=2904, tid=5504
#
# JRE version: OpenJDK Runtime Environment Temurin-17.0.4.1+1 (17.0.4.1+1) (build 17.0.4.1+1)
# Java VM: OpenJDK 64-Bit Server VM Temurin-17.0.4.1+1 (17.0.4.1+1, mixed mode, emulated-client, tiered, compressed oops, compressed class ptrs, g1 gc, windows-amd64)
# No core dump will be written. Minidumps are not enabled by default on client versions of Windows
#

---------------  S U M M A R Y ------------

Command Line: -Dsts.lsp.client=vscode -Dsts.log.file=/dev/null -XX:TieredStopAtLevel=1 -Xlog:jni+resolve=off -Dspring.config.location=file:c:\Users\00787701\.vscode\extensions\pivotal.vscode-spring-boot-1.39.0\language-server\BOOT-INF\classes\application.properties -agentpath:C:\Program Files\Palo Alto Networks\Traps\cyjagent.dll org.springframework.ide.vscode.boot.app.BootLanguageServerBootApp

Host: 11th Gen Intel(R) Core(TM) i5-1135G7 @ 2.40GHz, 8 cores, 7G,  Windows 10 , 64 bit Build 19041 (10.0.19041.1889)
Time: Tue Oct 18 23:53:48 2022 Hora oficial do Brasil elapsed time: 3.108050 seconds (0d 0h 0m 3s)

---------------  T H R E A D  ---------------

Current thread (0x000001657eb83f10):  VMThread "VM Thread" [stack: 0x0000003791200000,0x0000003791300000] [id=5504]

Stack: [0x0000003791200000,0x0000003791300000]
Native frames: (J=compiled Java code, j=interpreted, Vv=VM code, C=native code)
V  [jvm.dll+0x67731a]
V  [jvm.dll+0x832284]
V  [jvm.dll+0x833a2e]
V  [jvm.dll+0x834093]
V  [jvm.dll+0x245775]
V  [jvm.dll+0x674209]
V  [jvm.dll+0x668a92]
V  [jvm.dll+0x30471b]
V  [jvm.dll+0x30bc66]
V  [jvm.dll+0x35ba9e]
V  [jvm.dll+0x35bccf]
V  [jvm.dll+0x2db5b8]
V  [jvm.dll+0x2d986c]
V  [jvm.dll+0x2d8e3c]
V  [jvm.dll+0x31cd9b]
V  [jvm.dll+0x83853b]
V  [jvm.dll+0x839274]
V  [jvm.dll+0x83978c]
V  [jvm.dll+0x839b64]
V  [jvm.dll+0x839c30]
V  [jvm.dll+0x7e240a]
V  [jvm.dll+0x6761a5]
C  [ucrtbase.dll+0x21bb2]
C  [cyinjct.dll+0x11e7]
C  [KERNEL32.DLL+0x17034]
C  [ntdll.dll+0x526a1]

VM_Operation (0x0000003793bf8f10): G1CollectForAllocation, mode: safepoint, requested by thread 0x0000016501978b90


---------------  P R O C E S S  ---------------

Threads class SMR info:
_java_thread_list=0x0000016503124fe0, length=43, elements={
0x000001657f413740, 0x000001657f414140, 0x000001657f443130, 0x000001657f447a00,
0x000001657f44a6d0, 0x000001657f454fb0, 0x000001657f458e20, 0x000001657f459720,
0x000001657f64eb80, 0x000001657f659760, 0x000001657f6645d0, 0x000001650169afb0,
0x0000016501805030, 0x00000165018d4dd0, 0x00000165018d52a0, 0x0000016501938020,
0x0000016501938d00, 0x0000016501968410, 0x00000165019676d0, 0x0000016501967ba0,
0x00000165019786c0, 0x000001650197bbb0, 0x000001650197ad40, 0x0000016501979ed0,
0x000001650197b210, 0x000001650197a3a0, 0x000001650197c080, 0x0000016501979530,
0x000001650197a870, 0x000001650197b6e0, 0x0000016501979a00, 0x0000016501978b90,
0x0000016501979060, 0x00000165031554e0, 0x00000165031524c0, 0x0000016503153800,
0x0000016503152990, 0x00000165031571c0, 0x0000016503154670, 0x0000016503157690,
0x00000165031559b0, 0x0000016503150310, 0x0000016503150cb0
}

Java Threads: ( => current thread )
  0x000001657f413740 JavaThread "Reference Handler" daemon [_thread_blocked, id=2244, stack(0x0000003791300000,0x0000003791400000)]
  0x000001657f414140 JavaThread "Finalizer" daemon [_thread_blocked, id=18236, stack(0x0000003791400000,0x0000003791500000)]
  0x000001657f443130 JavaThread "Signal Dispatcher" daemon [_thread_blocked, id=13440, stack(0x0000003791500000,0x0000003791600000)]
  0x000001657f447a00 JavaThread "Attach Listener" daemon [_thread_blocked, id=17860, stack(0x0000003791600000,0x0000003791700000)]
  0x000001657f44a6d0 JavaThread "Service Thread" daemon [_thread_blocked, id=14796, stack(0x0000003791700000,0x0000003791800000)]
  0x000001657f454fb0 JavaThread "Monitor Deflation Thread" daemon [_thread_blocked, id=17884, stack(0x0000003791800000,0x0000003791900000)]
  0x000001657f458e20 JavaThread "C1 CompilerThread0" daemon [_thread_blocked, id=7380, stack(0x0000003791900000,0x0000003791a00000)]
  0x000001657f459720 JavaThread "Sweeper thread" daemon [_thread_blocked, id=5908, stack(0x0000003791a00000,0x0000003791b00000)]
  0x000001657f64eb80 JavaThread "C1 CompilerThread1" daemon [_thread_blocked, id=12236, stack(0x0000003791b00000,0x0000003791c00000)]
  0x000001657f659760 JavaThread "Notification Thread" daemon [_thread_blocked, id=15648, stack(0x0000003791c00000,0x0000003791d00000)]
  0x000001657f6645d0 JavaThread "Common-Cleaner" daemon [_thread_blocked, id=6212, stack(0x0000003791e00000,0x0000003791f00000)]
  0x000001650169afb0 JavaThread "boundedElastic-evictor-1" daemon [_thread_blocked, id=11112, stack(0x0000003792700000,0x0000003792800000)]
  0x0000016501805030 JavaThread "ForkJoinPool.commonPool-worker-1" daemon [_thread_blocked, id=17792, stack(0x0000003792900000,0x0000003792a00000)]
  0x00000165018d4dd0 JavaThread "ClassGraph-worker-0" daemon [_thread_blocked, id=12956, stack(0x0000003792a00000,0x0000003792b00000)]
  0x00000165018d52a0 JavaThread "ClassGraph-worker-1" daemon [_thread_blocked, id=17988, stack(0x0000003792b00000,0x0000003792c00000)]
  0x0000016501938020 JavaThread "ClassGraph-worker-2" daemon [_thread_blocked, id=13976, stack(0x0000003792c00000,0x0000003792d00000)]
  0x0000016501938d00 JavaThread "ClassGraph-worker-3" daemon [_thread_blocked, id=9428, stack(0x0000003792d00000,0x0000003792e00000)]
  0x0000016501968410 JavaThread "ClassGraph-worker-4" daemon [_thread_blocked, id=13564, stack(0x0000003792e00000,0x0000003792f00000)]
  0x00000165019676d0 JavaThread "ClassGraph-worker-5" daemon [_thread_blocked, id=12004, stack(0x0000003792f00000,0x0000003793000000)]
  0x0000016501967ba0 JavaThread "ClassGraph-worker-6" daemon [_thread_blocked, id=17724, stack(0x0000003793000000,0x0000003793100000)]
  0x00000165019786c0 JavaThread "ClassGraph-worker-7" daemon [_thread_blocked, id=13780, stack(0x0000003793100000,0x0000003793200000)]
  0x000001650197bbb0 JavaThread "ClassGraph-worker-8" daemon [_thread_blocked, id=4900, stack(0x0000003793200000,0x0000003793300000)]
  0x000001650197ad40 JavaThread "ClassGraph-worker-9" daemon [_thread_blocked, id=5864, stack(0x0000003793300000,0x0000003793400000)]
  0x0000016501979ed0 JavaThread "ClassGraph-worker-10" daemon [_thread_blocked, id=8140, stack(0x0000003793400000,0x0000003793500000)]
  0x000001650197b210 JavaThread "ClassGraph-worker-11" daemon [_thread_blocked, id=3160, stack(0x0000003793500000,0x0000003793600000)]
  0x000001650197a3a0 JavaThread "ClassGraph-worker-12" daemon [_thread_blocked, id=6528, stack(0x0000003793600000,0x0000003793700000)]
  0x000001650197c080 JavaThread "ClassGraph-worker-13" daemon [_thread_blocked, id=18104, stack(0x0000003793700000,0x0000003793800000)]
  0x0000016501979530 JavaThread "pool-9-thread-1" [_thread_blocked, id=13524, stack(0x0000003793800000,0x0000003793900000)]
  0x000001650197a870 JavaThread "LanguageServerApp-lifecycle" [_thread_blocked, id=7992, stack(0x0000003793900000,0x0000003793a00000)]
  0x000001650197b6e0 JavaThread "DestroyJavaVM" [_thread_blocked, id=18396, stack(0x0000003790c00000,0x0000003790d00000)]
  0x0000016501979a00 JavaThread "pool-10-thread-1" [_thread_blocked, id=18140, stack(0x0000003793a00000,0x0000003793b00000)]
  0x0000016501978b90 JavaThread "Simple-Language-Server main thread" daemon [_thread_blocked, id=9520, stack(0x0000003793b00000,0x0000003793c00000)]
  0x0000016501979060 JavaThread "pool-7-thread-1" [_thread_blocked, id=3224, stack(0x0000003793c00000,0x0000003793d00000)]
  0x00000165031554e0 JavaThread "parallel-1" daemon [_thread_blocked, id=6344, stack(0x0000003793d00000,0x0000003793e00000)]
  0x00000165031524c0 JavaThread "parallel-2" daemon [_thread_blocked, id=14320, stack(0x0000003793e00000,0x0000003793f00000)]
  0x0000016503153800 JavaThread "parallel-3" daemon [_thread_blocked, id=17136, stack(0x0000003793f00000,0x0000003794000000)]
  0x0000016503152990 JavaThread "parallel-4" daemon [_thread_blocked, id=18020, stack(0x0000003794000000,0x0000003794100000)]
  0x00000165031571c0 JavaThread "parallel-5" daemon [_thread_blocked, id=17444, stack(0x0000003794100000,0x0000003794200000)]
  0x0000016503154670 JavaThread "parallel-6" daemon [_thread_blocked, id=3360, stack(0x0000003794200000,0x0000003794300000)]
  0x0000016503157690 JavaThread "parallel-7" daemon [_thread_blocked, id=15332, stack(0x0000003794300000,0x0000003794400000)]
  0x00000165031559b0 JavaThread "parallel-8" daemon [_thread_blocked, id=17276, stack(0x0000003794400000,0x0000003794500000)]
  0x0000016503150310 JavaThread "pool-4-thread-1" [_thread_blocked, id=17068, stack(0x0000003794500000,0x0000003794600000)]
  0x0000016503150cb0 JavaThread "Reconciler-1" daemon [_thread_blocked, id=2800, stack(0x0000003794600000,0x0000003794700000)]

Other Threads:
=>0x000001657eb83f10 VMThread "VM Thread" [stack: 0x0000003791200000,0x0000003791300000] [id=5504]
  0x000001657f659c30 WatcherThread [stack: 0x0000003791d00000,0x0000003791e00000] [id=12232]
  0x000001656f8d28b0 GCTaskThread "GC Thread#0" [stack: 0x0000003790d00000,0x0000003790e00000] [id=3596]
  0x000001650070dfd0 GCTaskThread "GC Thread#1" [stack: 0x0000003791f00000,0x0000003792000000] [id=10392]
  0x00000165006ed800 GCTaskThread "GC Thread#2" [stack: 0x0000003792000000,0x0000003792100000] [id=14528]
  0x00000165007fe830 GCTaskThread "GC Thread#3" [stack: 0x0000003792100000,0x0000003792200000] [id=15792]
  0x00000165007feae0 GCTaskThread "GC Thread#4" [stack: 0x0000003792200000,0x0000003792300000] [id=17584]
  0x000001650100d030 GCTaskThread "GC Thread#5" [stack: 0x0000003792300000,0x0000003792400000] [id=14876]
  0x00000165011cb730 GCTaskThread "GC Thread#6" [stack: 0x0000003792500000,0x0000003792600000] [id=15328]
  0x00000165011cb9e0 GCTaskThread "GC Thread#7" [stack: 0x0000003792600000,0x0000003792700000] [id=10804]
  0x000001656f8e2f00 ConcurrentGCThread "G1 Main Marker" [stack: 0x0000003790e00000,0x0000003790f00000] [id=7400]
  0x000001656f8e4830 ConcurrentGCThread "G1 Conc#0" [stack: 0x0000003790f00000,0x0000003791000000] [id=8596]
  0x000001650132cc20 ConcurrentGCThread "G1 Conc#1" [stack: 0x0000003792800000,0x0000003792900000] [id=11448]
  0x000001657e9e2510 ConcurrentGCThread "G1 Refine#0" [stack: 0x0000003791000000,0x0000003791100000] [id=11984]
  0x000001650073d370 ConcurrentGCThread "G1 Refine#1" [stack: 0x0000003792400000,0x0000003792500000] [id=13608]
  0x000001657e9e2be0 ConcurrentGCThread "G1 Service" [stack: 0x0000003791100000,0x0000003791200000] [id=18136]

Threads with active compile tasks:

VM state: at safepoint (normal execution)

VM Mutex/Monitor currently owned by a thread:  ([mutex/lock_event])
[0x000001656f260fe0] Threads_lock - owner thread: 0x000001657eb83f10
[0x000001656f8746d0] Heap_lock - owner thread: 0x0000016501978b90

Heap address: 0x0000000084000000, size: 1984 MB, Compressed Oops mode: 32-bit

CDS archive(s) not mapped
Compressed class space mapped at: 0x0000000100000000-0x0000000140000000, reserved size: 1073741824
Narrow klass base: 0x0000000000000000, Narrow klass shift: 3, Narrow klass range: 0x140000000

GC Precious Log:
 CPUs: 8 total, 8 available
 Memory: 7934M
 Large Page Support: Disabled
 NUMA Support: Disabled
 Compressed Oops: Enabled (32-bit)
 Heap Region Size: 1M
 Heap Min Capacity: 8M
 Heap Initial Capacity: 124M
 Heap Max Capacity: 1984M
 Pre-touch: Disabled
 Parallel Workers: 8
 Concurrent Workers: 2
 Concurrent Refinement Workers: 8
 Periodic GC: Disabled

Heap:
 garbage-first heap   total 104448K, used 55551K [0x0000000084000000, 0x0000000100000000)
  region size 1024K, 1 young (1024K), 1 survivors (1024K)
 Metaspace       used 36992K, committed 37312K, reserved 1089536K
  class space    used 4780K, committed 4928K, reserved 1048576K

Heap Regions: E=young(eden), S=young(survivor), O=old, HS=humongous(starts), HC=humongous(continues), CS=collection set, F=free, OA=open archive, CA=closed archive, TAMS=top-at-mark-start (previous, next)
|   0|0x0000000084000000, 0x0000000084100000, 0x0000000084100000|100%| O|  |TAMS 0x0000000084100000, 0x0000000084000000| Untracked 
|   1|0x0000000084100000, 0x0000000084200000, 0x0000000084200000|100%| O|  |TAMS 0x0000000084200000, 0x0000000084100000| Untracked 
|   2|0x0000000084200000, 0x0000000084300000, 0x0000000084300000|100%| O|  |TAMS 0x0000000084300000, 0x0000000084200000| Untracked 
|   3|0x0000000084300000, 0x0000000084400000, 0x0000000084400000|100%| O|  |TAMS 0x0000000084400000, 0x0000000084300000| Untracked 
|   4|0x0000000084400000, 0x0000000084500000, 0x0000000084500000|100%| O|  |TAMS 0x0000000084500000, 0x0000000084400000| Untracked 
|   5|0x0000000084500000, 0x0000000084600000, 0x0000000084600000|100%| O|  |TAMS 0x0000000084600000, 0x0000000084500000| Untracked 
|   6|0x0000000084600000, 0x0000000084700000, 0x0000000084700000|100%| O|  |TAMS 0x0000000084700000, 0x0000000084600000| Untracked 
|   7|0x0000000084700000, 0x0000000084800000, 0x0000000084800000|100%| O|  |TAMS 0x0000000084800000, 0x0000000084700000| Untracked 
|   8|0x0000000084800000, 0x0000000084800000, 0x0000000084900000|  0%| F|  |TAMS 0x0000000084800000, 0x0000000084800000| Untracked 
|   9|0x0000000084900000, 0x0000000084a00000, 0x0000000084a00000|100%| O|  |TAMS 0x0000000084a00000, 0x0000000084900000| Untracked 
|  10|0x0000000084a00000, 0x0000000084b00000, 0x0000000084b00000|100%| O|  |TAMS 0x0000000084b00000, 0x0000000084a00000| Untracked 
|  11|0x0000000084b00000, 0x0000000084c00000, 0x0000000084c00000|100%| O|  |TAMS 0x0000000084c00000, 0x0000000084b00000| Untracked 
|  12|0x0000000084c00000, 0x0000000084d00000, 0x0000000084d00000|100%| O|  |TAMS 0x0000000084d00000, 0x0000000084c00000| Untracked 
|  13|0x0000000084d00000, 0x0000000084e00000, 0x0000000084e00000|100%| O|  |TAMS 0x0000000084e00000, 0x0000000084d00000| Untracked 
|  14|0x0000000084e00000, 0x0000000084f00000, 0x0000000084f00000|100%| O|  |TAMS 0x0000000084f00000, 0x0000000084e00000| Untracked 
|  15|0x0000000084f00000, 0x0000000085000000, 0x0000000085000000|100%| O|  |TAMS 0x0000000085000000, 0x0000000084f00000| Untracked 
|  16|0x0000000085000000, 0x0000000085100000, 0x0000000085100000|100%| O|  |TAMS 0x0000000085100000, 0x0000000085000000| Untracked 
|  17|0x0000000085100000, 0x0000000085200000, 0x0000000085200000|100%| O|  |TAMS 0x0000000085200000, 0x0000000085100000| Untracked 
|  18|0x0000000085200000, 0x0000000085300000, 0x0000000085300000|100%| O|  |TAMS 0x0000000085300000, 0x0000000085200000| Untracked 
|  19|0x0000000085300000, 0x0000000085400000, 0x0000000085400000|100%| O|  |TAMS 0x0000000085400000, 0x0000000085300000| Untracked 
|  20|0x0000000085400000, 0x0000000085500000, 0x0000000085500000|100%| O|  |TAMS 0x0000000085500000, 0x0000000085400000| Untracked 
|  21|0x0000000085500000, 0x0000000085600000, 0x0000000085600000|100%| O|  |TAMS 0x0000000085600000, 0x0000000085500000| Untracked 
|  22|0x0000000085600000, 0x0000000085700000, 0x0000000085700000|100%| O|  |TAMS 0x0000000085700000, 0x0000000085600000| Untracked 
|  23|0x0000000085700000, 0x0000000085800000, 0x0000000085800000|100%| O|  |TAMS 0x0000000085800000, 0x0000000085700000| Untracked 
|  24|0x0000000085800000, 0x0000000085900000, 0x0000000085900000|100%| O|  |TAMS 0x0000000085900000, 0x0000000085800000| Untracked 
|  25|0x0000000085900000, 0x0000000085a00000, 0x0000000085a00000|100%| O|  |TAMS 0x0000000085a00000, 0x0000000085900000| Untracked 
|  26|0x0000000085a00000, 0x0000000085b00000, 0x0000000085b00000|100%| O|  |TAMS 0x0000000085b00000, 0x0000000085a00000| Untracked 
|  27|0x0000000085b00000, 0x0000000085c00000, 0x0000000085c00000|100%| O|  |TAMS 0x0000000085c00000, 0x0000000085b00000| Untracked 
|  28|0x0000000085c00000, 0x0000000085d00000, 0x0000000085d00000|100%| O|  |TAMS 0x0000000085d00000, 0x0000000085c00000| Untracked 
|  29|0x0000000085d00000, 0x0000000085e00000, 0x0000000085e00000|100%| O|  |TAMS 0x0000000085e00000, 0x0000000085d00000| Untracked 
|  30|0x0000000085e00000, 0x0000000085f00000, 0x0000000085f00000|100%| O|  |TAMS 0x0000000085f00000, 0x0000000085e00000| Untracked 
|  31|0x0000000085f00000, 0x0000000086000000, 0x0000000086000000|100%| O|  |TAMS 0x0000000086000000, 0x0000000085f00000| Untracked 
|  32|0x0000000086000000, 0x0000000086100000, 0x0000000086100000|100%| O|  |TAMS 0x0000000086100000, 0x0000000086000000| Untracked 
|  33|0x0000000086100000, 0x0000000086200000, 0x0000000086200000|100%| O|  |TAMS 0x0000000086200000, 0x0000000086100000| Untracked 
|  34|0x0000000086200000, 0x0000000086300000, 0x0000000086300000|100%| O|  |TAMS 0x0000000086300000, 0x0000000086200000| Untracked 
|  35|0x0000000086300000, 0x0000000086400000, 0x0000000086400000|100%| O|  |TAMS 0x0000000086400000, 0x0000000086300000| Untracked 
|  36|0x0000000086400000, 0x0000000086500000, 0x0000000086500000|100%| O|  |TAMS 0x0000000086500000, 0x0000000086400000| Untracked 
|  37|0x0000000086500000, 0x0000000086600000, 0x0000000086600000|100%| O|  |TAMS 0x0000000086600000, 0x0000000086500000| Untracked 
|  38|0x0000000086600000, 0x0000000086700000, 0x0000000086700000|100%| O|  |TAMS 0x0000000086700000, 0x0000000086600000| Untracked 
|  39|0x0000000086700000, 0x0000000086800000, 0x0000000086800000|100%| O|  |TAMS 0x0000000086800000, 0x0000000086700000| Untracked 
|  40|0x0000000086800000, 0x0000000086900000, 0x0000000086900000|100%| O|  |TAMS 0x0000000086900000, 0x0000000086800000| Untracked 
|  41|0x0000000086900000, 0x0000000086a00000, 0x0000000086a00000|100%| O|  |TAMS 0x00000000869d0000, 0x0000000086900000| Untracked 
|  42|0x0000000086a00000, 0x0000000086b00000, 0x0000000086b00000|100%| O|  |TAMS 0x0000000086a00000, 0x0000000086a00000| Untracked 
|  43|0x0000000086b00000, 0x0000000086c00000, 0x0000000086c00000|100%| O|  |TAMS 0x0000000086b00000, 0x0000000086b00000| Untracked 
|  44|0x0000000086c00000, 0x0000000086d00000, 0x0000000086d00000|100%| O|  |TAMS 0x0000000086c00000, 0x0000000086c00000| Untracked 
|  45|0x0000000086d00000, 0x0000000086e00000, 0x0000000086e00000|100%| O|  |TAMS 0x0000000086d00000, 0x0000000086d00000| Untracked 
|  46|0x0000000086e00000, 0x0000000086f00000, 0x0000000086f00000|100%|HS|  |TAMS 0x0000000086e00000, 0x0000000086e00000| Complete 
|  47|0x0000000086f00000, 0x0000000087000000, 0x0000000087000000|100%| O|  |TAMS 0x0000000086f00000, 0x0000000086f00000| Untracked 
|  48|0x0000000087000000, 0x0000000087100000, 0x0000000087100000|100%| O|  |TAMS 0x0000000087000000, 0x0000000087000000| Untracked 
|  49|0x0000000087100000, 0x0000000087200000, 0x0000000087200000|100%| O|  |TAMS 0x0000000087100000, 0x0000000087100000| Untracked 
|  50|0x0000000087200000, 0x0000000087300000, 0x0000000087300000|100%| O|  |TAMS 0x0000000087200000, 0x0000000087200000| Untracked 
|  51|0x0000000087300000, 0x0000000087400000, 0x0000000087400000|100%| O|  |TAMS 0x0000000087300000, 0x0000000087300000| Untracked 
|  52|0x0000000087400000, 0x0000000087500000, 0x0000000087500000|100%| O|  |TAMS 0x0000000087400000, 0x0000000087400000| Untracked 
|  53|0x0000000087500000, 0x0000000087600000, 0x0000000087600000|100%| O|  |TAMS 0x0000000087500000, 0x0000000087500000| Untracked 
|  54|0x0000000087600000, 0x000000008765b000, 0x0000000087700000| 35%| O|  |TAMS 0x0000000087600000, 0x0000000087600000| Untracked 
|  55|0x0000000087700000, 0x0000000087700000, 0x0000000087800000|  0%| F|  |TAMS 0x0000000087700000, 0x0000000087700000| Untracked 
|  56|0x0000000087800000, 0x0000000087800000, 0x0000000087900000|  0%| F|  |TAMS 0x0000000087800000, 0x0000000087800000| Untracked 
|  57|0x0000000087900000, 0x0000000087900000, 0x0000000087a00000|  0%| F|  |TAMS 0x0000000087900000, 0x0000000087900000| Untracked 
|  58|0x0000000087a00000, 0x0000000087a00000, 0x0000000087b00000|  0%| F|  |TAMS 0x0000000087a00000, 0x0000000087a00000| Untracked 
|  59|0x0000000087b00000, 0x0000000087b00000, 0x0000000087c00000|  0%| F|  |TAMS 0x0000000087b00000, 0x0000000087b00000| Untracked 
|  60|0x0000000087c00000, 0x0000000087c00000, 0x0000000087d00000|  0%| F|  |TAMS 0x0000000087c00000, 0x0000000087c00000| Untracked 
|  61|0x0000000087d00000, 0x0000000087d00000, 0x0000000087e00000|  0%| F|  |TAMS 0x0000000087d00000, 0x0000000087d00000| Untracked 
|  62|0x0000000087e00000, 0x0000000087e00000, 0x0000000087f00000|  0%| F|  |TAMS 0x0000000087e00000, 0x0000000087e00000| Untracked 
|  63|0x0000000087f00000, 0x0000000087f00000, 0x0000000088000000|  0%| F|  |TAMS 0x0000000087f00000, 0x0000000087f00000| Untracked 
|  64|0x0000000088000000, 0x0000000088000000, 0x0000000088100000|  0%| F|  |TAMS 0x0000000088000000, 0x0000000088000000| Untracked 
|  65|0x0000000088100000, 0x0000000088100000, 0x0000000088200000|  0%| F|  |TAMS 0x0000000088100000, 0x0000000088100000| Untracked 
|  66|0x0000000088200000, 0x0000000088200000, 0x0000000088300000|  0%| F|  |TAMS 0x0000000088200000, 0x0000000088200000| Untracked 
|  67|0x0000000088300000, 0x0000000088300000, 0x0000000088400000|  0%| F|  |TAMS 0x0000000088300000, 0x0000000088300000| Untracked 
|  68|0x0000000088400000, 0x0000000088400000, 0x0000000088500000|  0%| F|  |TAMS 0x0000000088400000, 0x0000000088400000| Untracked 
|  69|0x0000000088500000, 0x0000000088500000, 0x0000000088600000|  0%| F|  |TAMS 0x0000000088500000, 0x0000000088500000| Untracked 
|  70|0x0000000088600000, 0x0000000088600000, 0x0000000088700000|  0%| F|  |TAMS 0x0000000088600000, 0x0000000088600000| Untracked 
|  71|0x0000000088700000, 0x0000000088700000, 0x0000000088800000|  0%| F|  |TAMS 0x0000000088700000, 0x0000000088700000| Untracked 
|  72|0x0000000088800000, 0x0000000088800000, 0x0000000088900000|  0%| F|  |TAMS 0x0000000088800000, 0x0000000088800000| Untracked 
|  73|0x0000000088900000, 0x0000000088900000, 0x0000000088a00000|  0%| F|  |TAMS 0x0000000088900000, 0x0000000088900000| Untracked 
|  74|0x0000000088a00000, 0x0000000088a00000, 0x0000000088b00000|  0%| F|  |TAMS 0x0000000088a00000, 0x0000000088a00000| Untracked 
|  75|0x0000000088b00000, 0x0000000088b00000, 0x0000000088c00000|  0%| F|  |TAMS 0x0000000088b00000, 0x0000000088b00000| Untracked 
|  76|0x0000000088c00000, 0x0000000088c00000, 0x0000000088d00000|  0%| F|  |TAMS 0x0000000088c00000, 0x0000000088c00000| Untracked 
|  77|0x0000000088d00000, 0x0000000088d00000, 0x0000000088e00000|  0%| F|  |TAMS 0x0000000088d00000, 0x0000000088d00000| Untracked 
|  78|0x0000000088e00000, 0x0000000088e00000, 0x0000000088f00000|  0%| F|  |TAMS 0x0000000088e00000, 0x0000000088e00000| Untracked 
|  79|0x0000000088f00000, 0x0000000088f00000, 0x0000000089000000|  0%| F|  |TAMS 0x0000000088f00000, 0x0000000088f00000| Untracked 
|  80|0x0000000089000000, 0x0000000089000000, 0x0000000089100000|  0%| F|  |TAMS 0x0000000089000000, 0x0000000089000000| Untracked 
|  81|0x0000000089100000, 0x0000000089100000, 0x0000000089200000|  0%| F|  |TAMS 0x0000000089100000, 0x0000000089100000| Untracked 
|  82|0x0000000089200000, 0x0000000089200000, 0x0000000089300000|  0%| F|  |TAMS 0x0000000089200000, 0x0000000089200000| Untracked 
|  83|0x0000000089300000, 0x0000000089300000, 0x0000000089400000|  0%| F|  |TAMS 0x0000000089300000, 0x0000000089300000| Untracked 
|  84|0x0000000089400000, 0x0000000089400000, 0x0000000089500000|  0%| F|  |TAMS 0x0000000089400000, 0x0000000089400000| Untracked 
|  85|0x0000000089500000, 0x0000000089500000, 0x0000000089600000|  0%| F|  |TAMS 0x0000000089500000, 0x0000000089500000| Untracked 
|  86|0x0000000089600000, 0x0000000089600000, 0x0000000089700000|  0%| F|  |TAMS 0x0000000089600000, 0x0000000089600000| Untracked 
|  87|0x0000000089700000, 0x0000000089700000, 0x0000000089800000|  0%| F|  |TAMS 0x0000000089700000, 0x0000000089700000| Untracked 
|  88|0x0000000089800000, 0x0000000089800000, 0x0000000089900000|  0%| F|  |TAMS 0x0000000089800000, 0x0000000089800000| Untracked 
|  89|0x0000000089900000, 0x0000000089900000, 0x0000000089a00000|  0%| F|  |TAMS 0x0000000089900000, 0x0000000089900000| Untracked 
|  90|0x0000000089a00000, 0x0000000089a00000, 0x0000000089b00000|  0%| F|  |TAMS 0x0000000089a00000, 0x0000000089a00000| Untracked 
|  91|0x0000000089b00000, 0x0000000089b00000, 0x0000000089c00000|  0%| F|  |TAMS 0x0000000089b00000, 0x0000000089b00000| Untracked 
|  92|0x0000000089c00000, 0x0000000089c00000, 0x0000000089d00000|  0%| F|  |TAMS 0x0000000089c00000, 0x0000000089c00000| Untracked 
|  93|0x0000000089d00000, 0x0000000089d00000, 0x0000000089e00000|  0%| F|  |TAMS 0x0000000089d00000, 0x0000000089d00000| Untracked 
|  94|0x0000000089e00000, 0x0000000089e00000, 0x0000000089f00000|  0%| F|  |TAMS 0x0000000089e00000, 0x0000000089e00000| Untracked 
|  95|0x0000000089f00000, 0x0000000089f00000, 0x000000008a000000|  0%| F|  |TAMS 0x0000000089f00000, 0x0000000089f00000| Untracked 
|  96|0x000000008a000000, 0x000000008a000000, 0x000000008a100000|  0%| F|  |TAMS 0x000000008a000000, 0x000000008a000000| Untracked 
|  97|0x000000008a100000, 0x000000008a100000, 0x000000008a200000|  0%| F|  |TAMS 0x000000008a100000, 0x000000008a100000| Untracked 
|  98|0x000000008a200000, 0x000000008a200000, 0x000000008a300000|  0%| F|  |TAMS 0x000000008a200000, 0x000000008a200000| Untracked 
|  99|0x000000008a300000, 0x000000008a300000, 0x000000008a400000|  0%| F|  |TAMS 0x000000008a300000, 0x000000008a300000| Untracked 
| 122|0x000000008ba00000, 0x000000008bae4db8, 0x000000008bb00000| 89%| S|CS|TAMS 0x000000008ba00000, 0x000000008ba00000| Complete 
| 123|0x000000008bb00000, 0x000000008bb00000, 0x000000008bc00000|  0%| F|  |TAMS 0x000000008bb00000, 0x000000008bb00000| Untracked 

Card table byte_map: [0x0000016577ae0000,0x0000016577ec0000] _byte_map_base: 0x00000165776c0000

Marking Bits (Prev, Next): (CMBitMap*) 0x000001656f8d2dd0, (CMBitMap*) 0x000001656f8d2e10
 Prev Bits: [0x00000165782a0000, 0x000001657a1a0000)
 Next Bits: [0x000001657a1a0000, 0x000001657c0a0000)

Polling page: 0x000001656f660000

Metaspace:

Usage:
  Non-class:     31.46 MB used.
      Class:      4.67 MB used.
       Both:     36.13 MB used.

Virtual space:
  Non-class space:       40.00 MB reserved,      31.62 MB ( 79%) committed,  5 nodes.
      Class space:        1.00 GB reserved,       4.81 MB ( <1%) committed,  1 nodes.
             Both:        1.04 GB reserved,      36.44 MB (  3%) committed. 

Chunk freelists:
   Non-Class:  3.98 MB
       Class:  3.14 MB
        Both:  7.12 MB

MaxMetaspaceSize: unlimited
CompressedClassSpaceSize: 1.00 GB
Initial GC threshold: 21.00 MB
Current GC threshold: 59.31 MB
CDS: off
MetaspaceReclaimPolicy: balanced
 - commit_granule_bytes: 65536.
 - commit_granule_words: 8192.
 - virtual_space_node_default_size: 1048576.
 - enlarge_chunks_in_place: 1.
 - new_chunks_are_fully_committed: 0.
 - uncommit_free_chunks: 1.
 - use_allocation_guard: 0.
 - handle_deallocations: 1.


Internal statistics:

num_allocs_failed_limit: 8.
num_arena_births: 342.
num_arena_deaths: 0.
num_vsnodes_births: 6.
num_vsnodes_deaths: 0.
num_space_committed: 583.
num_space_uncommitted: 0.
num_chunks_returned_to_freelist: 8.
num_chunks_taken_from_freelist: 1415.
num_chunk_merges: 8.
num_chunk_splits: 974.
num_chunks_enlarged: 752.
num_purges: 0.
num_inconsistent_stats: 0.

CodeCache: size=49152Kb used=7802Kb max_used=7802Kb free=41349Kb
 bounds [0x0000016573e80000, 0x0000016574620000, 0x0000016576e80000]
 total_blobs=4174 nmethods=3648 adapters=451
 compilation: enabled
              stopped_count=0, restarted_count=0
 full_count=0

Compilation events (20 events):
Event: 3.070 Thread 0x000001657f458e20 nmethod 3638 0x0000016574619f10 code [0x000001657461a100, 0x000001657461a4b8]
Event: 3.070 Thread 0x000001657f64eb80 nmethod 3639 0x000001657461a690 code [0x000001657461a840, 0x000001657461a958]
Event: 3.071 Thread 0x000001657f64eb80 3640       1       sun.util.calendar.CalendarDate::setNormalized (6 bytes)
Event: 3.071 Thread 0x000001657f64eb80 nmethod 3640 0x000001657461aa10 code [0x000001657461aba0, 0x000001657461ac78]
Event: 3.071 Thread 0x000001657f64eb80 3641       1       java.math.BigInteger::bitLengthForInt (8 bytes)
Event: 3.071 Thread 0x000001657f64eb80 nmethod 3641 0x000001657461ad10 code [0x000001657461aea0, 0x000001657461af68]
Event: 3.072 Thread 0x000001657f64eb80 3642       1       io.github.classgraph.ClasspathElement::maskClassfiles (191 bytes)
Event: 3.073 Thread 0x000001657f64eb80 nmethod 3642 0x000001657461b010 code [0x000001657461b360, 0x000001657461c1a8]
Event: 3.078 Thread 0x000001657f64eb80 3643       1       java.util.HashMap::putAll (7 bytes)
Event: 3.078 Thread 0x000001657f64eb80 nmethod 3643 0x000001657461cb10 code [0x000001657461cca0, 0x000001657461cd88]
Event: 3.079 Thread 0x000001657f64eb80 3644       1       java.util.concurrent.ConcurrentHashMap::entrySet (25 bytes)
Event: 3.079 Thread 0x000001657f458e20 3645       1       java.util.concurrent.ConcurrentHashMap$EntrySetView::iterator (34 bytes)
Event: 3.079 Thread 0x000001657f64eb80 nmethod 3644 0x000001657461ce10 code [0x000001657461cfa0, 0x000001657461d198]
Event: 3.079 Thread 0x000001657f64eb80 3646       1       java.util.concurrent.ConcurrentHashMap$EntryIterator::<init> (12 bytes)
Event: 3.079 Thread 0x000001657f458e20 nmethod 3645 0x000001657461d290 code [0x000001657461d440, 0x000001657461d658]
Event: 3.079 Thread 0x000001657f64eb80 nmethod 3646 0x000001657461d790 code [0x000001657461d940, 0x000001657461da98]
Event: 3.079 Thread 0x000001657f64eb80 3647       1       nonapi.io.github.classgraph.utils.JarUtils::classfilePathToClassName (56 bytes)
Event: 3.079 Thread 0x000001657f458e20 3648       1       io.github.classgraph.Scanner$ClassfileScanWorkUnit::<init> (20 bytes)
Event: 3.079 Thread 0x000001657f458e20 nmethod 3648 0x000001657461db90 code [0x000001657461dd20, 0x000001657461de98]
Event: 3.080 Thread 0x000001657f64eb80 nmethod 3647 0x000001657461df10 code [0x000001657461e120, 0x000001657461e568]

GC Heap History (20 events):
Event: 2.038 GC heap after
{Heap after GC invocations=6 (full 0):
 garbage-first heap   total 51200K, used 15280K [0x0000000084000000, 0x0000000100000000)
  region size 1024K, 3 young (3072K), 3 survivors (3072K)
 Metaspace       used 28279K, committed 28608K, reserved 1081344K
  class space    used 3557K, committed 3712K, reserved 1048576K
}
Event: 2.382 GC heap before
{Heap before GC invocations=6 (full 0):
 garbage-first heap   total 51200K, used 34736K [0x0000000084000000, 0x0000000100000000)
  region size 1024K, 22 young (22528K), 3 survivors (3072K)
 Metaspace       used 32486K, committed 32768K, reserved 1081344K
  class space    used 4120K, committed 4224K, reserved 1048576K
}
Event: 2.389 GC heap after
{Heap after GC invocations=7 (full 0):
 garbage-first heap   total 61440K, used 17488K [0x0000000084000000, 0x0000000100000000)
  region size 1024K, 2 young (2048K), 2 survivors (2048K)
 Metaspace       used 32486K, committed 32768K, reserved 1081344K
  class space    used 4120K, committed 4224K, reserved 1048576K
}
Event: 2.543 GC heap before
{Heap before GC invocations=7 (full 0):
 garbage-first heap   total 61440K, used 42064K [0x0000000084000000, 0x0000000100000000)
  region size 1024K, 27 young (27648K), 2 survivors (2048K)
 Metaspace       used 33330K, committed 33600K, reserved 1081344K
  class space    used 4236K, committed 4352K, reserved 1048576K
}
Event: 2.548 GC heap after
{Heap after GC invocations=8 (full 0):
 garbage-first heap   total 61440K, used 21962K [0x0000000084000000, 0x0000000100000000)
  region size 1024K, 4 young (4096K), 4 survivors (4096K)
 Metaspace       used 33330K, committed 33600K, reserved 1081344K
  class space    used 4236K, committed 4352K, reserved 1048576K
}
Event: 2.607 GC heap before
{Heap before GC invocations=8 (full 0):
 garbage-first heap   total 61440K, used 41418K [0x0000000084000000, 0x0000000100000000)
  region size 1024K, 24 young (24576K), 4 survivors (4096K)
 Metaspace       used 33645K, committed 33920K, reserved 1081344K
  class space    used 4284K, committed 4416K, reserved 1048576K
}
Event: 2.612 GC heap after
{Heap after GC invocations=9 (full 0):
 garbage-first heap   total 61440K, used 25965K [0x0000000084000000, 0x0000000100000000)
  region size 1024K, 3 young (3072K), 3 survivors (3072K)
 Metaspace       used 33645K, committed 33920K, reserved 1081344K
  class space    used 4284K, committed 4416K, reserved 1048576K
}
Event: 2.671 GC heap before
{Heap before GC invocations=9 (full 0):
 garbage-first heap   total 61440K, used 44397K [0x0000000084000000, 0x0000000100000000)
  region size 1024K, 21 young (21504K), 3 survivors (3072K)
 Metaspace       used 34172K, committed 34496K, reserved 1081344K
  class space    used 4359K, committed 4544K, reserved 1048576K
}
Event: 2.676 GC heap after
{Heap after GC invocations=10 (full 0):
 garbage-first heap   total 61440K, used 29450K [0x0000000084000000, 0x0000000100000000)
  region size 1024K, 3 young (3072K), 3 survivors (3072K)
 Metaspace       used 34172K, committed 34496K, reserved 1081344K
  class space    used 4359K, committed 4544K, reserved 1048576K
}
Event: 2.713 GC heap before
{Heap before GC invocations=10 (full 0):
 garbage-first heap   total 61440K, used 45834K [0x0000000084000000, 0x0000000100000000)
  region size 1024K, 19 young (19456K), 3 survivors (3072K)
 Metaspace       used 34425K, committed 34688K, reserved 1081344K
  class space    used 4398K, committed 4544K, reserved 1048576K
}
Event: 2.717 GC heap after
{Heap after GC invocations=11 (full 0):
 garbage-first heap   total 91136K, used 32359K [0x0000000084000000, 0x0000000100000000)
  region size 1024K, 3 young (3072K), 3 survivors (3072K)
 Metaspace       used 34425K, committed 34688K, reserved 1081344K
  class space    used 4398K, committed 4544K, reserved 1048576K
}
Event: 2.795 GC heap before
{Heap before GC invocations=11 (full 0):
 garbage-first heap   total 91136K, used 64103K [0x0000000084000000, 0x0000000100000000)
  region size 1024K, 34 young (34816K), 3 survivors (3072K)
 Metaspace       used 34798K, committed 35136K, reserved 1081344K
  class space    used 4453K, committed 4608K, reserved 1048576K
}
Event: 2.803 GC heap after
{Heap after GC invocations=12 (full 0):
 garbage-first heap   total 91136K, used 40591K [0x0000000084000000, 0x0000000100000000)
  region size 1024K, 5 young (5120K), 5 survivors (5120K)
 Metaspace       used 34798K, committed 35136K, reserved 1081344K
  class space    used 4453K, committed 4608K, reserved 1048576K
}
Event: 2.861 GC heap before
{Heap before GC invocations=12 (full 0):
 garbage-first heap   total 91136K, used 65167K [0x0000000084000000, 0x0000000100000000)
  region size 1024K, 29 young (29696K), 5 survivors (5120K)
 Metaspace       used 35325K, committed 35648K, reserved 1081344K
  class space    used 4536K, committed 4672K, reserved 1048576K
}
Event: 2.868 GC heap after
{Heap after GC invocations=13 (full 0):
 garbage-first heap   total 91136K, used 46253K [0x0000000084000000, 0x0000000100000000)
  region size 1024K, 4 young (4096K), 4 survivors (4096K)
 Metaspace       used 35325K, committed 35648K, reserved 1081344K
  class space    used 4536K, committed 4672K, reserved 1048576K
}
Event: 2.941 GC heap before
{Heap before GC invocations=13 (full 0):
 garbage-first heap   total 91136K, used 53421K [0x0000000084000000, 0x0000000100000000)
  region size 1024K, 13 young (13312K), 4 survivors (4096K)
 Metaspace       used 35887K, committed 36160K, reserved 1081344K
  class space    used 4661K, committed 4800K, reserved 1048576K
}
Event: 2.947 GC heap after
{Heap after GC invocations=14 (full 0):
 garbage-first heap   total 91136K, used 47916K [0x0000000084000000, 0x0000000100000000)
  region size 1024K, 2 young (2048K), 2 survivors (2048K)
 Metaspace       used 35887K, committed 36160K, reserved 1081344K
  class space    used 4661K, committed 4800K, reserved 1048576K
}
Event: 3.089 GC heap before
{Heap before GC invocations=15 (full 0):
 garbage-first heap   total 91136K, used 68396K [0x0000000084000000, 0x0000000100000000)
  region size 1024K, 22 young (22528K), 2 survivors (2048K)
 Metaspace       used 36986K, committed 37312K, reserved 1089536K
  class space    used 4778K, committed 4928K, reserved 1048576K
}
Event: 3.094 GC heap after
{Heap after GC invocations=16 (full 0):
 garbage-first heap   total 91136K, used 54546K [0x0000000084000000, 0x0000000100000000)
  region size 1024K, 3 young (3072K), 3 survivors (3072K)
 Metaspace       used 36986K, committed 37312K, reserved 1089536K
  class space    used 4778K, committed 4928K, reserved 1048576K
}
Event: 3.097 GC heap before
{Heap before GC invocations=16 (full 0):
 garbage-first heap   total 91136K, used 55570K [0x0000000084000000, 0x0000000100000000)
  region size 1024K, 4 young (4096K), 3 survivors (3072K)
 Metaspace       used 36992K, committed 37312K, reserved 1089536K
  class space    used 4780K, committed 4928K, reserved 1048576K
}

Deoptimization events (10 events):
Event: 1.344 Thread 0x000001656f8786c0 DEOPT PACKING pc=0x00000165742bf999 sp=0x0000003790cfd670
Event: 1.344 Thread 0x000001656f8786c0 DEOPT UNPACKING pc=0x0000016573ed6763 sp=0x0000003790cfcb50 mode 3
Event: 2.407 Thread 0x0000016501805030 DEOPT PACKING pc=0x000001657448872b sp=0x00000037929fe5c0
Event: 2.407 Thread 0x0000016501805030 DEOPT UNPACKING pc=0x0000016573ed6763 sp=0x00000037929fdb08 mode 3
Event: 2.616 Thread 0x000001650197c080 DEOPT PACKING pc=0x00000165742be801 sp=0x00000037937ff070
Event: 2.616 Thread 0x000001650197c080 DEOPT UNPACKING pc=0x0000016573ed6763 sp=0x00000037937fe500 mode 3
Event: 2.831 Thread 0x0000016501978b90 DEOPT PACKING pc=0x00000165745e4a35 sp=0x0000003793bfd540
Event: 2.831 Thread 0x0000016501978b90 DEOPT UNPACKING pc=0x0000016573ed6763 sp=0x0000003793bfca58 mode 3
Event: 2.961 Thread 0x00000165031554e0 DEOPT PACKING pc=0x00000165742bb797 sp=0x0000003793dfede0
Event: 2.961 Thread 0x00000165031554e0 DEOPT UNPACKING pc=0x0000016573ed6763 sp=0x0000003793dfe238 mode 3

Classes unloaded (0 events):
No events

Classes redefined (0 events):
No events

Internal exceptions (20 events):
Event: 2.439 Thread 0x00000165018d52a0 Exception <a 'sun/nio/fs/WindowsException'{0x000000008a02e2b8}> (0x000000008a02e2b8) 
thrown [s\src\hotspot\share\prims\jni.cpp, line 516]
Event: 2.439 Thread 0x00000165018d52a0 Exception <a 'sun/nio/fs/WindowsException'{0x000000008a02e688}> (0x000000008a02e688) 
thrown [s\src\hotspot\share\prims\jni.cpp, line 516]
Event: 2.439 Thread 0x00000165018d52a0 Exception <a 'sun/nio/fs/WindowsException'{0x000000008a02f088}> (0x000000008a02f088) 
thrown [s\src\hotspot\share\prims\jni.cpp, line 516]
Event: 2.439 Thread 0x00000165018d52a0 Exception <a 'sun/nio/fs/WindowsException'{0x000000008a02f448}> (0x000000008a02f448) 
thrown [s\src\hotspot\share\prims\jni.cpp, line 516]
Event: 2.439 Thread 0x00000165018d52a0 Exception <a 'sun/nio/fs/WindowsException'{0x000000008a02fe50}> (0x000000008a02fe50) 
thrown [s\src\hotspot\share\prims\jni.cpp, line 516]
Event: 2.439 Thread 0x00000165018d52a0 Exception <a 'sun/nio/fs/WindowsException'{0x000000008a030220}> (0x000000008a030220) 
thrown [s\src\hotspot\share\prims\jni.cpp, line 516]
Event: 2.439 Thread 0x00000165018d52a0 Exception <a 'sun/nio/fs/WindowsException'{0x000000008a030c48}> (0x000000008a030c48) 
thrown [s\src\hotspot\share\prims\jni.cpp, line 516]
Event: 2.439 Thread 0x00000165018d52a0 Exception <a 'sun/nio/fs/WindowsException'{0x000000008a031038}> (0x000000008a031038) 
thrown [s\src\hotspot\share\prims\jni.cpp, line 516]
Event: 2.439 Thread 0x00000165018d52a0 Exception <a 'sun/nio/fs/WindowsException'{0x000000008a031a70}> (0x000000008a031a70) 
thrown [s\src\hotspot\share\prims\jni.cpp, line 516]
Event: 2.440 Thread 0x00000165018d52a0 Exception <a 'sun/nio/fs/WindowsException'{0x000000008a031e78}> (0x000000008a031e78) 
thrown [s\src\hotspot\share\prims\jni.cpp, line 516]
Event: 2.440 Thread 0x00000165018d52a0 Exception <a 'sun/nio/fs/WindowsException'{0x000000008a0328a8}> (0x000000008a0328a8) 
thrown [s\src\hotspot\share\prims\jni.cpp, line 516]
Event: 2.440 Thread 0x00000165018d52a0 Exception <a 'sun/nio/fs/WindowsException'{0x000000008a032ca8}> (0x000000008a032ca8) 
thrown [s\src\hotspot\share\prims\jni.cpp, line 516]
Event: 2.489 Thread 0x000001656f8786c0 Exception <a 'java/lang/NoSuchMethodError'{0x00000000875d2e70}: 'java.lang.Object java.lang.invoke.DirectMethodHandle$Holder.newInvokeSpecial(java.lang.Object, java.lang.Object, int, java.lang.Object, java.lang.Object)'> (0x00000000875d2e70) 
thrown [s\src\hotspot\share\interpreter\linkResolver.cpp, line 759]
Event: 2.491 Thread 0x000001656f8786c0 Exception <a 'java/lang/NoSuchMethodError'{0x0000000086ca7938}: 'java.lang.Object java.lang.invoke.DirectMethodHandle$Holder.invokeSpecial(java.lang.Object, java.lang.Object, int, java.lang.Object, int, java.lang.Object)'> (0x0000000086ca7938) 
thrown [s\src\hotspot\share\interpreter\linkResolver.cpp, line 759]
Event: 2.492 Thread 0x000001656f8786c0 Exception <a 'java/lang/NoSuchMethodError'{0x0000000086caf738}: 'java.lang.Object java.lang.invoke.DirectMethodHandle$Holder.newInvokeSpecial(java.lang.Object, java.lang.Object, int, java.lang.Object, int)'> (0x0000000086caf738) 
thrown [s\src\hotspot\share\interpreter\linkResolver.cpp, line 759]
Event: 2.492 Thread 0x000001656f8786c0 Exception <a 'java/lang/NoSuchMethodError'{0x0000000086cb3838}: 'java.lang.Object java.lang.invoke.DirectMethodHandle$Holder.invokeSpecial(java.lang.Object, java.lang.Object, java.lang.Object, int, java.lang.Object, int)'> (0x0000000086cb3838) 
thrown [s\src\hotspot\share\interpreter\linkResolver.cpp, line 759]
Event: 2.818 Thread 0x0000016501979a00 Exception <a 'java/lang/NoSuchMethodError'{0x0000000089ff45a8}: 'java.lang.Object java.lang.invoke.DirectMethodHandle$Holder.invokeStatic(java.lang.Object, java.lang.Object, java.lang.Object, int, java.lang.Object, java.lang.Object)'> (0x0000000089ff45a8) 
thrown [s\src\hotspot\share\interpreter\linkResolver.cpp, line 759]
Event: 2.824 Thread 0x0000016501978b90 Exception <a 'java/lang/NoSuchMethodError'{0x000000008906b5b8}: 'java.lang.Object java.lang.invoke.DirectMethodHandle$Holder.invokeStatic(java.lang.Object, int, java.lang.Object)'> (0x000000008906b5b8) 
thrown [s\src\hotspot\share\interpreter\linkResolver.cpp, line 759]
Event: 2.952 Thread 0x0000016501978b90 Exception <a 'java/lang/NoSuchMethodError'{0x000000008bb3a930}: 'int java.lang.invoke.DirectMethodHandle$Holder.invokeStatic(java.lang.Object)'> (0x000000008bb3a930) 
thrown [s\src\hotspot\share\interpreter\linkResolver.cpp, line 759]
Event: 2.952 Thread 0x0000016501978b90 Exception <a 'java/lang/NoSuchMethodError'{0x000000008bb43340}: 'int java.lang.invoke.DirectMethodHandle$Holder.invokeStaticInit(java.lang.Object)'> (0x000000008bb43340) 
thrown [s\src\hotspot\share\interpreter\linkResolver.cpp, line 759]

VM Operations (20 events):
Event: 2.762 Executing VM operation: HandshakeAllThreads done
Event: 2.794 Executing VM operation: G1CollectForAllocation
Event: 2.805 Executing VM operation: G1CollectForAllocation done
Event: 2.860 Executing VM operation: G1CollectForAllocation
Event: 2.869 Executing VM operation: G1CollectForAllocation done
Event: 2.885 Executing VM operation: HandshakeAllThreads
Event: 2.885 Executing VM operation: HandshakeAllThreads done
Event: 2.941 Executing VM operation: CollectForMetadataAllocation
Event: 2.947 Executing VM operation: CollectForMetadataAllocation done
Event: 2.961 Executing VM operation: HandshakeAllThreads
Event: 2.961 Executing VM operation: HandshakeAllThreads done
Event: 2.989 Executing VM operation: G1Concurrent
Event: 2.991 Executing VM operation: G1Concurrent done
Event: 3.009 Executing VM operation: G1Concurrent
Event: 3.011 Executing VM operation: G1Concurrent done
Event: 3.089 Executing VM operation: G1CollectForAllocation
Event: 3.094 Executing VM operation: G1CollectForAllocation done
Event: 3.097 Executing VM operation: G1CollectForAllocation
Event: 3.097 Executing VM operation: G1CollectForAllocation done
Event: 3.097 Executing VM operation: G1CollectForAllocation

Events (20 events):
Event: 2.880 loading class java/util/concurrent/ConcurrentHashMap$ValueSpliterator
Event: 2.880 loading class java/util/concurrent/ConcurrentHashMap$ValueSpliterator done
Event: 2.888 loading class java/util/concurrent/CompletableFuture$UniApply
Event: 2.888 loading class java/util/concurrent/CompletableFuture$UniApply done
Event: 2.889 Thread 0x0000016503150310 Thread added: 0x0000016503150310
Event: 2.889 loading class java/util/concurrent/CompletableFuture$UniExceptionally
Event: 2.889 loading class java/util/concurrent/CompletableFuture$UniExceptionally done
Event: 2.890 loading class java/util/concurrent/CompletableFuture$Signaller
Event: 2.891 loading class java/util/concurrent/CompletableFuture$Signaller done
Event: 2.957 Thread 0x0000016503150cb0 Thread added: 0x0000016503150cb0
Event: 2.980 loading class jdk/internal/vm/annotation/ForceInline
Event: 2.980 loading class jdk/internal/vm/annotation/ForceInline done
Event: 2.999 loading class java/util/stream/Nodes$SpinedNodeBuilder
Event: 2.999 loading class java/util/stream/Nodes$SpinedNodeBuilder done
Event: 3.068 loading class java/util/zip/GZIPOutputStream
Event: 3.068 loading class java/util/zip/DeflaterOutputStream
Event: 3.068 loading class java/util/zip/DeflaterOutputStream done
Event: 3.068 loading class java/util/zip/GZIPOutputStream done
Event: 3.078 loading class java/util/zip/GZIPInputStream
Event: 3.079 loading class java/util/zip/GZIPInputStream done


Dynamic libraries:
0x00007ff609bd0000 - 0x00007ff609bde000 	c:\Users\00787701\.vscode\extensions\redhat.java-1.11.0-win32-x64\jre\17.0.4.1-win32-x86_64\bin\java.exe
0x00007ff871cd0000 - 0x00007ff871ec8000 	C:\Windows\SYSTEM32\ntdll.dll
0x00007ff871a30000 - 0x00007ff871aed000 	C:\Windows\System32\KERNEL32.DLL
0x00007ff871750000 - 0x00007ff871a22000 	C:\Windows\System32\KERNELBASE.dll
0x00000000390d0000 - 0x000000003910b000 	C:\Windows\System32\cyinjct.dll
0x00007ff8715d0000 - 0x00007ff8715dc000 	C:\Windows\System32\ntnativeapi.dll
0x00007ff852220000 - 0x00007ff852238000 	c:\Users\00787701\.vscode\extensions\redhat.java-1.11.0-win32-x64\jre\17.0.4.1-win32-x86_64\bin\jli.dll
0x000001656f360000 - 0x000001656f4fd000 	C:\Windows\System32\USER32.dll
0x00007ff86f570000 - 0x00007ff86f592000 	C:\Windows\System32\win32u.dll
0x00007ff86fc20000 - 0x00007ff86fc4b000 	C:\Windows\System32\GDI32.dll
0x00007ff86f7d0000 - 0x00007ff86f8df000 	C:\Windows\System32\gdi32full.dll
0x00007ff86f2c0000 - 0x00007ff86f35d000 	C:\Windows\System32\msvcp_win.dll
0x000001656f500000 - 0x000001656f600000 	C:\Windows\System32\ucrtbase.dll
0x00007ff852200000 - 0x00007ff852219000 	c:\Users\00787701\.vscode\extensions\redhat.java-1.11.0-win32-x64\jre\17.0.4.1-win32-x86_64\bin\VCRUNTIME140.dll
0x00007ff8597f0000 - 0x00007ff859a8a000 	C:\Windows\WinSxS\amd64_microsoft.windows.common-controls_6595b64144ccf1df_6.0.19041.1110_none_60b5254171f9507e\COMCTL32.dll
0x00007ff86ffc0000 - 0x00007ff87005e000 	C:\Windows\System32\msvcrt.dll
0x00007ff8715b0000 - 0x00007ff8715ce000 	C:\Windows\System32\cyvera.dll
0x00007ff871540000 - 0x00007ff8715a8000 	C:\Windows\System32\cyvrtrap.dll
0x00007ff86fa10000 - 0x00007ff86fa40000 	C:\Windows\System32\IMM32.DLL
0x00007ff8521f0000 - 0x00007ff8521fc000 	c:\Users\00787701\.vscode\extensions\redhat.java-1.11.0-win32-x64\jre\17.0.4.1-win32-x86_64\bin\vcruntime140_1.dll
0x00007ff852150000 - 0x00007ff8521e1000 	c:\Users\00787701\.vscode\extensions\redhat.java-1.11.0-win32-x64\jre\17.0.4.1-win32-x86_64\bin\msvcp140.dll
0x00007ffff71d0000 - 0x00007ffff7e16000 	c:\Users\00787701\.vscode\extensions\redhat.java-1.11.0-win32-x64\jre\17.0.4.1-win32-x86_64\bin\server\jvm.dll
0x00007ff86fa40000 - 0x00007ff86faee000 	C:\Windows\System32\ADVAPI32.dll
0x00007ff870ba0000 - 0x00007ff870c3c000 	C:\Windows\System32\sechost.dll
0x00007ff871620000 - 0x00007ff871745000 	C:\Windows\System32\RPCRT4.dll
0x00007ff86ffb0000 - 0x00007ff86ffb8000 	C:\Windows\System32\PSAPI.DLL
0x00007ff851810000 - 0x00007ff851819000 	C:\Windows\SYSTEM32\WSOCK32.dll
0x00007ff870060000 - 0x00007ff8700cb000 	C:\Windows\System32\WS2_32.dll
0x00007ff853470000 - 0x00007ff853497000 	C:\Windows\SYSTEM32\WINMM.dll
0x00007ff865050000 - 0x00007ff86505a000 	C:\Windows\SYSTEM32\VERSION.dll
0x00007ff86dd60000 - 0x00007ff86dd72000 	C:\Windows\SYSTEM32\kernel.appcore.dll
0x00007ff852140000 - 0x00007ff85214a000 	c:\Users\00787701\.vscode\extensions\redhat.java-1.11.0-win32-x64\jre\17.0.4.1-win32-x86_64\bin\jimage.dll
0x00007ff86d560000 - 0x00007ff86d744000 	C:\Windows\SYSTEM32\DBGHELP.DLL
0x00007ff8534a0000 - 0x00007ff8534cc000 	C:\Windows\SYSTEM32\dbgcore.DLL
0x00007ff86f640000 - 0x00007ff86f6c2000 	C:\Windows\System32\bcryptPrimitives.dll
0x00007ff871500000 - 0x00007ff871537000 	C:\Program Files\Palo Alto Networks\Traps\cyjagent.dll
0x00007ff852100000 - 0x00007ff852125000 	c:\Users\00787701\.vscode\extensions\redhat.java-1.11.0-win32-x64\jre\17.0.4.1-win32-x86_64\bin\java.dll
0x00007ff8520e0000 - 0x00007ff8520f8000 	c:\Users\00787701\.vscode\extensions\redhat.java-1.11.0-win32-x64\jre\17.0.4.1-win32-x86_64\bin\zip.dll
0x00007ff8702c0000 - 0x00007ff870a03000 	C:\Windows\System32\SHELL32.dll
0x00007ff86cc10000 - 0x00007ff86d3a1000 	C:\Windows\SYSTEM32\windows.storage.dll
0x00007ff86fc50000 - 0x00007ff86ffa4000 	C:\Windows\System32\combase.dll
0x00007ff86ed20000 - 0x00007ff86ed50000 	C:\Windows\SYSTEM32\Wldp.dll
0x00007ff870210000 - 0x00007ff8702bd000 	C:\Windows\System32\SHCORE.dll
0x00007ff8700d0000 - 0x00007ff870125000 	C:\Windows\System32\shlwapi.dll
0x00007ff86f200000 - 0x00007ff86f21f000 	C:\Windows\SYSTEM32\profapi.dll
0x00007ff8520c0000 - 0x00007ff8520d9000 	C:\Users\00787701\.vscode\extensions\redhat.java-1.11.0-win32-x64\jre\17.0.4.1-win32-x86_64\bin\net.dll
0x00007ff86e2b0000 - 0x00007ff86e3bd000 	C:\Windows\SYSTEM32\WINHTTP.dll
0x00007ff86ea80000 - 0x00007ff86eaea000 	C:\Windows\system32\mswsock.dll
0x00007ff8520a0000 - 0x00007ff8520b5000 	C:\Users\00787701\.vscode\extensions\redhat.java-1.11.0-win32-x64\jre\17.0.4.1-win32-x86_64\bin\nio.dll
0x00007ff852090000 - 0x00007ff8520a0000 	c:\Users\00787701\.vscode\extensions\redhat.java-1.11.0-win32-x64\jre\17.0.4.1-win32-x86_64\bin\verify.dll
0x00007ff862d20000 - 0x00007ff862d29000 	C:\Users\00787701\.vscode\extensions\redhat.java-1.11.0-win32-x64\jre\17.0.4.1-win32-x86_64\bin\management.dll
0x00007ff862d10000 - 0x00007ff862d1b000 	C:\Users\00787701\.vscode\extensions\redhat.java-1.11.0-win32-x64\jre\17.0.4.1-win32-x86_64\bin\management_ext.dll
0x00007ff847fd0000 - 0x00007ff847fe7000 	C:\Windows\system32\napinsp.dll
0x00007ff848370000 - 0x00007ff84838b000 	C:\Windows\system32\pnrpnsp.dll
0x00007ff848390000 - 0x00007ff8483a5000 	C:\Windows\system32\wshbth.dll
0x00007ff866aa0000 - 0x00007ff866abd000 	C:\Windows\system32\NLAapi.dll
0x00007ff86e720000 - 0x00007ff86e75b000 	C:\Windows\SYSTEM32\IPHLPAPI.DLL
0x00007ff86e770000 - 0x00007ff86e83a000 	C:\Windows\SYSTEM32\DNSAPI.dll
0x00007ff86fa00000 - 0x00007ff86fa08000 	C:\Windows\System32\NSI.dll
0x00007ff847ff0000 - 0x00007ff848002000 	C:\Windows\System32\winrnr.dll
0x00007ff862ce0000 - 0x00007ff862cea000 	C:\Windows\System32\rasadhlp.dll
0x00007ff866770000 - 0x00007ff8667f0000 	C:\Windows\System32\fwpuclnt.dll
0x00007ff86f5a0000 - 0x00007ff86f5c7000 	C:\Windows\System32\bcrypt.dll
0x00007ff86ec70000 - 0x00007ff86ec88000 	C:\Windows\SYSTEM32\CRYPTSP.dll
0x00007ff86e220000 - 0x00007ff86e254000 	C:\Windows\system32\rsaenh.dll
0x00007ff86f180000 - 0x00007ff86f1ae000 	C:\Windows\SYSTEM32\USERENV.dll
0x00007ff86ec90000 - 0x00007ff86ec9c000 	C:\Windows\SYSTEM32\CRYPTBASE.dll
0x00007ff865ef0000 - 0x00007ff865f07000 	C:\Windows\SYSTEM32\dhcpcsvc6.DLL
0x00007ff865e60000 - 0x00007ff865e7d000 	C:\Windows\SYSTEM32\dhcpcsvc.DLL

dbghelp: loaded successfully - version: 4.0.5 - missing functions: none
symbol engine: initialized successfully - sym options: 0x614 - pdb path: .;c:\Users\00787701\.vscode\extensions\redhat.java-1.11.0-win32-x64\jre\17.0.4.1-win32-x86_64\bin;C:\Windows\SYSTEM32;C:\Windows\WinSxS\amd64_microsoft.windows.common-controls_6595b64144ccf1df_6.0.19041.1110_none_60b5254171f9507e;c:\Users\00787701\.vscode\extensions\redhat.java-1.11.0-win32-x64\jre\17.0.4.1-win32-x86_64\bin\server;C:\Program Files\Palo Alto Networks\Traps

VM Arguments:
jvm_args: -Dsts.lsp.client=vscode -Dsts.log.file=/dev/null -XX:TieredStopAtLevel=1 -Xlog:jni+resolve=off -Dspring.config.location=file:c:\Users\00787701\.vscode\extensions\pivotal.vscode-spring-boot-1.39.0\language-server\BOOT-INF\classes\application.properties -agentpath:C:\Program Files\Palo Alto Networks\Traps\cyjagent.dll 
java_command: org.springframework.ide.vscode.boot.app.BootLanguageServerBootApp
java_class_path (initial): c:\Users\00787701\.vscode\extensions\pivotal.vscode-spring-boot-1.39.0\language-server\BOOT-INF\classes;c:\Users\00787701\.vscode\extensions\pivotal.vscode-spring-boot-1.39.0\language-server\BOOT-INF\lib\annotations-23.0.0.jar;c:\Users\00787701\.vscode\extensions\pivotal.vscode-spring-boot-1.39.0\language-server\BOOT-INF\lib\antlr-runtime-3.5.2.jar;c:\Users\00787701\.vscode\extensions\pivotal.vscode-spring-boot-1.39.0\language-server\BOOT-INF\lib\antlr4-4.9.3.jar;c:\Users\00787701\.vscode\extensions\pivotal.vscode-spring-boot-1.39.0\language-server\BOOT-INF\lib\antlr4-runtime-4.9.3.jar;c:\Users\00787701\.vscode\extensions\pivotal.vscode-spring-boot-1.39.0\language-server\BOOT-INF\lib\asm-9.3.jar;c:\Users\00787701\.vscode\extensions\pivotal.vscode-spring-boot-1.39.0\language-server\BOOT-INF\lib\asm-analysis-9.3.jar;c:\Users\00787701\.vscode\extensions\pivotal.vscode-spring-boot-1.39.0\language-server\BOOT-INF\lib\asm-tree-9.3.jar;c:\Users\00787701\.vscode\extensions\pivotal.vscode-spring-boot-1.39.0\language-server\BOOT-INF\lib\asm-util-9.3.jar;c:\Users\00787701\.vscode\extensions\pivotal.vscode-spring-boot-1.39.0\language-server\BOOT-INF\lib\byte-buddy-1.12.13.jar;c:\Users\00787701\.vscode\extensions\pivotal.vscode-spring-boot-1.39.0\language-server\BOOT-INF\lib\caffeine-2.9.3.jar;c:\Users\00787701\.vscode\extensions\pivotal.vscode-spring-boot-1.39.0\language-server\BOOT-INF\lib\checker-qual-3.12.0.jar;c:\Users\00787701\.vscode\extensions\pivotal.vscode-spring-boot-1.39.0\language-server\BOOT-INF\lib\classgraph-4.8.149.jar;c:\Users\00787701\.vscode\extensions\pivotal.vscode-spring-boot-1.39.0\language-server\BOOT-INF\lib\commons-codec-1.15.jar;c:\Users\00787701\.vscode\extensions\pivotal.vscode-spring-boot-1.39.0\language-server\BOOT-INF\lib\commons-compress-1.21.jar;c:\Users\00787701\.vscode\extensions\pivotal.vscode-spring-boot-1.39.0\language-server\BOOT-INF\lib\commons-exec-1.3.jar;c:\Users\00787701\.vscode\extensions\pivotal.vscode-
Launcher Type: SUN_STANDARD

[Global flags]
     intx CICompilerCount                          = 4                                         {product} {ergonomic}
     uint ConcGCThreads                            = 2                                         {product} {ergonomic}
     uint G1ConcRefinementThreads                  = 8                                         {product} {ergonomic}
   size_t G1HeapRegionSize                         = 1048576                                   {product} {ergonomic}
    uintx GCDrainStackTargetSize                   = 64                                        {product} {ergonomic}
   size_t InitialHeapSize                          = 130023424                                 {product} {ergonomic}
   size_t MarkStackSize                            = 4194304                                   {product} {ergonomic}
   size_t MaxHeapSize                              = 2080374784                                {product} {ergonomic}
   size_t MaxNewSize                               = 1247805440                                {product} {ergonomic}
   size_t MinHeapDeltaBytes                        = 1048576                                   {product} {ergonomic}
   size_t MinHeapSize                              = 8388608                                   {product} {ergonomic}
    uintx NonProfiledCodeHeapSize                  = 0                                      {pd product} {ergonomic}
     bool ProfileInterpreter                       = false                                  {pd product} {command line}
    uintx ProfiledCodeHeapSize                     = 0                                      {pd product} {ergonomic}
   size_t SoftMaxHeapSize                          = 2080374784                             {manageable} {ergonomic}
     intx TieredStopAtLevel                        = 1                                         {product} {command line}
     bool UseCompressedClassPointers               = true                           {product lp64_product} {ergonomic}
     bool UseCompressedOops                        = true                           {product lp64_product} {ergonomic}
     bool UseG1GC                                  = true                                      {product} {ergonomic}
     bool UseLargePagesIndividualAllocation        = false                                  {pd product} {ergonomic}

Logging:
Log output configuration:
 #0: stdout all=warning,jni+resolve=off uptime,level,tags
 #1: stderr all=off uptime,level,tags

Environment Variables:
JAVA_HOME=C:\Program Files\Java\jre1.8.0_291
PATH=C:\Program Files (x86)\Common Files\Oracle\Java\javapath;C:\Windows\system32;C:\Windows;C:\Windows\System32\Wbem;C:\Windows\System32\WindowsPowerShell\v1.0\;C:\Windows\System32\OpenSSH\;C:\Program Files (x86)\Microsoft SQL Server\80\Tools\Binn\;C:\Program Files\dotnet\;C:\Program Files\Git\cmd;C:\Users\00787701\AppData\Local\Microsoft\WindowsApps;C:\Users\00787701\AppData\Local\Programs\Microsoft VS Code\bin;C:\Program Files\Java\jre1.8.0_291\bin;C:\apache-maven-3.8.6\bin;
USERNAME=00787701
SHELL=C:\Program Files\Git\usr\bin\bash.exe
DISPLAY=needs-to-be-defined
LC_CTYPE=pt_BR.UTF-8
TERM=xterm
TMPDIR=C:\Users\00787701\AppData\Local\Temp
OS=Windows_NT
PROCESSOR_IDENTIFIER=Intel64 Family 6 Model 140 Stepping 1, GenuineIntel
TMP=C:\Users\00787701\AppData\Local\Temp
TEMP=C:\Users\00787701\AppData\Local\Temp



---------------  S Y S T E M  ---------------

OS:
 Windows 10 , 64 bit Build 19041 (10.0.19041.1889)
OS uptime: 0 days 6:46 hours

CPU: total 8 (initial active 8) (4 cores per cpu, 2 threads per core) family 6 model 140 stepping 1 microcode 0xa4, cx8, cmov, fxsr, ht, mmx, 3dnowpref, sse, sse2, sse3, ssse3, sse4.1, sse4.2, popcnt, lzcnt, tsc, tscinvbit, avx, avx2, aes, erms, clmul, bmi1, bmi2, adx, avx512f, avx512dq, avx512cd, avx512bw, avx512vl, sha, fma, vzeroupper, avx512_vpopcntdq, avx512_vpclmulqdq, avx512_vaes, avx512_vnni, clflush, clflushopt, clwb, avx512_vbmi2, avx512_vbmi

Memory: 4k page, system-wide physical 7934M (74M free)
TotalPageFile size 32510M (AvailPageFile size 17M)
current process WorkingSet (physical memory assigned to process): 190M, peak: 190M
current process commit charge ("private bytes"): 242M, peak: 264M

vm_info: OpenJDK 64-Bit Server VM (17.0.4.1+1) for windows-amd64 JRE (17.0.4.1+1), built on Aug 17 2022 07:42:43 by "temurin" with MS VC++ 16.7 (VS2019)

END.
