#
# There is insufficient memory for the Java Runtime Environment to continue.
# Native memory allocation (mmap) failed to map 11534336 bytes for G1 virtual space
# Possible reasons:
#   The system is out of physical RAM or swap space
#   The process is running with CompressedOops enabled, and the Java Heap may be blocking the growth of the native heap
# Possible solutions:
#   Reduce memory load on the system
#   Increase physical memory or swap space
#   Check if swap backing store is full
#   Decrease Java heap size (-Xmx/-Xms)
#   Decrease number of Java threads
#   Decrease Java thread stack sizes (-Xss)
#   Set larger code cache with -XX:ReservedCodeCacheSize=
#   JVM is running with Unscaled Compressed Oops mode in which the Java heap is
#     placed in the first 4GB address space. The Java Heap base address is the
#     maximum limit for the native heap growth. Please use -XX:HeapBaseMinAddress
#     to set the Java Heap base and to place the Java Heap above 4GB virtual address.
# This output file may be truncated or incomplete.
#
#  Out of Memory Error (os_windows.cpp:3541), pid=9064, tid=13448
#
# JRE version: OpenJDK Runtime Environment Temurin-17.0.4.1+1 (17.0.4.1+1) (build 17.0.4.1+1)
# Java VM: OpenJDK 64-Bit Server VM Temurin-17.0.4.1+1 (17.0.4.1+1, mixed mode, emulated-client, tiered, compressed oops, compressed class ptrs, g1 gc, windows-amd64)
# No core dump will be written. Minidumps are not enabled by default on client versions of Windows
#

---------------  S U M M A R Y ------------

Command Line: -Dsts.lsp.client=vscode -Dsts.log.file=/dev/null -XX:TieredStopAtLevel=1 -Xlog:jni+resolve=off -Dspring.config.location=file:c:\Users\00787701\.vscode\extensions\pivotal.vscode-spring-boot-1.39.0\language-server\BOOT-INF\classes\application.properties -agentpath:C:\Program Files\Palo Alto Networks\Traps\cyjagent.dll org.springframework.ide.vscode.boot.app.BootLanguageServerBootApp

Host: 11th Gen Intel(R) Core(TM) i5-1135G7 @ 2.40GHz, 8 cores, 7G,  Windows 10 , 64 bit Build 19041 (10.0.19041.1889)
Time: Tue Oct 18 23:53:45 2022 Hora oficial do Brasil elapsed time: 3.901169 seconds (0d 0h 0m 3s)

---------------  T H R E A D  ---------------

Current thread (0x000002ef10c36b60):  VMThread "VM Thread" [stack: 0x000000f49fd00000,0x000000f49fe00000] [id=13448]

Stack: [0x000000f49fd00000,0x000000f49fe00000]
Native frames: (J=compiled Java code, j=interpreted, Vv=VM code, C=native code)
V  [jvm.dll+0x67731a]
V  [jvm.dll+0x832284]
V  [jvm.dll+0x833a2e]
V  [jvm.dll+0x834093]
V  [jvm.dll+0x245775]
V  [jvm.dll+0x674209]
V  [jvm.dll+0x668a92]
V  [jvm.dll+0x30471b]
V  [jvm.dll+0x30bc66]
V  [jvm.dll+0x35ba9e]
V  [jvm.dll+0x35bccf]
V  [jvm.dll+0x2db5b8]
V  [jvm.dll+0x2d986c]
V  [jvm.dll+0x2d8e3c]
V  [jvm.dll+0x31cd9b]
V  [jvm.dll+0x83853b]
V  [jvm.dll+0x839274]
V  [jvm.dll+0x83978c]
V  [jvm.dll+0x839b64]
V  [jvm.dll+0x839c30]
V  [jvm.dll+0x7e240a]
V  [jvm.dll+0x6761a5]
C  [ucrtbase.dll+0x21bb2]
C  [cyinjct.dll+0x11e7]
C  [KERNEL32.DLL+0x17034]
C  [ntdll.dll+0x526a1]

VM_Operation (0x000000f4a21fe070): G1CollectForAllocation, mode: safepoint, requested by thread 0x000002ef139c0750


---------------  P R O C E S S  ---------------

Threads class SMR info:
_java_thread_list=0x000002ef15b7caa0, length=44, elements={
0x000002ef11838390, 0x000002ef11838c50, 0x000002ef1184fd10, 0x000002ef118505d0,
0x000002ef11852ea0, 0x000002ef11880010, 0x000002ef118848e0, 0x000002ef10c3e700,
0x000002ef11a91210, 0x000002ef11aa34a0, 0x000002ef11aa3f40, 0x000002ef1365cb60,
0x000002ef13811f20, 0x000002ef139afde0, 0x000002ef139b62e0, 0x000002ef13987740,
0x000002ef13988420, 0x000002ef139b7cb0, 0x000002ef139bd540, 0x000002ef139c0c20,
0x000002ef139bea70, 0x000002ef139c10f0, 0x000002ef139c15c0, 0x000002ef139c1a90,
0x000002ef139bf410, 0x000002ef139bf8e0, 0x000002ef139c0750, 0x000002ef139c1f60,
0x000002ef139bfdb0, 0x000002ef139c2430, 0x000002ef139bef40, 0x000002ef139c0280,
0x000002ef15a34b40, 0x000002ef15a307e0, 0x000002ef15a31b20, 0x000002ef15a30cb0,
0x000002ef15a33cd0, 0x000002ef15a31650, 0x000002ef15a31180, 0x000002ef15a33330,
0x000002ef15a2f970, 0x000002ef15a32e60, 0x000002ef15a31ff0, 0x000002ef15a354e0
}

Java Threads: ( => current thread )
  0x000002ef11838390 JavaThread "Reference Handler" daemon [_thread_blocked, id=6544, stack(0x000000f49fe00000,0x000000f49ff00000)]
  0x000002ef11838c50 JavaThread "Finalizer" daemon [_thread_blocked, id=17876, stack(0x000000f49ff00000,0x000000f4a0000000)]
  0x000002ef1184fd10 JavaThread "Signal Dispatcher" daemon [_thread_blocked, id=7532, stack(0x000000f4a0000000,0x000000f4a0100000)]
  0x000002ef118505d0 JavaThread "Attach Listener" daemon [_thread_blocked, id=15344, stack(0x000000f4a0100000,0x000000f4a0200000)]
  0x000002ef11852ea0 JavaThread "Service Thread" daemon [_thread_blocked, id=9788, stack(0x000000f4a0200000,0x000000f4a0300000)]
  0x000002ef11880010 JavaThread "Monitor Deflation Thread" daemon [_thread_blocked, id=10328, stack(0x000000f4a0300000,0x000000f4a0400000)]
  0x000002ef118848e0 JavaThread "C1 CompilerThread0" daemon [_thread_blocked, id=10436, stack(0x000000f4a0400000,0x000000f4a0500000)]
  0x000002ef10c3e700 JavaThread "Sweeper thread" daemon [_thread_blocked, id=9024, stack(0x000000f4a0500000,0x000000f4a0600000)]
  0x000002ef11a91210 JavaThread "C1 CompilerThread1" daemon [_thread_blocked, id=16212, stack(0x000000f4a0600000,0x000000f4a0700000)]
  0x000002ef11aa34a0 JavaThread "Notification Thread" daemon [_thread_blocked, id=17120, stack(0x000000f4a0700000,0x000000f4a0800000)]
  0x000002ef11aa3f40 JavaThread "Common-Cleaner" daemon [_thread_blocked, id=8708, stack(0x000000f4a0900000,0x000000f4a0a00000)]
  0x000002ef1365cb60 JavaThread "boundedElastic-evictor-1" daemon [_thread_blocked, id=8060, stack(0x000000f4a0f00000,0x000000f4a1000000)]
  0x000002ef13811f20 JavaThread "ForkJoinPool.commonPool-worker-1" daemon [_thread_blocked, id=5084, stack(0x000000f4a1300000,0x000000f4a1400000)]
  0x000002ef139afde0 JavaThread "ClassGraph-worker-0" daemon [_thread_blocked, id=16572, stack(0x000000f4a1400000,0x000000f4a1500000)]
  0x000002ef139b62e0 JavaThread "ClassGraph-worker-1" daemon [_thread_blocked, id=14872, stack(0x000000f4a1500000,0x000000f4a1600000)]
  0x000002ef13987740 JavaThread "ClassGraph-worker-2" daemon [_thread_blocked, id=6324, stack(0x000000f4a1600000,0x000000f4a1700000)]
  0x000002ef13988420 JavaThread "ClassGraph-worker-3" daemon [_thread_blocked, id=11404, stack(0x000000f4a1700000,0x000000f4a1800000)]
  0x000002ef139b7cb0 JavaThread "ClassGraph-worker-4" daemon [_thread_blocked, id=13680, stack(0x000000f4a1800000,0x000000f4a1900000)]
  0x000002ef139bd540 JavaThread "ClassGraph-worker-5" daemon [_thread_blocked, id=6748, stack(0x000000f4a1900000,0x000000f4a1a00000)]
  0x000002ef139c0c20 JavaThread "ClassGraph-worker-6" daemon [_thread_blocked, id=16928, stack(0x000000f4a1a00000,0x000000f4a1b00000)]
  0x000002ef139bea70 JavaThread "ClassGraph-worker-7" daemon [_thread_blocked, id=6784, stack(0x000000f4a1b00000,0x000000f4a1c00000)]
  0x000002ef139c10f0 JavaThread "ClassGraph-worker-8" daemon [_thread_blocked, id=17660, stack(0x000000f4a1c00000,0x000000f4a1d00000)]
  0x000002ef139c15c0 JavaThread "ClassGraph-worker-9" daemon [_thread_blocked, id=3432, stack(0x000000f4a1d00000,0x000000f4a1e00000)]
  0x000002ef139c1a90 JavaThread "ClassGraph-worker-10" daemon [_thread_blocked, id=15448, stack(0x000000f4a1e00000,0x000000f4a1f00000)]
  0x000002ef139bf410 JavaThread "ClassGraph-worker-11" daemon [_thread_blocked, id=18064, stack(0x000000f4a1f00000,0x000000f4a2000000)]
  0x000002ef139bf8e0 JavaThread "ClassGraph-worker-12" daemon [_thread_blocked, id=8064, stack(0x000000f4a2000000,0x000000f4a2100000)]
  0x000002ef139c0750 JavaThread "ClassGraph-worker-13" daemon [_thread_blocked, id=7372, stack(0x000000f4a2100000,0x000000f4a2200000)]
  0x000002ef139c1f60 JavaThread "pool-9-thread-1" [_thread_blocked, id=12248, stack(0x000000f4a2200000,0x000000f4a2300000)]
  0x000002ef139bfdb0 JavaThread "LanguageServerApp-lifecycle" [_thread_blocked, id=17824, stack(0x000000f4a2300000,0x000000f4a2400000)]
  0x000002ef139c2430 JavaThread "DestroyJavaVM" [_thread_blocked, id=13544, stack(0x000000f49f700000,0x000000f49f800000)]
  0x000002ef139bef40 JavaThread "pool-10-thread-1" [_thread_in_native, id=8076, stack(0x000000f4a2400000,0x000000f4a2500000)]
  0x000002ef139c0280 JavaThread "Simple-Language-Server main thread" daemon [_thread_blocked, id=5968, stack(0x000000f4a2500000,0x000000f4a2600000)]
  0x000002ef15a34b40 JavaThread "pool-7-thread-1" [_thread_blocked, id=13744, stack(0x000000f4a2700000,0x000000f4a2800000)]
  0x000002ef15a307e0 JavaThread "parallel-1" daemon [_thread_blocked, id=6620, stack(0x000000f4a2800000,0x000000f4a2900000)]
  0x000002ef15a31b20 JavaThread "parallel-2" daemon [_thread_blocked, id=2272, stack(0x000000f4a2900000,0x000000f4a2a00000)]
  0x000002ef15a30cb0 JavaThread "parallel-3" daemon [_thread_blocked, id=3184, stack(0x000000f4a2a00000,0x000000f4a2b00000)]
  0x000002ef15a33cd0 JavaThread "parallel-4" daemon [_thread_blocked, id=10144, stack(0x000000f4a2b00000,0x000000f4a2c00000)]
  0x000002ef15a31650 JavaThread "parallel-5" daemon [_thread_blocked, id=8500, stack(0x000000f4a2c00000,0x000000f4a2d00000)]
  0x000002ef15a31180 JavaThread "parallel-6" daemon [_thread_blocked, id=11384, stack(0x000000f4a2d00000,0x000000f4a2e00000)]
  0x000002ef15a33330 JavaThread "parallel-7" daemon [_thread_blocked, id=1656, stack(0x000000f4a2e00000,0x000000f4a2f00000)]
  0x000002ef15a2f970 JavaThread "parallel-8" daemon [_thread_blocked, id=14284, stack(0x000000f4a2f00000,0x000000f4a3000000)]
  0x000002ef15a32e60 JavaThread "pool-4-thread-1" [_thread_blocked, id=18176, stack(0x000000f4a3000000,0x000000f4a3100000)]
  0x000002ef15a31ff0 JavaThread "Reconciler-1" daemon [_thread_blocked, id=7308, stack(0x000000f4a3100000,0x000000f4a3200000)]
  0x000002ef15a354e0 JavaThread "pool-4-thread-2" [_thread_blocked, id=12720, stack(0x000000f4a3200000,0x000000f4a3300000)]

Other Threads:
=>0x000002ef10c36b60 VMThread "VM Thread" [stack: 0x000000f49fd00000,0x000000f49fe00000] [id=13448]
  0x000002ef01b897f0 WatcherThread [stack: 0x000000f4a0800000,0x000000f4a0900000] [id=3300]
  0x000002ef01b6fea0 GCTaskThread "GC Thread#0" [stack: 0x000000f49f800000,0x000000f49f900000] [id=8492]
  0x000002ef1302d010 GCTaskThread "GC Thread#1" [stack: 0x000000f4a0a00000,0x000000f4a0b00000] [id=3896]
  0x000002ef13037f20 GCTaskThread "GC Thread#2" [stack: 0x000000f4a0b00000,0x000000f4a0c00000] [id=11760]
  0x000002ef130387f0 GCTaskThread "GC Thread#3" [stack: 0x000000f4a0c00000,0x000000f4a0d00000] [id=3672]
  0x000002ef13038aa0 GCTaskThread "GC Thread#4" [stack: 0x000000f4a0d00000,0x000000f4a0e00000] [id=9524]
  0x000002ef13038d50 GCTaskThread "GC Thread#5" [stack: 0x000000f4a0e00000,0x000000f4a0f00000] [id=7880]
  0x000002ef1323c480 GCTaskThread "GC Thread#6" [stack: 0x000000f4a1000000,0x000000f4a1100000] [id=6124]
  0x000002ef1323c730 GCTaskThread "GC Thread#7" [stack: 0x000000f4a1100000,0x000000f4a1200000] [id=7904]
  0x000002ef01b81670 ConcurrentGCThread "G1 Main Marker" [stack: 0x000000f49f900000,0x000000f49fa00000] [id=4736]
  0x000002ef01b82fa0 ConcurrentGCThread "G1 Conc#0" [stack: 0x000000f49fa00000,0x000000f49fb00000] [id=17532]
  0x000002ef133e2820 ConcurrentGCThread "G1 Conc#1" [stack: 0x000000f4a1200000,0x000000f4a1300000] [id=17192]
  0x000002ef10ab5880 ConcurrentGCThread "G1 Refine#0" [stack: 0x000000f49fb00000,0x000000f49fc00000] [id=17568]
  0x000002ef13635140 ConcurrentGCThread "G1 Refine#1" [stack: 0x000000f4a2600000,0x000000f4a2700000] [id=13116]
  0x000002ef10ab61b0 ConcurrentGCThread "G1 Service" [stack: 0x000000f49fc00000,0x000000f49fd00000] [id=17864]

Threads with active compile tasks:

VM state: at safepoint (normal execution)

VM Mutex/Monitor currently owned by a thread:  ([mutex/lock_event])
[0x000002ef016eec30] Threads_lock - owner thread: 0x000002ef10c36b60
[0x000002ef01b13310] Heap_lock - owner thread: 0x000002ef139c0750

Heap address: 0x0000000084000000, size: 1984 MB, Compressed Oops mode: 32-bit

CDS archive(s) not mapped
Compressed class space mapped at: 0x0000000100000000-0x0000000140000000, reserved size: 1073741824
Narrow klass base: 0x0000000000000000, Narrow klass shift: 3, Narrow klass range: 0x140000000

GC Precious Log:
 CPUs: 8 total, 8 available
 Memory: 7934M
 Large Page Support: Disabled
 NUMA Support: Disabled
 Compressed Oops: Enabled (32-bit)
 Heap Region Size: 1M
 Heap Min Capacity: 8M
 Heap Initial Capacity: 124M
 Heap Max Capacity: 1984M
 Pre-touch: Disabled
 Parallel Workers: 8
 Concurrent Workers: 2
 Concurrent Refinement Workers: 8
 Periodic GC: Disabled

Heap:
 garbage-first heap   total 115712K, used 67021K [0x0000000084000000, 0x0000000100000000)
  region size 1024K, 2 young (2048K), 2 survivors (2048K)
 Metaspace       used 37028K, committed 37312K, reserved 1089536K
  class space    used 4783K, committed 4928K, reserved 1048576K

Heap Regions: E=young(eden), S=young(survivor), O=old, HS=humongous(starts), HC=humongous(continues), CS=collection set, F=free, OA=open archive, CA=closed archive, TAMS=top-at-mark-start (previous, next)
|   0|0x0000000084000000, 0x0000000084100000, 0x0000000084100000|100%| O|  |TAMS 0x0000000084100000, 0x0000000084100000| Untracked 
|   1|0x0000000084100000, 0x0000000084200000, 0x0000000084200000|100%| O|  |TAMS 0x0000000084200000, 0x0000000084200000| Untracked 
|   2|0x0000000084200000, 0x0000000084300000, 0x0000000084300000|100%| O|  |TAMS 0x0000000084300000, 0x0000000084300000| Untracked 
|   3|0x0000000084300000, 0x0000000084400000, 0x0000000084400000|100%| O|  |TAMS 0x0000000084400000, 0x0000000084400000| Untracked 
|   4|0x0000000084400000, 0x0000000084500000, 0x0000000084500000|100%| O|  |TAMS 0x0000000084500000, 0x0000000084500000| Untracked 
|   5|0x0000000084500000, 0x0000000084600000, 0x0000000084600000|100%| O|  |TAMS 0x0000000084600000, 0x0000000084600000| Untracked 
|   6|0x0000000084600000, 0x0000000084700000, 0x0000000084700000|100%| O|  |TAMS 0x0000000084700000, 0x0000000084700000| Untracked 
|   7|0x0000000084700000, 0x0000000084800000, 0x0000000084800000|100%| O|  |TAMS 0x0000000084800000, 0x0000000084800000| Untracked 
|   8|0x0000000084800000, 0x0000000084900000, 0x0000000084900000|100%| O|  |TAMS 0x0000000084900000, 0x0000000084900000| Untracked 
|   9|0x0000000084900000, 0x0000000084a00000, 0x0000000084a00000|100%| O|  |TAMS 0x0000000084a00000, 0x0000000084a00000| Untracked 
|  10|0x0000000084a00000, 0x0000000084b00000, 0x0000000084b00000|100%| O|  |TAMS 0x0000000084b00000, 0x0000000084b00000| Untracked 
|  11|0x0000000084b00000, 0x0000000084c00000, 0x0000000084c00000|100%| O|  |TAMS 0x0000000084c00000, 0x0000000084c00000| Untracked 
|  12|0x0000000084c00000, 0x0000000084d00000, 0x0000000084d00000|100%| O|  |TAMS 0x0000000084d00000, 0x0000000084d00000| Untracked 
|  13|0x0000000084d00000, 0x0000000084e00000, 0x0000000084e00000|100%| O|  |TAMS 0x0000000084e00000, 0x0000000084e00000| Untracked 
|  14|0x0000000084e00000, 0x0000000084f00000, 0x0000000084f00000|100%| O|  |TAMS 0x0000000084f00000, 0x0000000084f00000| Untracked 
|  15|0x0000000084f00000, 0x0000000085000000, 0x0000000085000000|100%| O|  |TAMS 0x0000000085000000, 0x0000000085000000| Untracked 
|  16|0x0000000085000000, 0x0000000085100000, 0x0000000085100000|100%| O|  |TAMS 0x0000000085100000, 0x0000000085100000| Untracked 
|  17|0x0000000085100000, 0x0000000085200000, 0x0000000085200000|100%| O|  |TAMS 0x0000000085200000, 0x0000000085200000| Untracked 
|  18|0x0000000085200000, 0x0000000085300000, 0x0000000085300000|100%| O|  |TAMS 0x0000000085300000, 0x0000000085300000| Untracked 
|  19|0x0000000085300000, 0x0000000085400000, 0x0000000085400000|100%| O|  |TAMS 0x0000000085400000, 0x0000000085400000| Untracked 
|  20|0x0000000085400000, 0x0000000085500000, 0x0000000085500000|100%| O|  |TAMS 0x0000000085500000, 0x0000000085500000| Untracked 
|  21|0x0000000085500000, 0x0000000085600000, 0x0000000085600000|100%| O|  |TAMS 0x0000000085600000, 0x0000000085600000| Untracked 
|  22|0x0000000085600000, 0x0000000085700000, 0x0000000085700000|100%| O|  |TAMS 0x0000000085700000, 0x0000000085700000| Untracked 
|  23|0x0000000085700000, 0x0000000085800000, 0x0000000085800000|100%| O|  |TAMS 0x0000000085800000, 0x0000000085800000| Untracked 
|  24|0x0000000085800000, 0x0000000085900000, 0x0000000085900000|100%| O|  |TAMS 0x0000000085900000, 0x0000000085900000| Untracked 
|  25|0x0000000085900000, 0x0000000085a00000, 0x0000000085a00000|100%| O|  |TAMS 0x0000000085a00000, 0x0000000085a00000| Untracked 
|  26|0x0000000085a00000, 0x0000000085b00000, 0x0000000085b00000|100%| O|  |TAMS 0x0000000085b00000, 0x0000000085b00000| Untracked 
|  27|0x0000000085b00000, 0x0000000085c00000, 0x0000000085c00000|100%| O|  |TAMS 0x0000000085c00000, 0x0000000085c00000| Untracked 
|  28|0x0000000085c00000, 0x0000000085d00000, 0x0000000085d00000|100%| O|  |TAMS 0x0000000085d00000, 0x0000000085d00000| Untracked 
|  29|0x0000000085d00000, 0x0000000085e00000, 0x0000000085e00000|100%| O|  |TAMS 0x0000000085e00000, 0x0000000085e00000| Untracked 
|  30|0x0000000085e00000, 0x0000000085f00000, 0x0000000085f00000|100%| O|  |TAMS 0x0000000085f00000, 0x0000000085f00000| Untracked 
|  31|0x0000000085f00000, 0x0000000086000000, 0x0000000086000000|100%| O|  |TAMS 0x0000000086000000, 0x0000000086000000| Untracked 
|  32|0x0000000086000000, 0x0000000086100000, 0x0000000086100000|100%| O|  |TAMS 0x0000000086100000, 0x0000000086100000| Untracked 
|  33|0x0000000086100000, 0x0000000086200000, 0x0000000086200000|100%| O|  |TAMS 0x0000000086200000, 0x0000000086200000| Untracked 
|  34|0x0000000086200000, 0x0000000086300000, 0x0000000086300000|100%| O|  |TAMS 0x0000000086300000, 0x0000000086300000| Untracked 
|  35|0x0000000086300000, 0x0000000086400000, 0x0000000086400000|100%| O|  |TAMS 0x0000000086392400, 0x0000000086400000| Untracked 
|  36|0x0000000086400000, 0x0000000086500000, 0x0000000086500000|100%| O|  |TAMS 0x0000000086400000, 0x0000000086500000| Untracked 
|  37|0x0000000086500000, 0x0000000086600000, 0x0000000086600000|100%| O|  |TAMS 0x0000000086500000, 0x0000000086600000| Untracked 
|  38|0x0000000086600000, 0x0000000086700000, 0x0000000086700000|100%| O|  |TAMS 0x0000000086600000, 0x0000000086700000| Untracked 
|  39|0x0000000086700000, 0x0000000086800000, 0x0000000086800000|100%| O|  |TAMS 0x0000000086700000, 0x0000000086800000| Untracked 
|  40|0x0000000086800000, 0x0000000086900000, 0x0000000086900000|100%|HS|  |TAMS 0x0000000086800000, 0x0000000086900000| Complete 
|  41|0x0000000086900000, 0x0000000086a00000, 0x0000000086a00000|100%|HS|  |TAMS 0x0000000086900000, 0x0000000086a00000| Complete 
|  42|0x0000000086a00000, 0x0000000086b00000, 0x0000000086b00000|100%| O|  |TAMS 0x0000000086a00000, 0x0000000086b00000| Untracked 
|  43|0x0000000086b00000, 0x0000000086c00000, 0x0000000086c00000|100%| O|  |TAMS 0x0000000086b00000, 0x0000000086c00000| Untracked 
|  44|0x0000000086c00000, 0x0000000086d00000, 0x0000000086d00000|100%| O|  |TAMS 0x0000000086c00000, 0x0000000086d00000| Untracked 
|  45|0x0000000086d00000, 0x0000000086e00000, 0x0000000086e00000|100%| O|  |TAMS 0x0000000086d00000, 0x0000000086e00000| Untracked 
|  46|0x0000000086e00000, 0x0000000086f00000, 0x0000000086f00000|100%| O|  |TAMS 0x0000000086e00000, 0x0000000086f00000| Untracked 
|  47|0x0000000086f00000, 0x0000000087000000, 0x0000000087000000|100%| O|  |TAMS 0x0000000086f00000, 0x0000000087000000| Untracked 
|  48|0x0000000087000000, 0x0000000087100000, 0x0000000087100000|100%| O|  |TAMS 0x0000000087000000, 0x0000000087100000| Untracked 
|  49|0x0000000087100000, 0x0000000087200000, 0x0000000087200000|100%| O|  |TAMS 0x0000000087100000, 0x0000000087200000| Untracked 
|  50|0x0000000087200000, 0x0000000087300000, 0x0000000087300000|100%| O|  |TAMS 0x0000000087200000, 0x0000000087300000| Untracked 
|  51|0x0000000087300000, 0x0000000087400000, 0x0000000087400000|100%| O|  |TAMS 0x0000000087300000, 0x0000000087400000| Untracked 
|  52|0x0000000087400000, 0x0000000087500000, 0x0000000087500000|100%| O|  |TAMS 0x0000000087400000, 0x0000000087500000| Untracked 
|  53|0x0000000087500000, 0x0000000087600000, 0x0000000087600000|100%| O|  |TAMS 0x0000000087500000, 0x0000000087600000| Untracked 
|  54|0x0000000087600000, 0x0000000087700000, 0x0000000087700000|100%| O|  |TAMS 0x0000000087600000, 0x00000000876f1000| Untracked 
|  55|0x0000000087700000, 0x0000000087800000, 0x0000000087800000|100%| O|  |TAMS 0x0000000087700000, 0x0000000087700000| Untracked 
|  56|0x0000000087800000, 0x0000000087900000, 0x0000000087900000|100%| O|  |TAMS 0x0000000087800000, 0x0000000087800000| Untracked 
|  57|0x0000000087900000, 0x0000000087a00000, 0x0000000087a00000|100%| O|  |TAMS 0x0000000087900000, 0x0000000087900000| Untracked 
|  58|0x0000000087a00000, 0x0000000087b00000, 0x0000000087b00000|100%| O|  |TAMS 0x0000000087a00000, 0x0000000087a00000| Untracked 
|  59|0x0000000087b00000, 0x0000000087c00000, 0x0000000087c00000|100%| O|  |TAMS 0x0000000087b00000, 0x0000000087b00000| Untracked 
|  60|0x0000000087c00000, 0x0000000087d00000, 0x0000000087d00000|100%| O|  |TAMS 0x0000000087c00000, 0x0000000087c00000| Untracked 
|  61|0x0000000087d00000, 0x0000000087e00000, 0x0000000087e00000|100%| O|  |TAMS 0x0000000087d00000, 0x0000000087d00000| Untracked 
|  62|0x0000000087e00000, 0x0000000087f00000, 0x0000000087f00000|100%| O|  |TAMS 0x0000000087e00000, 0x0000000087e00000| Untracked 
|  63|0x0000000087f00000, 0x0000000087f7b400, 0x0000000088000000| 48%| O|  |TAMS 0x0000000087f00000, 0x0000000087f00000| Untracked 
|  64|0x0000000088000000, 0x0000000088000000, 0x0000000088100000|  0%| F|  |TAMS 0x0000000088000000, 0x0000000088000000| Untracked 
|  65|0x0000000088100000, 0x0000000088100000, 0x0000000088200000|  0%| F|  |TAMS 0x0000000088100000, 0x0000000088100000| Untracked 
|  66|0x0000000088200000, 0x0000000088200000, 0x0000000088300000|  0%| F|  |TAMS 0x0000000088200000, 0x0000000088200000| Untracked 
|  67|0x0000000088300000, 0x0000000088300000, 0x0000000088400000|  0%| F|  |TAMS 0x0000000088300000, 0x0000000088300000| Untracked 
|  68|0x0000000088400000, 0x0000000088400000, 0x0000000088500000|  0%| F|  |TAMS 0x0000000088400000, 0x0000000088400000| Untracked 
|  69|0x0000000088500000, 0x0000000088500000, 0x0000000088600000|  0%| F|  |TAMS 0x0000000088500000, 0x0000000088500000| Untracked 
|  70|0x0000000088600000, 0x0000000088600000, 0x0000000088700000|  0%| F|  |TAMS 0x0000000088600000, 0x0000000088600000| Untracked 
|  71|0x0000000088700000, 0x0000000088700000, 0x0000000088800000|  0%| F|  |TAMS 0x0000000088700000, 0x0000000088700000| Untracked 
|  72|0x0000000088800000, 0x0000000088800000, 0x0000000088900000|  0%| F|  |TAMS 0x0000000088800000, 0x0000000088800000| Untracked 
|  73|0x0000000088900000, 0x0000000088900000, 0x0000000088a00000|  0%| F|  |TAMS 0x0000000088900000, 0x0000000088900000| Untracked 
|  74|0x0000000088a00000, 0x0000000088a00000, 0x0000000088b00000|  0%| F|  |TAMS 0x0000000088a00000, 0x0000000088a00000| Untracked 
|  75|0x0000000088b00000, 0x0000000088b00000, 0x0000000088c00000|  0%| F|  |TAMS 0x0000000088b00000, 0x0000000088b00000| Untracked 
|  76|0x0000000088c00000, 0x0000000088c00000, 0x0000000088d00000|  0%| F|  |TAMS 0x0000000088c00000, 0x0000000088c00000| Untracked 
|  77|0x0000000088d00000, 0x0000000088d00000, 0x0000000088e00000|  0%| F|  |TAMS 0x0000000088d00000, 0x0000000088d00000| Untracked 
|  78|0x0000000088e00000, 0x0000000088e00000, 0x0000000088f00000|  0%| F|  |TAMS 0x0000000088e00000, 0x0000000088e00000| Untracked 
|  79|0x0000000088f00000, 0x0000000088f00000, 0x0000000089000000|  0%| F|  |TAMS 0x0000000088f00000, 0x0000000088f00000| Untracked 
|  80|0x0000000089000000, 0x0000000089000000, 0x0000000089100000|  0%| F|  |TAMS 0x0000000089000000, 0x0000000089000000| Untracked 
|  81|0x0000000089100000, 0x0000000089100000, 0x0000000089200000|  0%| F|  |TAMS 0x0000000089100000, 0x0000000089100000| Untracked 
|  82|0x0000000089200000, 0x0000000089200000, 0x0000000089300000|  0%| F|  |TAMS 0x0000000089200000, 0x0000000089200000| Untracked 
|  83|0x0000000089300000, 0x0000000089300000, 0x0000000089400000|  0%| F|  |TAMS 0x0000000089300000, 0x0000000089300000| Untracked 
|  84|0x0000000089400000, 0x0000000089400000, 0x0000000089500000|  0%| F|  |TAMS 0x0000000089400000, 0x0000000089400000| Untracked 
|  85|0x0000000089500000, 0x0000000089500000, 0x0000000089600000|  0%| F|  |TAMS 0x0000000089500000, 0x0000000089500000| Untracked 
|  86|0x0000000089600000, 0x0000000089600000, 0x0000000089700000|  0%| F|  |TAMS 0x0000000089600000, 0x0000000089600000| Untracked 
|  87|0x0000000089700000, 0x0000000089700000, 0x0000000089800000|  0%| F|  |TAMS 0x0000000089700000, 0x0000000089700000| Untracked 
|  88|0x0000000089800000, 0x0000000089800000, 0x0000000089900000|  0%| F|  |TAMS 0x0000000089800000, 0x0000000089800000| Untracked 
|  89|0x0000000089900000, 0x00000000899f8318, 0x0000000089a00000| 96%| S|CS|TAMS 0x0000000089900000, 0x0000000089900000| Complete 
|  90|0x0000000089a00000, 0x0000000089b00000, 0x0000000089b00000|100%| S|CS|TAMS 0x0000000089a00000, 0x0000000089a00000| Complete 
|  91|0x0000000089b00000, 0x0000000089b00000, 0x0000000089c00000|  0%| F|  |TAMS 0x0000000089b00000, 0x0000000089b00000| Untracked 
|  92|0x0000000089c00000, 0x0000000089c00000, 0x0000000089d00000|  0%| F|  |TAMS 0x0000000089c00000, 0x0000000089c00000| Untracked 
|  93|0x0000000089d00000, 0x0000000089d00000, 0x0000000089e00000|  0%| F|  |TAMS 0x0000000089d00000, 0x0000000089d00000| Untracked 
|  94|0x0000000089e00000, 0x0000000089e00000, 0x0000000089f00000|  0%| F|  |TAMS 0x0000000089e00000, 0x0000000089e00000| Untracked 
|  95|0x0000000089f00000, 0x0000000089f00000, 0x000000008a000000|  0%| F|  |TAMS 0x0000000089f00000, 0x0000000089f00000| Untracked 
|  96|0x000000008a000000, 0x000000008a000000, 0x000000008a100000|  0%| F|  |TAMS 0x000000008a000000, 0x000000008a000000| Untracked 
|  97|0x000000008a100000, 0x000000008a100000, 0x000000008a200000|  0%| F|  |TAMS 0x000000008a100000, 0x000000008a100000| Untracked 
|  98|0x000000008a200000, 0x000000008a200000, 0x000000008a300000|  0%| F|  |TAMS 0x000000008a200000, 0x000000008a200000| Untracked 
|  99|0x000000008a300000, 0x000000008a300000, 0x000000008a400000|  0%| F|  |TAMS 0x000000008a300000, 0x000000008a300000| Untracked 
| 100|0x000000008a400000, 0x000000008a400000, 0x000000008a500000|  0%| F|  |TAMS 0x000000008a400000, 0x000000008a400000| Untracked 
| 101|0x000000008a500000, 0x000000008a500000, 0x000000008a600000|  0%| F|  |TAMS 0x000000008a500000, 0x000000008a500000| Untracked 
| 102|0x000000008a600000, 0x000000008a600000, 0x000000008a700000|  0%| F|  |TAMS 0x000000008a600000, 0x000000008a600000| Untracked 
| 103|0x000000008a700000, 0x000000008a700000, 0x000000008a800000|  0%| F|  |TAMS 0x000000008a700000, 0x000000008a700000| Untracked 
| 104|0x000000008a800000, 0x000000008a800000, 0x000000008a900000|  0%| F|  |TAMS 0x000000008a800000, 0x000000008a800000| Untracked 
| 105|0x000000008a900000, 0x000000008a900000, 0x000000008aa00000|  0%| F|  |TAMS 0x000000008a900000, 0x000000008a900000| Untracked 
| 106|0x000000008aa00000, 0x000000008aa00000, 0x000000008ab00000|  0%| F|  |TAMS 0x000000008aa00000, 0x000000008aa00000| Untracked 
| 107|0x000000008ab00000, 0x000000008ab00000, 0x000000008ac00000|  0%| F|  |TAMS 0x000000008ab00000, 0x000000008ab00000| Untracked 
| 108|0x000000008ac00000, 0x000000008ac00000, 0x000000008ad00000|  0%| F|  |TAMS 0x000000008ac00000, 0x000000008ac00000| Untracked 
| 109|0x000000008ad00000, 0x000000008ad00000, 0x000000008ae00000|  0%| F|  |TAMS 0x000000008ad00000, 0x000000008ad00000| Untracked 
| 110|0x000000008ae00000, 0x000000008ae00000, 0x000000008af00000|  0%| F|  |TAMS 0x000000008ae00000, 0x000000008ae00000| Untracked 
| 122|0x000000008ba00000, 0x000000008ba00000, 0x000000008bb00000|  0%| F|  |TAMS 0x000000008ba00000, 0x000000008ba00000| Untracked 
| 123|0x000000008bb00000, 0x000000008bb00000, 0x000000008bc00000|  0%| F|  |TAMS 0x000000008bb00000, 0x000000008bb00000| Untracked 

Card table byte_map: [0x000002ef09ea0000,0x000002ef0a280000] _byte_map_base: 0x000002ef09a80000

Marking Bits (Prev, Next): (CMBitMap*) 0x000002ef01b703c0, (CMBitMap*) 0x000002ef01b70400
 Prev Bits: [0x000002ef0a660000, 0x000002ef0c560000)
 Next Bits: [0x000002ef0c560000, 0x000002ef0e460000)

Polling page: 0x000002ef01bc0000

Metaspace:

Usage:
  Non-class:     31.49 MB used.
      Class:      4.67 MB used.
       Both:     36.16 MB used.

Virtual space:
  Non-class space:       40.00 MB reserved,      31.62 MB ( 79%) committed,  5 nodes.
      Class space:        1.00 GB reserved,       4.81 MB ( <1%) committed,  1 nodes.
             Both:        1.04 GB reserved,      36.44 MB (  3%) committed. 

Chunk freelists:
   Non-Class:  3.94 MB
       Class:  3.01 MB
        Both:  6.95 MB

MaxMetaspaceSize: unlimited
CompressedClassSpaceSize: 1.00 GB
Initial GC threshold: 21.00 MB
Current GC threshold: 59.19 MB
CDS: off
MetaspaceReclaimPolicy: balanced
 - commit_granule_bytes: 65536.
 - commit_granule_words: 8192.
 - virtual_space_node_default_size: 1048576.
 - enlarge_chunks_in_place: 1.
 - new_chunks_are_fully_committed: 0.
 - uncommit_free_chunks: 1.
 - use_allocation_guard: 0.
 - handle_deallocations: 1.


Internal statistics:

num_allocs_failed_limit: 8.
num_arena_births: 344.
num_arena_deaths: 0.
num_vsnodes_births: 6.
num_vsnodes_deaths: 0.
num_space_committed: 583.
num_space_uncommitted: 0.
num_chunks_returned_to_freelist: 8.
num_chunks_taken_from_freelist: 1416.
num_chunk_merges: 8.
num_chunk_splits: 978.
num_chunks_enlarged: 759.
num_purges: 0.
num_inconsistent_stats: 0.

CodeCache: size=49152Kb used=8101Kb max_used=8101Kb free=41050Kb
 bounds [0x000002ef06240000, 0x000002ef06a30000, 0x000002ef09240000]
 total_blobs=4296 nmethods=3769 adapters=453
 compilation: enabled
              stopped_count=0, restarted_count=0
 full_count=0

Compilation events (20 events):
Event: 3.883 Thread 0x000002ef11a91210 nmethod 3757 0x000002ef06a22f90 code [0x000002ef06a23180, 0x000002ef06a23518]
Event: 3.883 Thread 0x000002ef11a91210 3763       1       io.github.classgraph.Classfile::readBasicClassInfo (339 bytes)
Event: 3.883 Thread 0x000002ef118848e0 nmethod 3760 0x000002ef06a23790 code [0x000002ef06a23980, 0x000002ef06a23ea8]
Event: 3.883 Thread 0x000002ef118848e0 3769  s!   1       jdk.internal.loader.URLClassPath::getLoader (196 bytes)
Event: 3.884 Thread 0x000002ef118848e0 nmethod 3769 0x000002ef06a24190 code [0x000002ef06a24440, 0x000002ef06a24e58]
Event: 3.884 Thread 0x000002ef118848e0 3768   !   1       jdk.internal.reflect.GeneratedMethodAccessor28::invoke (67 bytes)
Event: 3.885 Thread 0x000002ef11a91210 nmethod 3763 0x000002ef06a25790 code [0x000002ef06a25b00, 0x000002ef06a26928]
Event: 3.885 Thread 0x000002ef11a91210 3766   !   1       nonapi.io.github.classgraph.fileslice.reader.ClassfileReader::close (43 bytes)
Event: 3.885 Thread 0x000002ef118848e0 nmethod 3768 0x000002ef06a27190 code [0x000002ef06a27380, 0x000002ef06a277b8]
Event: 3.885 Thread 0x000002ef11a91210 nmethod 3766 0x000002ef06a27a90 code [0x000002ef06a27c40, 0x000002ef06a27e18]
Event: 3.885 Thread 0x000002ef118848e0 3761       1       nonapi.io.github.classgraph.utils.ProxyingInputStream::<init> (10 bytes)
Event: 3.885 Thread 0x000002ef11a91210 3765       1       io.github.classgraph.ClasspathElementModule$1$1::<init> (16 bytes)
Event: 3.885 Thread 0x000002ef118848e0 nmethod 3761 0x000002ef06a27f10 code [0x000002ef06a280a0, 0x000002ef06a281b8]
Event: 3.885 Thread 0x000002ef118848e0 3762       1       nonapi.io.github.classgraph.fileslice.reader.ClassfileReader::<init> (29 bytes)
Event: 3.885 Thread 0x000002ef11a91210 nmethod 3765 0x000002ef06a28290 code [0x000002ef06a28420, 0x000002ef06a285f8]
Event: 3.885 Thread 0x000002ef11a91210 3735       1       jdk.internal.jimage.ImageReader::findLocation (14 bytes)
Event: 3.885 Thread 0x000002ef118848e0 nmethod 3762 0x000002ef06a28690 code [0x000002ef06a28820, 0x000002ef06a28a98]
Event: 3.885 Thread 0x000002ef118848e0 3744       1       sun.util.calendar.CalendarDate::setNormalized (6 bytes)
Event: 3.885 Thread 0x000002ef11a91210 nmethod 3735 0x000002ef06a28b90 code [0x000002ef06a28d40, 0x000002ef06a28ed8]
Event: 3.885 Thread 0x000002ef118848e0 nmethod 3744 0x000002ef06a29010 code [0x000002ef06a291a0, 0x000002ef06a29278]

GC Heap History (20 events):
Event: 2.931 GC heap after
{Heap after GC invocations=8 (full 0):
 garbage-first heap   total 48128K, used 16185K [0x0000000084000000, 0x0000000100000000)
  region size 1024K, 2 young (2048K), 2 survivors (2048K)
 Metaspace       used 32004K, committed 32320K, reserved 1081344K
  class space    used 4046K, committed 4160K, reserved 1048576K
}
Event: 3.033 GC heap before
{Heap before GC invocations=8 (full 0):
 garbage-first heap   total 48128K, used 32569K [0x0000000084000000, 0x0000000100000000)
  region size 1024K, 19 young (19456K), 2 survivors (2048K)
 Metaspace       used 33186K, committed 33472K, reserved 1081344K
  class space    used 4209K, committed 4352K, reserved 1048576K
}
Event: 3.038 GC heap after
{Heap after GC invocations=9 (full 0):
 garbage-first heap   total 70656K, used 19535K [0x0000000084000000, 0x0000000100000000)
  region size 1024K, 3 young (3072K), 3 survivors (3072K)
 Metaspace       used 33186K, committed 33472K, reserved 1081344K
  class space    used 4209K, committed 4352K, reserved 1048576K
}
Event: 3.138 GC heap before
{Heap before GC invocations=9 (full 0):
 garbage-first heap   total 70656K, used 48207K [0x0000000084000000, 0x0000000100000000)
  region size 1024K, 32 young (32768K), 3 survivors (3072K)
 Metaspace       used 33330K, committed 33600K, reserved 1081344K
  class space    used 4235K, committed 4352K, reserved 1048576K
}
Event: 3.143 GC heap after
{Heap after GC invocations=10 (full 0):
 garbage-first heap   total 70656K, used 24790K [0x0000000084000000, 0x0000000100000000)
  region size 1024K, 4 young (4096K), 4 survivors (4096K)
 Metaspace       used 33330K, committed 33600K, reserved 1081344K
  class space    used 4235K, committed 4352K, reserved 1048576K
}
Event: 3.215 GC heap before
{Heap before GC invocations=10 (full 0):
 garbage-first heap   total 70656K, used 49366K [0x0000000084000000, 0x0000000100000000)
  region size 1024K, 28 young (28672K), 4 survivors (4096K)
 Metaspace       used 33940K, committed 34240K, reserved 1081344K
  class space    used 4328K, committed 4480K, reserved 1048576K
}
Event: 3.220 GC heap after
{Heap after GC invocations=11 (full 0):
 garbage-first heap   total 70656K, used 29363K [0x0000000084000000, 0x0000000100000000)
  region size 1024K, 4 young (4096K), 4 survivors (4096K)
 Metaspace       used 33940K, committed 34240K, reserved 1081344K
  class space    used 4328K, committed 4480K, reserved 1048576K
}
Event: 3.266 GC heap before
{Heap before GC invocations=11 (full 0):
 garbage-first heap   total 70656K, used 50867K [0x0000000084000000, 0x0000000100000000)
  region size 1024K, 26 young (26624K), 4 survivors (4096K)
 Metaspace       used 34257K, committed 34560K, reserved 1081344K
  class space    used 4370K, committed 4544K, reserved 1048576K
}
Event: 3.270 GC heap after
{Heap after GC invocations=12 (full 0):
 garbage-first heap   total 70656K, used 33498K [0x0000000084000000, 0x0000000100000000)
  region size 1024K, 4 young (4096K), 4 survivors (4096K)
 Metaspace       used 34257K, committed 34560K, reserved 1081344K
  class space    used 4370K, committed 4544K, reserved 1048576K
}
Event: 3.301 GC heap before
{Heap before GC invocations=12 (full 0):
 garbage-first heap   total 70656K, used 52954K [0x0000000084000000, 0x0000000100000000)
  region size 1024K, 23 young (23552K), 4 survivors (4096K)
 Metaspace       used 34389K, committed 34688K, reserved 1081344K
  class space    used 4389K, committed 4544K, reserved 1048576K
}
Event: 3.309 GC heap after
{Heap after GC invocations=13 (full 0):
 garbage-first heap   total 115712K, used 39497K [0x0000000084000000, 0x0000000100000000)
  region size 1024K, 3 young (3072K), 3 survivors (3072K)
 Metaspace       used 34389K, committed 34688K, reserved 1081344K
  class space    used 4389K, committed 4544K, reserved 1048576K
}
Event: 3.533 GC heap before
{Heap before GC invocations=13 (full 0):
 garbage-first heap   total 115712K, used 72265K [0x0000000084000000, 0x0000000100000000)
  region size 1024K, 37 young (37888K), 3 survivors (3072K)
 Metaspace       used 35780K, committed 36096K, reserved 1081344K
  class space    used 4638K, committed 4800K, reserved 1048576K
}
Event: 3.542 GC heap after
{Heap after GC invocations=14 (full 0):
 garbage-first heap   total 115712K, used 46226K [0x0000000084000000, 0x0000000100000000)
  region size 1024K, 6 young (6144K), 6 survivors (6144K)
 Metaspace       used 35780K, committed 36096K, reserved 1081344K
  class space    used 4638K, committed 4800K, reserved 1048576K
}
Event: 3.788 GC heap before
{Heap before GC invocations=15 (full 0):
 garbage-first heap   total 115712K, used 81042K [0x0000000084000000, 0x0000000100000000)
  region size 1024K, 39 young (39936K), 6 survivors (6144K)
 Metaspace       used 36669K, committed 36992K, reserved 1081344K
  class space    used 4749K, committed 4928K, reserved 1048576K
}
Event: 3.808 GC heap after
{Heap after GC invocations=16 (full 0):
 garbage-first heap   total 115712K, used 61380K [0x0000000084000000, 0x0000000100000000)
  region size 1024K, 5 young (5120K), 5 survivors (5120K)
 Metaspace       used 36669K, committed 36992K, reserved 1081344K
  class space    used 4749K, committed 4928K, reserved 1048576K
}
Event: 3.842 GC heap before
{Heap before GC invocations=16 (full 0):
 garbage-first heap   total 115712K, used 82884K [0x0000000084000000, 0x0000000100000000)
  region size 1024K, 27 young (27648K), 5 survivors (5120K)
 Metaspace       used 36886K, committed 37184K, reserved 1081344K
  class space    used 4766K, committed 4928K, reserved 1048576K
}
Event: 3.852 GC heap after
{Heap after GC invocations=17 (full 0):
 garbage-first heap   total 115712K, used 65148K [0x0000000084000000, 0x0000000100000000)
  region size 1024K, 3 young (3072K), 3 survivors (3072K)
 Metaspace       used 36886K, committed 37184K, reserved 1081344K
  class space    used 4766K, committed 4928K, reserved 1048576K
}
Event: 3.870 GC heap before
{Heap before GC invocations=17 (full 0):
 garbage-first heap   total 115712K, used 85628K [0x0000000084000000, 0x0000000100000000)
  region size 1024K, 24 young (24576K), 3 survivors (3072K)
 Metaspace       used 36912K, committed 37248K, reserved 1081344K
  class space    used 4768K, committed 4928K, reserved 1048576K
}
Event: 3.878 GC heap after
{Heap after GC invocations=18 (full 0):
 garbage-first heap   total 115712K, used 66243K [0x0000000084000000, 0x0000000100000000)
  region size 1024K, 2 young (2048K), 2 survivors (2048K)
 Metaspace       used 36912K, committed 37248K, reserved 1081344K
  class space    used 4768K, committed 4928K, reserved 1048576K
}
Event: 3.892 GC heap before
{Heap before GC invocations=18 (full 0):
 garbage-first heap   total 115712K, used 86723K [0x0000000084000000, 0x0000000100000000)
  region size 1024K, 23 young (23552K), 2 survivors (2048K)
 Metaspace       used 37028K, committed 37312K, reserved 1089536K
  class space    used 4783K, committed 4928K, reserved 1048576K
}

Deoptimization events (10 events):
Event: 1.568 Thread 0x000002ef01b17150 DEOPT PACKING pc=0x000002ef06683199 sp=0x000000f49f7fd6f0
Event: 1.568 Thread 0x000002ef01b17150 DEOPT UNPACKING pc=0x000002ef06296763 sp=0x000000f49f7fcbd0 mode 3
Event: 2.970 Thread 0x000002ef13811f20 DEOPT PACKING pc=0x000002ef0683ebab sp=0x000000f4a13fea20
Event: 2.970 Thread 0x000002ef13811f20 DEOPT UNPACKING pc=0x000002ef06296763 sp=0x000000f4a13fdf68 mode 3
Event: 3.146 Thread 0x000002ef139bf410 DEOPT PACKING pc=0x000002ef06685a01 sp=0x000000f4a1fff150
Event: 3.146 Thread 0x000002ef139bf410 DEOPT UNPACKING pc=0x000002ef06296763 sp=0x000000f4a1ffe5e0 mode 3
Event: 3.146 Thread 0x000002ef139b7cb0 DEOPT PACKING pc=0x000002ef0667fe17 sp=0x000000f4a18ff3d0
Event: 3.146 Thread 0x000002ef139b7cb0 DEOPT UNPACKING pc=0x000002ef06296763 sp=0x000000f4a18fe828 mode 3
Event: 3.422 Thread 0x000002ef139c0280 DEOPT PACKING pc=0x000002ef069ae9b5 sp=0x000000f4a25fd480
Event: 3.422 Thread 0x000002ef139c0280 DEOPT UNPACKING pc=0x000002ef06296763 sp=0x000000f4a25fc998 mode 3

Classes unloaded (0 events):
No events

Classes redefined (0 events):
No events

Internal exceptions (20 events):
Event: 2.999 Thread 0x000002ef139b62e0 Exception <a 'sun/nio/fs/WindowsException'{0x000000008a5a4ea8}> (0x000000008a5a4ea8) 
thrown [s\src\hotspot\share\prims\jni.cpp, line 516]
Event: 3.000 Thread 0x000002ef139b62e0 Exception <a 'sun/nio/fs/WindowsException'{0x000000008a5a5278}> (0x000000008a5a5278) 
thrown [s\src\hotspot\share\prims\jni.cpp, line 516]
Event: 3.000 Thread 0x000002ef139b62e0 Exception <a 'sun/nio/fs/WindowsException'{0x000000008a5a5c78}> (0x000000008a5a5c78) 
thrown [s\src\hotspot\share\prims\jni.cpp, line 516]
Event: 3.000 Thread 0x000002ef139b62e0 Exception <a 'sun/nio/fs/WindowsException'{0x000000008a5a6038}> (0x000000008a5a6038) 
thrown [s\src\hotspot\share\prims\jni.cpp, line 516]
Event: 3.000 Thread 0x000002ef139b62e0 Exception <a 'sun/nio/fs/WindowsException'{0x000000008a5a6a40}> (0x000000008a5a6a40) 
thrown [s\src\hotspot\share\prims\jni.cpp, line 516]
Event: 3.000 Thread 0x000002ef139b62e0 Exception <a 'sun/nio/fs/WindowsException'{0x000000008a5a6e10}> (0x000000008a5a6e10) 
thrown [s\src\hotspot\share\prims\jni.cpp, line 516]
Event: 3.000 Thread 0x000002ef139b62e0 Exception <a 'sun/nio/fs/WindowsException'{0x000000008a5a7838}> (0x000000008a5a7838) 
thrown [s\src\hotspot\share\prims\jni.cpp, line 516]
Event: 3.000 Thread 0x000002ef139b62e0 Exception <a 'sun/nio/fs/WindowsException'{0x000000008a5a7c28}> (0x000000008a5a7c28) 
thrown [s\src\hotspot\share\prims\jni.cpp, line 516]
Event: 3.000 Thread 0x000002ef139b62e0 Exception <a 'sun/nio/fs/WindowsException'{0x000000008a5a8660}> (0x000000008a5a8660) 
thrown [s\src\hotspot\share\prims\jni.cpp, line 516]
Event: 3.000 Thread 0x000002ef139b62e0 Exception <a 'sun/nio/fs/WindowsException'{0x000000008a5a8a68}> (0x000000008a5a8a68) 
thrown [s\src\hotspot\share\prims\jni.cpp, line 516]
Event: 3.001 Thread 0x000002ef139b62e0 Exception <a 'sun/nio/fs/WindowsException'{0x000000008a5a9498}> (0x000000008a5a9498) 
thrown [s\src\hotspot\share\prims\jni.cpp, line 516]
Event: 3.001 Thread 0x000002ef139b62e0 Exception <a 'sun/nio/fs/WindowsException'{0x000000008a5a9898}> (0x000000008a5a9898) 
thrown [s\src\hotspot\share\prims\jni.cpp, line 516]
Event: 3.048 Thread 0x000002ef01b17150 Exception <a 'java/lang/NoSuchMethodError'{0x000000008bbc0288}: 'java.lang.Object java.lang.invoke.DirectMethodHandle$Holder.newInvokeSpecial(java.lang.Object, java.lang.Object, int, java.lang.Object, java.lang.Object)'> (0x000000008bbc0288) 
thrown [s\src\hotspot\share\interpreter\linkResolver.cpp, line 759]
Event: 3.053 Thread 0x000002ef01b17150 Exception <a 'java/lang/NoSuchMethodError'{0x000000008bbd22b8}: 'java.lang.Object java.lang.invoke.DirectMethodHandle$Holder.invokeSpecial(java.lang.Object, java.lang.Object, int, java.lang.Object, int, java.lang.Object)'> (0x000000008bbd22b8) 
thrown [s\src\hotspot\share\interpreter\linkResolver.cpp, line 759]
Event: 3.054 Thread 0x000002ef01b17150 Exception <a 'java/lang/NoSuchMethodError'{0x000000008bbda0b8}: 'java.lang.Object java.lang.invoke.DirectMethodHandle$Holder.newInvokeSpecial(java.lang.Object, java.lang.Object, int, java.lang.Object, int)'> (0x000000008bbda0b8) 
thrown [s\src\hotspot\share\interpreter\linkResolver.cpp, line 759]
Event: 3.054 Thread 0x000002ef01b17150 Exception <a 'java/lang/NoSuchMethodError'{0x000000008bbde1b8}: 'java.lang.Object java.lang.invoke.DirectMethodHandle$Holder.invokeSpecial(java.lang.Object, java.lang.Object, java.lang.Object, int, java.lang.Object, int)'> (0x000000008bbde1b8) 
thrown [s\src\hotspot\share\interpreter\linkResolver.cpp, line 759]
Event: 3.419 Thread 0x000002ef139c0280 Exception <a 'java/lang/NoSuchMethodError'{0x00000000896a3f00}: 'java.lang.Object java.lang.invoke.DirectMethodHandle$Holder.invokeStatic(java.lang.Object, int, java.lang.Object)'> (0x00000000896a3f00) 
thrown [s\src\hotspot\share\interpreter\linkResolver.cpp, line 759]
Event: 3.512 Thread 0x000002ef139bef40 Exception <a 'java/lang/NoSuchMethodError'{0x000000008900efc8}: 'java.lang.Object java.lang.invoke.DirectMethodHandle$Holder.invokeStatic(java.lang.Object, java.lang.Object, java.lang.Object, int, java.lang.Object, java.lang.Object)'> (0x000000008900efc8) 
thrown [s\src\hotspot\share\interpreter\linkResolver.cpp, line 759]
Event: 3.533 Thread 0x000002ef139c0280 Exception <a 'java/lang/NoSuchMethodError'{0x0000000088f859c0}: 'int java.lang.invoke.DirectMethodHandle$Holder.invokeStatic(java.lang.Object)'> (0x0000000088f859c0) 
thrown [s\src\hotspot\share\interpreter\linkResolver.cpp, line 759]
Event: 3.543 Thread 0x000002ef139c0280 Exception <a 'java/lang/NoSuchMethodError'{0x000000008bb0c2b8}: 'int java.lang.invoke.DirectMethodHandle$Holder.invokeStaticInit(java.lang.Object)'> (0x000000008bb0c2b8) 
thrown [s\src\hotspot\share\interpreter\linkResolver.cpp, line 759]

VM Operations (20 events):
Event: 3.581 Executing VM operation: G1Concurrent done
Event: 3.596 Executing VM operation: G1Concurrent
Event: 3.596 Executing VM operation: G1Concurrent done
Event: 3.667 Executing VM operation: HandshakeAllThreads
Event: 3.668 Executing VM operation: HandshakeAllThreads done
Event: 3.788 Executing VM operation: G1CollectForAllocation
Event: 3.808 Executing VM operation: G1CollectForAllocation done
Event: 3.841 Executing VM operation: G1CollectForAllocation
Event: 3.842 Executing VM operation: G1CollectForAllocation done
Event: 3.842 Executing VM operation: G1CollectForAllocation
Event: 3.853 Executing VM operation: G1CollectForAllocation done
Event: 3.865 Executing VM operation: HandshakeAllThreads
Event: 3.869 Executing VM operation: HandshakeAllThreads done
Event: 3.869 Executing VM operation: G1CollectForAllocation
Event: 3.878 Executing VM operation: G1CollectForAllocation done
Event: 3.879 Executing VM operation: HandshakeAllThreads
Event: 3.880 Executing VM operation: HandshakeAllThreads done
Event: 3.892 Executing VM operation: G1CollectForAllocation
Event: 3.892 Executing VM operation: G1CollectForAllocation done
Event: 3.892 Executing VM operation: G1CollectForAllocation

Events (20 events):
Event: 3.574 loading class java/util/concurrent/ConcurrentHashMap$ValueSpliterator done
Event: 3.584 loading class java/util/concurrent/CompletableFuture$UniApply
Event: 3.584 loading class java/util/concurrent/CompletableFuture$UniApply done
Event: 3.585 Thread 0x000002ef15a32e60 Thread added: 0x000002ef15a32e60
Event: 3.585 loading class java/util/concurrent/CompletableFuture$UniExceptionally
Event: 3.585 loading class java/util/concurrent/CompletableFuture$UniExceptionally done
Event: 3.586 loading class java/util/concurrent/CompletableFuture$Signaller
Event: 3.586 loading class java/util/concurrent/CompletableFuture$Signaller done
Event: 3.663 Thread 0x000002ef15a31ff0 Thread added: 0x000002ef15a31ff0
Event: 3.686 loading class java/util/concurrent/CompletableFuture$UniCompose
Event: 3.686 loading class java/util/concurrent/CompletableFuture$UniCompose done
Event: 3.686 loading class jdk/internal/vm/annotation/ForceInline
Event: 3.686 loading class jdk/internal/vm/annotation/ForceInline done
Event: 3.709 loading class java/util/stream/Nodes$SpinedNodeBuilder
Event: 3.709 loading class java/util/stream/Nodes$SpinedNodeBuilder done
Event: 3.860 Thread 0x000002ef15a354e0 Thread added: 0x000002ef15a354e0
Event: 3.883 loading class java/util/zip/GZIPOutputStream
Event: 3.883 loading class java/util/zip/DeflaterOutputStream
Event: 3.884 loading class java/util/zip/DeflaterOutputStream done
Event: 3.884 loading class java/util/zip/GZIPOutputStream done


Dynamic libraries:
0x00007ff609bd0000 - 0x00007ff609bde000 	c:\Users\00787701\.vscode\extensions\redhat.java-1.11.0-win32-x64\jre\17.0.4.1-win32-x86_64\bin\java.exe
0x00007ff871cd0000 - 0x00007ff871ec8000 	C:\Windows\SYSTEM32\ntdll.dll
0x00007ff871a30000 - 0x00007ff871aed000 	C:\Windows\System32\KERNEL32.DLL
0x00007ff871750000 - 0x00007ff871a22000 	C:\Windows\System32\KERNELBASE.dll
0x0000000077470000 - 0x00000000774ab000 	C:\Windows\System32\cyinjct.dll
0x00007ff8715d0000 - 0x00007ff8715dc000 	C:\Windows\System32\ntnativeapi.dll
0x00007ff852220000 - 0x00007ff852238000 	c:\Users\00787701\.vscode\extensions\redhat.java-1.11.0-win32-x64\jre\17.0.4.1-win32-x86_64\bin\jli.dll
0x000002ef017b0000 - 0x000002ef0194d000 	C:\Windows\System32\USER32.dll
0x00007ff86f570000 - 0x00007ff86f592000 	C:\Windows\System32\win32u.dll
0x00007ff86fc20000 - 0x00007ff86fc4b000 	C:\Windows\System32\GDI32.dll
0x00007ff86f7d0000 - 0x00007ff86f8df000 	C:\Windows\System32\gdi32full.dll
0x00007ff86f2c0000 - 0x00007ff86f35d000 	C:\Windows\System32\msvcp_win.dll
0x000002ef01950000 - 0x000002ef01a50000 	C:\Windows\System32\ucrtbase.dll
0x00007ff852200000 - 0x00007ff852219000 	c:\Users\00787701\.vscode\extensions\redhat.java-1.11.0-win32-x64\jre\17.0.4.1-win32-x86_64\bin\VCRUNTIME140.dll
0x00007ff8597f0000 - 0x00007ff859a8a000 	C:\Windows\WinSxS\amd64_microsoft.windows.common-controls_6595b64144ccf1df_6.0.19041.1110_none_60b5254171f9507e\COMCTL32.dll
0x00007ff86ffc0000 - 0x00007ff87005e000 	C:\Windows\System32\msvcrt.dll
0x00007ff8715b0000 - 0x00007ff8715ce000 	C:\Windows\System32\cyvera.dll
0x00007ff871540000 - 0x00007ff8715a8000 	C:\Windows\System32\cyvrtrap.dll
0x00007ff86fa10000 - 0x00007ff86fa40000 	C:\Windows\System32\IMM32.DLL
0x00007ff8521f0000 - 0x00007ff8521fc000 	c:\Users\00787701\.vscode\extensions\redhat.java-1.11.0-win32-x64\jre\17.0.4.1-win32-x86_64\bin\vcruntime140_1.dll
0x00007ff852150000 - 0x00007ff8521e1000 	c:\Users\00787701\.vscode\extensions\redhat.java-1.11.0-win32-x64\jre\17.0.4.1-win32-x86_64\bin\msvcp140.dll
0x00007ffff71d0000 - 0x00007ffff7e16000 	c:\Users\00787701\.vscode\extensions\redhat.java-1.11.0-win32-x64\jre\17.0.4.1-win32-x86_64\bin\server\jvm.dll
0x00007ff86fa40000 - 0x00007ff86faee000 	C:\Windows\System32\ADVAPI32.dll
0x00007ff870ba0000 - 0x00007ff870c3c000 	C:\Windows\System32\sechost.dll
0x00007ff871620000 - 0x00007ff871745000 	C:\Windows\System32\RPCRT4.dll
0x00007ff86ffb0000 - 0x00007ff86ffb8000 	C:\Windows\System32\PSAPI.DLL
0x00007ff851810000 - 0x00007ff851819000 	C:\Windows\SYSTEM32\WSOCK32.dll
0x00007ff870060000 - 0x00007ff8700cb000 	C:\Windows\System32\WS2_32.dll
0x00007ff853470000 - 0x00007ff853497000 	C:\Windows\SYSTEM32\WINMM.dll
0x00007ff865050000 - 0x00007ff86505a000 	C:\Windows\SYSTEM32\VERSION.dll
0x00007ff86dd60000 - 0x00007ff86dd72000 	C:\Windows\SYSTEM32\kernel.appcore.dll
0x00007ff852140000 - 0x00007ff85214a000 	c:\Users\00787701\.vscode\extensions\redhat.java-1.11.0-win32-x64\jre\17.0.4.1-win32-x86_64\bin\jimage.dll
0x00007ff86d560000 - 0x00007ff86d744000 	C:\Windows\SYSTEM32\DBGHELP.DLL
0x00007ff8534a0000 - 0x00007ff8534cc000 	C:\Windows\SYSTEM32\dbgcore.DLL
0x00007ff86f640000 - 0x00007ff86f6c2000 	C:\Windows\System32\bcryptPrimitives.dll
0x00007ff871500000 - 0x00007ff871537000 	C:\Program Files\Palo Alto Networks\Traps\cyjagent.dll
0x00007ff852100000 - 0x00007ff852125000 	c:\Users\00787701\.vscode\extensions\redhat.java-1.11.0-win32-x64\jre\17.0.4.1-win32-x86_64\bin\java.dll
0x00007ff8520e0000 - 0x00007ff8520f8000 	c:\Users\00787701\.vscode\extensions\redhat.java-1.11.0-win32-x64\jre\17.0.4.1-win32-x86_64\bin\zip.dll
0x00007ff8702c0000 - 0x00007ff870a03000 	C:\Windows\System32\SHELL32.dll
0x00007ff86cc10000 - 0x00007ff86d3a1000 	C:\Windows\SYSTEM32\windows.storage.dll
0x00007ff86fc50000 - 0x00007ff86ffa4000 	C:\Windows\System32\combase.dll
0x00007ff86ed20000 - 0x00007ff86ed50000 	C:\Windows\SYSTEM32\Wldp.dll
0x00007ff870210000 - 0x00007ff8702bd000 	C:\Windows\System32\SHCORE.dll
0x00007ff8700d0000 - 0x00007ff870125000 	C:\Windows\System32\shlwapi.dll
0x00007ff86f200000 - 0x00007ff86f21f000 	C:\Windows\SYSTEM32\profapi.dll
0x00007ff8520c0000 - 0x00007ff8520d9000 	C:\Users\00787701\.vscode\extensions\redhat.java-1.11.0-win32-x64\jre\17.0.4.1-win32-x86_64\bin\net.dll
0x00007ff86e2b0000 - 0x00007ff86e3bd000 	C:\Windows\SYSTEM32\WINHTTP.dll
0x00007ff86ea80000 - 0x00007ff86eaea000 	C:\Windows\system32\mswsock.dll
0x00007ff8520a0000 - 0x00007ff8520b5000 	C:\Users\00787701\.vscode\extensions\redhat.java-1.11.0-win32-x64\jre\17.0.4.1-win32-x86_64\bin\nio.dll
0x00007ff852090000 - 0x00007ff8520a0000 	c:\Users\00787701\.vscode\extensions\redhat.java-1.11.0-win32-x64\jre\17.0.4.1-win32-x86_64\bin\verify.dll
0x00007ff862d20000 - 0x00007ff862d29000 	C:\Users\00787701\.vscode\extensions\redhat.java-1.11.0-win32-x64\jre\17.0.4.1-win32-x86_64\bin\management.dll
0x00007ff862d10000 - 0x00007ff862d1b000 	C:\Users\00787701\.vscode\extensions\redhat.java-1.11.0-win32-x64\jre\17.0.4.1-win32-x86_64\bin\management_ext.dll
0x00007ff847fd0000 - 0x00007ff847fe7000 	C:\Windows\system32\napinsp.dll
0x00007ff848370000 - 0x00007ff84838b000 	C:\Windows\system32\pnrpnsp.dll
0x00007ff848390000 - 0x00007ff8483a5000 	C:\Windows\system32\wshbth.dll
0x00007ff866aa0000 - 0x00007ff866abd000 	C:\Windows\system32\NLAapi.dll
0x00007ff86e720000 - 0x00007ff86e75b000 	C:\Windows\SYSTEM32\IPHLPAPI.DLL
0x00007ff86e770000 - 0x00007ff86e83a000 	C:\Windows\SYSTEM32\DNSAPI.dll
0x00007ff86fa00000 - 0x00007ff86fa08000 	C:\Windows\System32\NSI.dll
0x00007ff847ff0000 - 0x00007ff848002000 	C:\Windows\System32\winrnr.dll
0x00007ff862ce0000 - 0x00007ff862cea000 	C:\Windows\System32\rasadhlp.dll
0x00007ff866770000 - 0x00007ff8667f0000 	C:\Windows\System32\fwpuclnt.dll
0x00007ff86f5a0000 - 0x00007ff86f5c7000 	C:\Windows\System32\bcrypt.dll
0x00007ff86ec70000 - 0x00007ff86ec88000 	C:\Windows\SYSTEM32\CRYPTSP.dll
0x00007ff86e220000 - 0x00007ff86e254000 	C:\Windows\system32\rsaenh.dll
0x00007ff86f180000 - 0x00007ff86f1ae000 	C:\Windows\SYSTEM32\USERENV.dll
0x00007ff86ec90000 - 0x00007ff86ec9c000 	C:\Windows\SYSTEM32\CRYPTBASE.dll
0x00007ff865ef0000 - 0x00007ff865f07000 	C:\Windows\SYSTEM32\dhcpcsvc6.DLL
0x00007ff865e60000 - 0x00007ff865e7d000 	C:\Windows\SYSTEM32\dhcpcsvc.DLL

dbghelp: loaded successfully - version: 4.0.5 - missing functions: none
symbol engine: initialized successfully - sym options: 0x614 - pdb path: .;c:\Users\00787701\.vscode\extensions\redhat.java-1.11.0-win32-x64\jre\17.0.4.1-win32-x86_64\bin;C:\Windows\SYSTEM32;C:\Windows\WinSxS\amd64_microsoft.windows.common-controls_6595b64144ccf1df_6.0.19041.1110_none_60b5254171f9507e;c:\Users\00787701\.vscode\extensions\redhat.java-1.11.0-win32-x64\jre\17.0.4.1-win32-x86_64\bin\server;C:\Program Files\Palo Alto Networks\Traps

VM Arguments:
jvm_args: -Dsts.lsp.client=vscode -Dsts.log.file=/dev/null -XX:TieredStopAtLevel=1 -Xlog:jni+resolve=off -Dspring.config.location=file:c:\Users\00787701\.vscode\extensions\pivotal.vscode-spring-boot-1.39.0\language-server\BOOT-INF\classes\application.properties -agentpath:C:\Program Files\Palo Alto Networks\Traps\cyjagent.dll 
java_command: org.springframework.ide.vscode.boot.app.BootLanguageServerBootApp
java_class_path (initial): c:\Users\00787701\.vscode\extensions\pivotal.vscode-spring-boot-1.39.0\language-server\BOOT-INF\classes;c:\Users\00787701\.vscode\extensions\pivotal.vscode-spring-boot-1.39.0\language-server\BOOT-INF\lib\annotations-23.0.0.jar;c:\Users\00787701\.vscode\extensions\pivotal.vscode-spring-boot-1.39.0\language-server\BOOT-INF\lib\antlr-runtime-3.5.2.jar;c:\Users\00787701\.vscode\extensions\pivotal.vscode-spring-boot-1.39.0\language-server\BOOT-INF\lib\antlr4-4.9.3.jar;c:\Users\00787701\.vscode\extensions\pivotal.vscode-spring-boot-1.39.0\language-server\BOOT-INF\lib\antlr4-runtime-4.9.3.jar;c:\Users\00787701\.vscode\extensions\pivotal.vscode-spring-boot-1.39.0\language-server\BOOT-INF\lib\asm-9.3.jar;c:\Users\00787701\.vscode\extensions\pivotal.vscode-spring-boot-1.39.0\language-server\BOOT-INF\lib\asm-analysis-9.3.jar;c:\Users\00787701\.vscode\extensions\pivotal.vscode-spring-boot-1.39.0\language-server\BOOT-INF\lib\asm-tree-9.3.jar;c:\Users\00787701\.vscode\extensions\pivotal.vscode-spring-boot-1.39.0\language-server\BOOT-INF\lib\asm-util-9.3.jar;c:\Users\00787701\.vscode\extensions\pivotal.vscode-spring-boot-1.39.0\language-server\BOOT-INF\lib\byte-buddy-1.12.13.jar;c:\Users\00787701\.vscode\extensions\pivotal.vscode-spring-boot-1.39.0\language-server\BOOT-INF\lib\caffeine-2.9.3.jar;c:\Users\00787701\.vscode\extensions\pivotal.vscode-spring-boot-1.39.0\language-server\BOOT-INF\lib\checker-qual-3.12.0.jar;c:\Users\00787701\.vscode\extensions\pivotal.vscode-spring-boot-1.39.0\language-server\BOOT-INF\lib\classgraph-4.8.149.jar;c:\Users\00787701\.vscode\extensions\pivotal.vscode-spring-boot-1.39.0\language-server\BOOT-INF\lib\commons-codec-1.15.jar;c:\Users\00787701\.vscode\extensions\pivotal.vscode-spring-boot-1.39.0\language-server\BOOT-INF\lib\commons-compress-1.21.jar;c:\Users\00787701\.vscode\extensions\pivotal.vscode-spring-boot-1.39.0\language-server\BOOT-INF\lib\commons-exec-1.3.jar;c:\Users\00787701\.vscode\extensions\pivotal.vscode-
Launcher Type: SUN_STANDARD

[Global flags]
     intx CICompilerCount                          = 4                                         {product} {ergonomic}
     uint ConcGCThreads                            = 2                                         {product} {ergonomic}
     uint G1ConcRefinementThreads                  = 8                                         {product} {ergonomic}
   size_t G1HeapRegionSize                         = 1048576                                   {product} {ergonomic}
    uintx GCDrainStackTargetSize                   = 64                                        {product} {ergonomic}
   size_t InitialHeapSize                          = 130023424                                 {product} {ergonomic}
   size_t MarkStackSize                            = 4194304                                   {product} {ergonomic}
   size_t MaxHeapSize                              = 2080374784                                {product} {ergonomic}
   size_t MaxNewSize                               = 1247805440                                {product} {ergonomic}
   size_t MinHeapDeltaBytes                        = 1048576                                   {product} {ergonomic}
   size_t MinHeapSize                              = 8388608                                   {product} {ergonomic}
    uintx NonProfiledCodeHeapSize                  = 0                                      {pd product} {ergonomic}
     bool ProfileInterpreter                       = false                                  {pd product} {command line}
    uintx ProfiledCodeHeapSize                     = 0                                      {pd product} {ergonomic}
   size_t SoftMaxHeapSize                          = 2080374784                             {manageable} {ergonomic}
     intx TieredStopAtLevel                        = 1                                         {product} {command line}
     bool UseCompressedClassPointers               = true                           {product lp64_product} {ergonomic}
     bool UseCompressedOops                        = true                           {product lp64_product} {ergonomic}
     bool UseG1GC                                  = true                                      {product} {ergonomic}
     bool UseLargePagesIndividualAllocation        = false                                  {pd product} {ergonomic}

Logging:
Log output configuration:
 #0: stdout all=warning,jni+resolve=off uptime,level,tags
 #1: stderr all=off uptime,level,tags

Environment Variables:
JAVA_HOME=C:\Program Files\Java\jre1.8.0_291
PATH=C:\Program Files (x86)\Common Files\Oracle\Java\javapath;C:\Windows\system32;C:\Windows;C:\Windows\System32\Wbem;C:\Windows\System32\WindowsPowerShell\v1.0\;C:\Windows\System32\OpenSSH\;C:\Program Files (x86)\Microsoft SQL Server\80\Tools\Binn\;C:\Program Files\dotnet\;C:\Program Files\Git\cmd;C:\Users\00787701\AppData\Local\Microsoft\WindowsApps;C:\Users\00787701\AppData\Local\Programs\Microsoft VS Code\bin;C:\Program Files\Java\jre1.8.0_291\bin;C:\apache-maven-3.8.6\bin;
USERNAME=00787701
SHELL=C:\Program Files\Git\usr\bin\bash.exe
DISPLAY=needs-to-be-defined
LC_CTYPE=pt_BR.UTF-8
TERM=xterm
TMPDIR=C:\Users\00787701\AppData\Local\Temp
OS=Windows_NT
PROCESSOR_IDENTIFIER=Intel64 Family 6 Model 140 Stepping 1, GenuineIntel
TMP=C:\Users\00787701\AppData\Local\Temp
TEMP=C:\Users\00787701\AppData\Local\Temp



---------------  S Y S T E M  ---------------

OS:
 Windows 10 , 64 bit Build 19041 (10.0.19041.1889)
OS uptime: 0 days 6:46 hours

CPU: total 8 (initial active 8) (4 cores per cpu, 2 threads per core) family 6 model 140 stepping 1 microcode 0xa4, cx8, cmov, fxsr, ht, mmx, 3dnowpref, sse, sse2, sse3, ssse3, sse4.1, sse4.2, popcnt, lzcnt, tsc, tscinvbit, avx, avx2, aes, erms, clmul, bmi1, bmi2, adx, avx512f, avx512dq, avx512cd, avx512bw, avx512vl, sha, fma, vzeroupper, avx512_vpopcntdq, avx512_vpclmulqdq, avx512_vaes, avx512_vnni, clflush, clflushopt, clwb, avx512_vbmi2, avx512_vbmi

Memory: 4k page, system-wide physical 7934M (106M free)
TotalPageFile size 32510M (AvailPageFile size 17M)
current process WorkingSet (physical memory assigned to process): 212M, peak: 212M
current process commit charge ("private bytes"): 255M, peak: 266M

vm_info: OpenJDK 64-Bit Server VM (17.0.4.1+1) for windows-amd64 JRE (17.0.4.1+1), built on Aug 17 2022 07:42:43 by "temurin" with MS VC++ 16.7 (VS2019)

END.
